<?xml version="1.0" encoding="UTF-8"?>
<testsuite xmlns:xsi="http://www.w3.org/2001/XMLSchema-instance" xsi:noNamespaceSchemaLocation="https://maven.apache.org/surefire/maven-surefire-plugin/xsd/surefire-test-report-3.0.xsd" version="3.0" name="calculator.CalculationUtilsTest" time="1.142" tests="14" errors="0" skipped="0" failures="0">
  <properties>
    <property name="java.specification.version" value="18"/>
    <property name="sun.cpu.isalist" value="amd64"/>
    <property name="sun.jnu.encoding" value="Cp1251"/>
    <property name="java.class.path" value="C:\Users\kuzhe\IdeaProjects\Homework\target\test-classes;C:\Users\kuzhe\IdeaProjects\Homework\target\classes;C:\Users\kuzhe\.m2\repository\com\github\stefanbirkner\system-rules\1.19.0\system-rules-1.19.0.jar;C:\Users\kuzhe\.m2\repository\junit\junit\4.11-beta-1\junit-4.11-beta-1.jar;C:\Users\kuzhe\.m2\repository\org\hamcrest\hamcrest-core\1.3\hamcrest-core-1.3.jar;C:\Users\kuzhe\.m2\repository\org\mockito\mockito-core\4.3.1\mockito-core-4.3.1.jar;C:\Users\kuzhe\.m2\repository\net\bytebuddy\byte-buddy\1.12.7\byte-buddy-1.12.7.jar;C:\Users\kuzhe\.m2\repository\net\bytebuddy\byte-buddy-agent\1.12.7\byte-buddy-agent-1.12.7.jar;C:\Users\kuzhe\.m2\repository\org\objenesis\objenesis\3.2\objenesis-3.2.jar;C:\Users\kuzhe\.m2\repository\org\junit\jupiter\junit-jupiter-engine\5.9.0\junit-jupiter-engine-5.9.0.jar;C:\Users\kuzhe\.m2\repository\org\junit\platform\junit-platform-engine\1.9.0\junit-platform-engine-1.9.0.jar;C:\Users\kuzhe\.m2\repository\org\apiguardian\apiguardian-api\1.1.2\apiguardian-api-1.1.2.jar;C:\Users\kuzhe\.m2\repository\org\junit\jupiter\junit-jupiter-api\5.9.0\junit-jupiter-api-5.9.0.jar;C:\Users\kuzhe\.m2\repository\org\opentest4j\opentest4j\1.2.0\opentest4j-1.2.0.jar;C:\Users\kuzhe\.m2\repository\org\junit\platform\junit-platform-commons\1.9.0\junit-platform-commons-1.9.0.jar;C:\Users\kuzhe\.m2\repository\org\junit\jupiter\junit-jupiter-params\5.9.0\junit-jupiter-params-5.9.0.jar;C:\Users\kuzhe\.m2\repository\org\junit\platform\junit-platform-suite\1.9.0\junit-platform-suite-1.9.0.jar;C:\Users\kuzhe\.m2\repository\org\junit\platform\junit-platform-suite-api\1.9.0\junit-platform-suite-api-1.9.0.jar;C:\Users\kuzhe\.m2\repository\org\junit\platform\junit-platform-suite-engine\1.9.0\junit-platform-suite-engine-1.9.0.jar;C:\Users\kuzhe\.m2\repository\org\junit\platform\junit-platform-suite-commons\1.9.0\junit-platform-suite-commons-1.9.0.jar;C:\Users\kuzhe\.m2\repository\org\junit\platform\junit-platform-launcher\1.9.0\junit-platform-launcher-1.9.0.jar;C:\Users\kuzhe\.m2\repository\org\apache\maven\plugins\maven-surefire-report-plugin\3.0.0-M5\maven-surefire-report-plugin-3.0.0-M5.jar;C:\Users\kuzhe\.m2\repository\org\apache\maven\surefire\surefire-report-parser\3.0.0-M5\surefire-report-parser-3.0.0-M5.jar;C:\Users\kuzhe\.m2\repository\org\apache\maven\surefire\surefire-logger-api\3.0.0-M5\surefire-logger-api-3.0.0-M5.jar;C:\Users\kuzhe\.m2\repository\org\apache\maven\surefire\surefire-shared-utils\3.0.0-M4\surefire-shared-utils-3.0.0-M4.jar;C:\Users\kuzhe\.m2\repository\org\apache\maven\reporting\maven-reporting-api\3.0\maven-reporting-api-3.0.jar;C:\Users\kuzhe\.m2\repository\org\apache\maven\maven-plugin-api\3.0\maven-plugin-api-3.0.jar;C:\Users\kuzhe\.m2\repository\org\apache\maven\maven-model\3.0\maven-model-3.0.jar;C:\Users\kuzhe\.m2\repository\org\apache\maven\maven-artifact\3.0\maven-artifact-3.0.jar;C:\Users\kuzhe\.m2\repository\org\sonatype\sisu\sisu-inject-plexus\1.4.2\sisu-inject-plexus-1.4.2.jar;C:\Users\kuzhe\.m2\repository\org\codehaus\plexus\plexus-classworlds\2.2.3\plexus-classworlds-2.2.3.jar;C:\Users\kuzhe\.m2\repository\org\sonatype\sisu\sisu-inject-bean\1.4.2\sisu-inject-bean-1.4.2.jar;C:\Users\kuzhe\.m2\repository\org\sonatype\sisu\sisu-guice\2.1.7\sisu-guice-2.1.7-noaop.jar;C:\Users\kuzhe\.m2\repository\org\apache\maven\reporting\maven-reporting-impl\3.0.0\maven-reporting-impl-3.0.0.jar;C:\Users\kuzhe\.m2\repository\org\apache\maven\maven-core\3.0\maven-core-3.0.jar;C:\Users\kuzhe\.m2\repository\org\apache\maven\maven-settings\3.0\maven-settings-3.0.jar;C:\Users\kuzhe\.m2\repository\org\apache\maven\maven-settings-builder\3.0\maven-settings-builder-3.0.jar;C:\Users\kuzhe\.m2\repository\org\apache\maven\maven-repository-metadata\3.0\maven-repository-metadata-3.0.jar;C:\Users\kuzhe\.m2\repository\org\apache\maven\maven-model-builder\3.0\maven-model-builder-3.0.jar;C:\Users\kuzhe\.m2\repository\org\apache\maven\maven-aether-provider\3.0\maven-aether-provider-3.0.jar;C:\Users\kuzhe\.m2\repository\org\sonatype\aether\aether-impl\1.7\aether-impl-1.7.jar;C:\Users\kuzhe\.m2\repository\org\sonatype\aether\aether-spi\1.7\aether-spi-1.7.jar;C:\Users\kuzhe\.m2\repository\org\sonatype\aether\aether-api\1.7\aether-api-1.7.jar;C:\Users\kuzhe\.m2\repository\org\sonatype\aether\aether-util\1.7\aether-util-1.7.jar;C:\Users\kuzhe\.m2\repository\org\codehaus\plexus\plexus-interpolation\1.14\plexus-interpolation-1.14.jar;C:\Users\kuzhe\.m2\repository\org\sonatype\plexus\plexus-sec-dispatcher\1.3\plexus-sec-dispatcher-1.3.jar;C:\Users\kuzhe\.m2\repository\org\sonatype\plexus\plexus-cipher\1.4\plexus-cipher-1.4.jar;C:\Users\kuzhe\.m2\repository\org\apache\maven\shared\maven-shared-utils\3.2.0\maven-shared-utils-3.2.0.jar;C:\Users\kuzhe\.m2\repository\commons-io\commons-io\2.5\commons-io-2.5.jar;C:\Users\kuzhe\.m2\repository\org\codehaus\plexus\plexus-utils\3.0.24\plexus-utils-3.0.24.jar;C:\Users\kuzhe\.m2\repository\org\apache\maven\doxia\doxia-sink-api\1.9.1\doxia-sink-api-1.9.1.jar;C:\Users\kuzhe\.m2\repository\org\apache\maven\doxia\doxia-logging-api\1.9.1\doxia-logging-api-1.9.1.jar;C:\Users\kuzhe\.m2\repository\org\apache\maven\doxia\doxia-decoration-model\1.9.2\doxia-decoration-model-1.9.2.jar;C:\Users\kuzhe\.m2\repository\org\codehaus\plexus\plexus-component-annotations\2.0.0\plexus-component-annotations-2.0.0.jar;C:\Users\kuzhe\.m2\repository\org\apache\maven\doxia\doxia-core\1.9.1\doxia-core-1.9.1.jar;C:\Users\kuzhe\.m2\repository\org\codehaus\plexus\plexus-container-default\1.7.1\plexus-container-default-1.7.1.jar;C:\Users\kuzhe\.m2\repository\org\apache\xbean\xbean-reflect\3.7\xbean-reflect-3.7.jar;C:\Users\kuzhe\.m2\repository\com\google\collections\google-collections\1.0\google-collections-1.0.jar;C:\Users\kuzhe\.m2\repository\org\apache\commons\commons-lang3\3.5\commons-lang3-3.5.jar;C:\Users\kuzhe\.m2\repository\org\apache\httpcomponents\httpclient\4.5.8\httpclient-4.5.8.jar;C:\Users\kuzhe\.m2\repository\commons-logging\commons-logging\1.2\commons-logging-1.2.jar;C:\Users\kuzhe\.m2\repository\commons-codec\commons-codec\1.11\commons-codec-1.11.jar;C:\Users\kuzhe\.m2\repository\org\apache\httpcomponents\httpcore\4.4.11\httpcore-4.4.11.jar;C:\Users\kuzhe\.m2\repository\org\apache\maven\doxia\doxia-site-renderer\1.9.2\doxia-site-renderer-1.9.2.jar;C:\Users\kuzhe\.m2\repository\org\apache\maven\doxia\doxia-skin-model\1.9.2\doxia-skin-model-1.9.2.jar;C:\Users\kuzhe\.m2\repository\org\apache\maven\doxia\doxia-module-xhtml\1.9.1\doxia-module-xhtml-1.9.1.jar;C:\Users\kuzhe\.m2\repository\org\apache\maven\doxia\doxia-module-xhtml5\1.9.1\doxia-module-xhtml5-1.9.1.jar;C:\Users\kuzhe\.m2\repository\org\codehaus\plexus\plexus-i18n\1.0-beta-10\plexus-i18n-1.0-beta-10.jar;C:\Users\kuzhe\.m2\repository\org\codehaus\plexus\plexus-velocity\1.2\plexus-velocity-1.2.jar;C:\Users\kuzhe\.m2\repository\org\apache\velocity\velocity\1.7\velocity-1.7.jar;C:\Users\kuzhe\.m2\repository\org\apache\velocity\velocity-tools\2.0\velocity-tools-2.0.jar;C:\Users\kuzhe\.m2\repository\commons-beanutils\commons-beanutils\1.7.0\commons-beanutils-1.7.0.jar;C:\Users\kuzhe\.m2\repository\commons-digester\commons-digester\1.8\commons-digester-1.8.jar;C:\Users\kuzhe\.m2\repository\commons-chain\commons-chain\1.1\commons-chain-1.1.jar;C:\Users\kuzhe\.m2\repository\dom4j\dom4j\1.1\dom4j-1.1.jar;C:\Users\kuzhe\.m2\repository\oro\oro\2.0.8\oro-2.0.8.jar;C:\Users\kuzhe\.m2\repository\commons-collections\commons-collections\3.2.2\commons-collections-3.2.2.jar;C:\Users\kuzhe\.m2\repository\commons-lang\commons-lang\2.6\commons-lang-2.6.jar;"/>
    <property name="java.vm.vendor" value="Oracle Corporation"/>
    <property name="sun.arch.data.model" value="64"/>
    <property name="user.variant" value=""/>
    <property name="java.vendor.url" value="https://java.oracle.com/"/>
    <property name="user.timezone" value="Europe/Minsk"/>
    <property name="user.country.format" value="BY"/>
    <property name="os.name" value="Windows 11"/>
    <property name="java.vm.specification.version" value="18"/>
    <property name="sun.java.launcher" value="SUN_STANDARD"/>
    <property name="user.country" value="RU"/>
    <property name="sun.boot.library.path" value="C:\Java\jdk-18.0.2.1\bin"/>
    <property name="sun.java.command" value="C:\Users\kuzhe\AppData\Local\Temp\surefire16622286313159365786\surefirebooter10406761354255640135.jar C:\Users\kuzhe\AppData\Local\Temp\surefire16622286313159365786 2022-09-27T21-08-32_502-jvmRun1 surefire3067770065229611626tmp surefire_07126385093419865694tmp"/>
    <property name="jdk.debug" value="release"/>
    <property name="surefire.test.class.path" value="C:\Users\kuzhe\IdeaProjects\Homework\target\test-classes;C:\Users\kuzhe\IdeaProjects\Homework\target\classes;C:\Users\kuzhe\.m2\repository\com\github\stefanbirkner\system-rules\1.19.0\system-rules-1.19.0.jar;C:\Users\kuzhe\.m2\repository\junit\junit\4.11-beta-1\junit-4.11-beta-1.jar;C:\Users\kuzhe\.m2\repository\org\hamcrest\hamcrest-core\1.3\hamcrest-core-1.3.jar;C:\Users\kuzhe\.m2\repository\org\mockito\mockito-core\4.3.1\mockito-core-4.3.1.jar;C:\Users\kuzhe\.m2\repository\net\bytebuddy\byte-buddy\1.12.7\byte-buddy-1.12.7.jar;C:\Users\kuzhe\.m2\repository\net\bytebuddy\byte-buddy-agent\1.12.7\byte-buddy-agent-1.12.7.jar;C:\Users\kuzhe\.m2\repository\org\objenesis\objenesis\3.2\objenesis-3.2.jar;C:\Users\kuzhe\.m2\repository\org\junit\jupiter\junit-jupiter-engine\5.9.0\junit-jupiter-engine-5.9.0.jar;C:\Users\kuzhe\.m2\repository\org\junit\platform\junit-platform-engine\1.9.0\junit-platform-engine-1.9.0.jar;C:\Users\kuzhe\.m2\repository\org\apiguardian\apiguardian-api\1.1.2\apiguardian-api-1.1.2.jar;C:\Users\kuzhe\.m2\repository\org\junit\jupiter\junit-jupiter-api\5.9.0\junit-jupiter-api-5.9.0.jar;C:\Users\kuzhe\.m2\repository\org\opentest4j\opentest4j\1.2.0\opentest4j-1.2.0.jar;C:\Users\kuzhe\.m2\repository\org\junit\platform\junit-platform-commons\1.9.0\junit-platform-commons-1.9.0.jar;C:\Users\kuzhe\.m2\repository\org\junit\jupiter\junit-jupiter-params\5.9.0\junit-jupiter-params-5.9.0.jar;C:\Users\kuzhe\.m2\repository\org\junit\platform\junit-platform-suite\1.9.0\junit-platform-suite-1.9.0.jar;C:\Users\kuzhe\.m2\repository\org\junit\platform\junit-platform-suite-api\1.9.0\junit-platform-suite-api-1.9.0.jar;C:\Users\kuzhe\.m2\repository\org\junit\platform\junit-platform-suite-engine\1.9.0\junit-platform-suite-engine-1.9.0.jar;C:\Users\kuzhe\.m2\repository\org\junit\platform\junit-platform-suite-commons\1.9.0\junit-platform-suite-commons-1.9.0.jar;C:\Users\kuzhe\.m2\repository\org\junit\platform\junit-platform-launcher\1.9.0\junit-platform-launcher-1.9.0.jar;C:\Users\kuzhe\.m2\repository\org\apache\maven\plugins\maven-surefire-report-plugin\3.0.0-M5\maven-surefire-report-plugin-3.0.0-M5.jar;C:\Users\kuzhe\.m2\repository\org\apache\maven\surefire\surefire-report-parser\3.0.0-M5\surefire-report-parser-3.0.0-M5.jar;C:\Users\kuzhe\.m2\repository\org\apache\maven\surefire\surefire-logger-api\3.0.0-M5\surefire-logger-api-3.0.0-M5.jar;C:\Users\kuzhe\.m2\repository\org\apache\maven\surefire\surefire-shared-utils\3.0.0-M4\surefire-shared-utils-3.0.0-M4.jar;C:\Users\kuzhe\.m2\repository\org\apache\maven\reporting\maven-reporting-api\3.0\maven-reporting-api-3.0.jar;C:\Users\kuzhe\.m2\repository\org\apache\maven\maven-plugin-api\3.0\maven-plugin-api-3.0.jar;C:\Users\kuzhe\.m2\repository\org\apache\maven\maven-model\3.0\maven-model-3.0.jar;C:\Users\kuzhe\.m2\repository\org\apache\maven\maven-artifact\3.0\maven-artifact-3.0.jar;C:\Users\kuzhe\.m2\repository\org\sonatype\sisu\sisu-inject-plexus\1.4.2\sisu-inject-plexus-1.4.2.jar;C:\Users\kuzhe\.m2\repository\org\codehaus\plexus\plexus-classworlds\2.2.3\plexus-classworlds-2.2.3.jar;C:\Users\kuzhe\.m2\repository\org\sonatype\sisu\sisu-inject-bean\1.4.2\sisu-inject-bean-1.4.2.jar;C:\Users\kuzhe\.m2\repository\org\sonatype\sisu\sisu-guice\2.1.7\sisu-guice-2.1.7-noaop.jar;C:\Users\kuzhe\.m2\repository\org\apache\maven\reporting\maven-reporting-impl\3.0.0\maven-reporting-impl-3.0.0.jar;C:\Users\kuzhe\.m2\repository\org\apache\maven\maven-core\3.0\maven-core-3.0.jar;C:\Users\kuzhe\.m2\repository\org\apache\maven\maven-settings\3.0\maven-settings-3.0.jar;C:\Users\kuzhe\.m2\repository\org\apache\maven\maven-settings-builder\3.0\maven-settings-builder-3.0.jar;C:\Users\kuzhe\.m2\repository\org\apache\maven\maven-repository-metadata\3.0\maven-repository-metadata-3.0.jar;C:\Users\kuzhe\.m2\repository\org\apache\maven\maven-model-builder\3.0\maven-model-builder-3.0.jar;C:\Users\kuzhe\.m2\repository\org\apache\maven\maven-aether-provider\3.0\maven-aether-provider-3.0.jar;C:\Users\kuzhe\.m2\repository\org\sonatype\aether\aether-impl\1.7\aether-impl-1.7.jar;C:\Users\kuzhe\.m2\repository\org\sonatype\aether\aether-spi\1.7\aether-spi-1.7.jar;C:\Users\kuzhe\.m2\repository\org\sonatype\aether\aether-api\1.7\aether-api-1.7.jar;C:\Users\kuzhe\.m2\repository\org\sonatype\aether\aether-util\1.7\aether-util-1.7.jar;C:\Users\kuzhe\.m2\repository\org\codehaus\plexus\plexus-interpolation\1.14\plexus-interpolation-1.14.jar;C:\Users\kuzhe\.m2\repository\org\sonatype\plexus\plexus-sec-dispatcher\1.3\plexus-sec-dispatcher-1.3.jar;C:\Users\kuzhe\.m2\repository\org\sonatype\plexus\plexus-cipher\1.4\plexus-cipher-1.4.jar;C:\Users\kuzhe\.m2\repository\org\apache\maven\shared\maven-shared-utils\3.2.0\maven-shared-utils-3.2.0.jar;C:\Users\kuzhe\.m2\repository\commons-io\commons-io\2.5\commons-io-2.5.jar;C:\Users\kuzhe\.m2\repository\org\codehaus\plexus\plexus-utils\3.0.24\plexus-utils-3.0.24.jar;C:\Users\kuzhe\.m2\repository\org\apache\maven\doxia\doxia-sink-api\1.9.1\doxia-sink-api-1.9.1.jar;C:\Users\kuzhe\.m2\repository\org\apache\maven\doxia\doxia-logging-api\1.9.1\doxia-logging-api-1.9.1.jar;C:\Users\kuzhe\.m2\repository\org\apache\maven\doxia\doxia-decoration-model\1.9.2\doxia-decoration-model-1.9.2.jar;C:\Users\kuzhe\.m2\repository\org\codehaus\plexus\plexus-component-annotations\2.0.0\plexus-component-annotations-2.0.0.jar;C:\Users\kuzhe\.m2\repository\org\apache\maven\doxia\doxia-core\1.9.1\doxia-core-1.9.1.jar;C:\Users\kuzhe\.m2\repository\org\codehaus\plexus\plexus-container-default\1.7.1\plexus-container-default-1.7.1.jar;C:\Users\kuzhe\.m2\repository\org\apache\xbean\xbean-reflect\3.7\xbean-reflect-3.7.jar;C:\Users\kuzhe\.m2\repository\com\google\collections\google-collections\1.0\google-collections-1.0.jar;C:\Users\kuzhe\.m2\repository\org\apache\commons\commons-lang3\3.5\commons-lang3-3.5.jar;C:\Users\kuzhe\.m2\repository\org\apache\httpcomponents\httpclient\4.5.8\httpclient-4.5.8.jar;C:\Users\kuzhe\.m2\repository\commons-logging\commons-logging\1.2\commons-logging-1.2.jar;C:\Users\kuzhe\.m2\repository\commons-codec\commons-codec\1.11\commons-codec-1.11.jar;C:\Users\kuzhe\.m2\repository\org\apache\httpcomponents\httpcore\4.4.11\httpcore-4.4.11.jar;C:\Users\kuzhe\.m2\repository\org\apache\maven\doxia\doxia-site-renderer\1.9.2\doxia-site-renderer-1.9.2.jar;C:\Users\kuzhe\.m2\repository\org\apache\maven\doxia\doxia-skin-model\1.9.2\doxia-skin-model-1.9.2.jar;C:\Users\kuzhe\.m2\repository\org\apache\maven\doxia\doxia-module-xhtml\1.9.1\doxia-module-xhtml-1.9.1.jar;C:\Users\kuzhe\.m2\repository\org\apache\maven\doxia\doxia-module-xhtml5\1.9.1\doxia-module-xhtml5-1.9.1.jar;C:\Users\kuzhe\.m2\repository\org\codehaus\plexus\plexus-i18n\1.0-beta-10\plexus-i18n-1.0-beta-10.jar;C:\Users\kuzhe\.m2\repository\org\codehaus\plexus\plexus-velocity\1.2\plexus-velocity-1.2.jar;C:\Users\kuzhe\.m2\repository\org\apache\velocity\velocity\1.7\velocity-1.7.jar;C:\Users\kuzhe\.m2\repository\org\apache\velocity\velocity-tools\2.0\velocity-tools-2.0.jar;C:\Users\kuzhe\.m2\repository\commons-beanutils\commons-beanutils\1.7.0\commons-beanutils-1.7.0.jar;C:\Users\kuzhe\.m2\repository\commons-digester\commons-digester\1.8\commons-digester-1.8.jar;C:\Users\kuzhe\.m2\repository\commons-chain\commons-chain\1.1\commons-chain-1.1.jar;C:\Users\kuzhe\.m2\repository\dom4j\dom4j\1.1\dom4j-1.1.jar;C:\Users\kuzhe\.m2\repository\oro\oro\2.0.8\oro-2.0.8.jar;C:\Users\kuzhe\.m2\repository\commons-collections\commons-collections\3.2.2\commons-collections-3.2.2.jar;C:\Users\kuzhe\.m2\repository\commons-lang\commons-lang\2.6\commons-lang-2.6.jar;"/>
    <property name="sun.cpu.endian" value="little"/>
    <property name="user.home" value="C:\Users\kuzhe"/>
    <property name="user.language" value="ru"/>
    <property name="java.specification.vendor" value="Oracle Corporation"/>
    <property name="java.version.date" value="2022-08-18"/>
    <property name="java.home" value="C:\Java\jdk-18.0.2.1"/>
    <property name="file.separator" value="\"/>
    <property name="basedir" value="C:\Users\kuzhe\IdeaProjects\Homework"/>
    <property name="java.vm.compressedOopsMode" value="32-bit"/>
    <property name="line.separator" value="&#10;"/>
    <property name="java.vm.specification.vendor" value="Oracle Corporation"/>
    <property name="java.specification.name" value="Java Platform API Specification"/>
    <property name="surefire.real.class.path" value="C:\Users\kuzhe\AppData\Local\Temp\surefire16622286313159365786\surefirebooter10406761354255640135.jar"/>
    <property name="user.script" value=""/>
    <property name="sun.management.compiler" value="HotSpot 64-Bit Tiered Compilers"/>
    <property name="java.runtime.version" value="18.0.2.1+1-1"/>
    <property name="user.name" value="Kuzhelnyj"/>
    <property name="path.separator" value=";"/>
    <property name="os.version" value="10.0"/>
    <property name="java.runtime.name" value="Java(TM) SE Runtime Environment"/>
    <property name="file.encoding" value="UTF-8"/>
    <property name="java.vm.name" value="Java HotSpot(TM) 64-Bit Server VM"/>
    <property name="localRepository" value="C:\Users\kuzhe\.m2\repository"/>
    <property name="java.vendor.url.bug" value="https://bugreport.java.com/bugreport/"/>
    <property name="java.io.tmpdir" value="C:\Users\kuzhe\AppData\Local\Temp\"/>
    <property name="idea.version" value="2022.1.3"/>
    <property name="java.version" value="18.0.2.1"/>
    <property name="user.dir" value="C:\Users\kuzhe\IdeaProjects\Homework"/>
    <property name="os.arch" value="amd64"/>
    <property name="java.vm.specification.name" value="Java Virtual Machine Specification"/>
    <property name="sun.os.patch.level" value=""/>
    <property name="native.encoding" value="Cp1251"/>
    <property name="java.library.path" value="C:\Java\jdk-18.0.2.1\bin;C:\WINDOWS\Sun\Java\bin;C:\WINDOWS\system32;C:\WINDOWS;C:\Program Files\Common Files\Oracle\Java\javapath;C:\Windows\system32;C:\Windows;C:\Windows\System32\Wbem;C:\Windows\System32\WindowsPowerShell\v1.0\;C:\Windows\System32\OpenSSH\;C:\Program Files (x86)\NVIDIA Corporation\PhysX\Common;C:\WINDOWS\system32;C:\WINDOWS;C:\WINDOWS\System32\Wbem;C:\WINDOWS\System32\WindowsPowerShell\v1.0\;C:\WINDOWS\System32\OpenSSH\;C:\Java\jdk-11.0.11\bin;C:\Program Files\Git\cmd;C:\Users\kuzhe\AppData\Local\Microsoft\WindowsApps;C:\Users\kuzhe\AppData\Local\GitHubDesktop\bin;."/>
    <property name="java.vm.info" value="mixed mode, sharing"/>
    <property name="java.vendor" value="Oracle Corporation"/>
    <property name="java.vm.version" value="18.0.2.1+1-1"/>
    <property name="sun.io.unicode.encoding" value="UnicodeLittle"/>
    <property name="java.class.version" value="62.0"/>
  </properties>
  <testcase name="getPositiveNegativeFractionalNumberTest(double, double)[1]" classname="calculator.CalculationUtilsTest" time="0.115"/>
  <testcase name="getPositiveNegativeFractionalNumberTest(double, double)[2]" classname="calculator.CalculationUtilsTest" time="0.003"/>
  <testcase name="getPositiveNegativeFractionalNumberTest(double, double)[3]" classname="calculator.CalculationUtilsTest" time="0.008"/>
  <testcase name="getPositiveNegativeFractionalNumberTest(double, String)[1]" classname="calculator.CalculationUtilsTest" time="0.009"/>
  <testcase name="getPositiveNegativeFractionalNumberTest(String)[1]" classname="calculator.CalculationUtilsTest" time="0.825">
    <system-out><![CDATA[Вы ввели не число,повторите ввод
Вы ввели не число,повторите ввод
Вы ввели не число,повторите ввод
Вы ввели не число,повторите ввод
Вы ввели не число,повторите ввод
Вы ввели не число,повторите ввод
Вы ввели не число,повторите ввод
Вы ввели не число,повторите ввод
Вы ввели не число,повторите ввод
Вы ввели не число,повторите ввод
Вы ввели не число,повторите ввод
Вы ввели не число,повторите ввод
Вы ввели не число,повторите ввод
Вы ввели не число,повторите ввод
Вы ввели не число,повторите ввод
Вы ввели не число,повторите ввод
Вы ввели не число,повторите ввод
Вы ввели не число,повторите ввод
Вы ввели не число,повторите ввод
Вы ввели не число,повторите ввод
Вы ввели не число,повторите ввод
Вы ввели не число,повторите ввод
Вы ввели не число,повторите ввод
Вы ввели не число,повторите ввод
Вы ввели не число,повторите ввод
Вы ввели не число,повторите ввод
Вы ввели не число,повторите ввод
Вы ввели не число,повторите ввод
Вы ввели не число,повторите ввод
Вы ввели не число,повторите ввод
Вы ввели не число,повторите ввод
Вы ввели не число,повторите ввод
Вы ввели не число,повторите ввод
Вы ввели не число,повторите ввод
Вы ввели не число,повторите ввод
Вы ввели не число,повторите ввод
Вы ввели не число,повторите ввод
Вы ввели не число,повторите ввод
Вы ввели не число,повторите ввод
Вы ввели не число,повторите ввод
Вы ввели не число,повторите ввод
Вы ввели не число,повторите ввод
Вы ввели не число,повторите ввод
Вы ввели не число,повторите ввод
Вы ввели не число,повторите ввод
Вы ввели не число,повторите ввод
Вы ввели не число,повторите ввод
Вы ввели не число,повторите ввод
Вы ввели не число,повторите ввод
Вы ввели не число,повторите ввод
Вы ввели не число,повторите ввод
Вы ввели не число,повторите ввод
Вы ввели не число,повторите ввод
Вы ввели не число,повторите ввод
Вы ввели не число,повторите ввод
Вы ввели не число,повторите ввод
Вы ввели не число,повторите ввод
Вы ввели не число,повторите ввод
Вы ввели не число,повторите ввод
Вы ввели не число,повторите ввод
Вы ввели не число,повторите ввод
Вы ввели не число,повторите ввод
Вы ввели не число,повторите ввод
Вы ввели не число,повторите ввод
Вы ввели не число,повторите ввод
Вы ввели не число,повторите ввод
Вы ввели не число,повторите ввод
Вы ввели не число,повторите ввод
Вы ввели не число,повторите ввод
Вы ввели не число,повторите ввод
Вы ввели не число,повторите ввод
Вы ввели не число,повторите ввод
Вы ввели не число,повторите ввод
Вы ввели не число,повторите ввод
Вы ввели не число,повторите ввод
Вы ввели не число,повторите ввод
Вы ввели не число,повторите ввод
Вы ввели не число,повторите ввод
Вы ввели не число,повторите ввод
Вы ввели не число,повторите ввод
Вы ввели не число,повторите ввод
Вы ввели не число,повторите ввод
Вы ввели не число,повторите ввод
Вы ввели не число,повторите ввод
Вы ввели не число,повторите ввод
Вы ввели не число,повторите ввод
Вы ввели не число,повторите ввод
Вы ввели не число,повторите ввод
Вы ввели не число,повторите ввод
Вы ввели не число,повторите ввод
Вы ввели не число,повторите ввод
Вы ввели не число,повторите ввод
Вы ввели не число,повторите ввод
Вы ввели не число,повторите ввод
Вы ввели не число,повторите ввод
Вы ввели не число,повторите ввод
Вы ввели не число,повторите ввод
Вы ввели не число,повторите ввод
Вы ввели не число,повторите ввод
Вы ввели не число,повторите ввод
Вы ввели не число,повторите ввод
Вы ввели не число,повторите ввод
Вы ввели не число,повторите ввод
Вы ввели не число,повторите ввод
Вы ввели не число,повторите ввод
Вы ввели не число,повторите ввод
Вы ввели не число,повторите ввод
Вы ввели не число,повторите ввод
Вы ввели не число,повторите ввод
Вы ввели не число,повторите ввод
Вы ввели не число,повторите ввод
Вы ввели не число,повторите ввод
Вы ввели не число,повторите ввод
Вы ввели не число,повторите ввод
Вы ввели не число,повторите ввод
Вы ввели не число,повторите ввод
Вы ввели не число,повторите ввод
Вы ввели не число,повторите ввод
Вы ввели не число,повторите ввод
Вы ввели не число,повторите ввод
Вы ввели не число,повторите ввод
Вы ввели не число,повторите ввод
Вы ввели не число,повторите ввод
Вы ввели не число,повторите ввод
Вы ввели не число,повторите ввод
Вы ввели не число,повторите ввод
Вы ввели не число,повторите ввод
Вы ввели не число,повторите ввод
Вы ввели не число,повторите ввод
Вы ввели не число,повторите ввод
Вы ввели не число,повторите ввод
Вы ввели не число,повторите ввод
Вы ввели не число,повторите ввод
Вы ввели не число,повторите ввод
Вы ввели не число,повторите ввод
Вы ввели не число,повторите ввод
Вы ввели не число,повторите ввод
Вы ввели не число,повторите ввод
Вы ввели не число,повторите ввод
Вы ввели не число,повторите ввод
Вы ввели не число,повторите ввод
Вы ввели не число,повторите ввод
Вы ввели не число,повторите ввод
Вы ввели не число,повторите ввод
Вы ввели не число,повторите ввод
Вы ввели не число,повторите ввод
Вы ввели не число,повторите ввод
Вы ввели не число,повторите ввод
Вы ввели не число,повторите ввод
Вы ввели не число,повторите ввод
Вы ввели не число,повторите ввод
Вы ввели не число,повторите ввод
Вы ввели не число,повторите ввод
Вы ввели не число,повторите ввод
Вы ввели не число,повторите ввод
Вы ввели не число,повторите ввод
Вы ввели не число,повторите ввод
Вы ввели не число,повторите ввод
Вы ввели не число,повторите ввод
Вы ввели не число,повторите ввод
Вы ввели не число,повторите ввод
Вы ввели не число,повторите ввод
Вы ввели не число,повторите ввод
Вы ввели не число,повторите ввод
Вы ввели не число,повторите ввод
Вы ввели не число,повторите ввод
Вы ввели не число,повторите ввод
Вы ввели не число,повторите ввод
Вы ввели не число,повторите ввод
Вы ввели не число,повторите ввод
Вы ввели не число,повторите ввод
Вы ввели не число,повторите ввод
Вы ввели не число,повторите ввод
Вы ввели не число,повторите ввод
Вы ввели не число,повторите ввод
Вы ввели не число,повторите ввод
Вы ввели не число,повторите ввод
Вы ввели не число,повторите ввод
Вы ввели не число,повторите ввод
Вы ввели не число,повторите ввод
Вы ввели не число,повторите ввод
Вы ввели не число,повторите ввод
Вы ввели не число,повторите ввод
Вы ввели не число,повторите ввод
Вы ввели не число,повторите ввод
Вы ввели не число,повторите ввод
Вы ввели не число,повторите ввод
Вы ввели не число,повторите ввод
Вы ввели не число,повторите ввод
Вы ввели не число,повторите ввод
Вы ввели не число,повторите ввод
Вы ввели не число,повторите ввод
Вы ввели не число,повторите ввод
Вы ввели не число,повторите ввод
Вы ввели не число,повторите ввод
Вы ввели не число,повторите ввод
Вы ввели не число,повторите ввод
Вы ввели не число,повторите ввод
Вы ввели не число,повторите ввод
Вы ввели не число,повторите ввод
Вы ввели не число,повторите ввод
Вы ввели не число,повторите ввод
Вы ввели не число,повторите ввод
Вы ввели не число,повторите ввод
Вы ввели не число,повторите ввод
Вы ввели не число,повторите ввод
Вы ввели не число,повторите ввод
Вы ввели не число,повторите ввод
Вы ввели не число,повторите ввод
Вы ввели не число,повторите ввод
Вы ввели не число,повторите ввод
Вы ввели не число,повторите ввод
Вы ввели не число,повторите ввод
Вы ввели не число,повторите ввод
Вы ввели не число,повторите ввод
Вы ввели не число,повторите ввод
Вы ввели не число,повторите ввод
Вы ввели не число,повторите ввод
Вы ввели не число,повторите ввод
Вы ввели не число,повторите ввод
Вы ввели не число,повторите ввод
Вы ввели не число,повторите ввод
Вы ввели не число,повторите ввод
Вы ввели не число,повторите ввод
Вы ввели не число,повторите ввод
Вы ввели не число,повторите ввод
Вы ввели не число,повторите ввод
Вы ввели не число,повторите ввод
Вы ввели не число,повторите ввод
Вы ввели не число,повторите ввод
Вы ввели не число,повторите ввод
Вы ввели не число,повторите ввод
Вы ввели не число,повторите ввод
Вы ввели не число,повторите ввод
Вы ввели не число,повторите ввод
Вы ввели не число,повторите ввод
Вы ввели не число,повторите ввод
Вы ввели не число,повторите ввод
Вы ввели не число,повторите ввод
Вы ввели не число,повторите ввод
Вы ввели не число,повторите ввод
Вы ввели не число,повторите ввод
Вы ввели не число,повторите ввод
Вы ввели не число,повторите ввод
Вы ввели не число,повторите ввод
Вы ввели не число,повторите ввод
Вы ввели не число,повторите ввод
Вы ввели не число,повторите ввод
Вы ввели не число,повторите ввод
Вы ввели не число,повторите ввод
Вы ввели не число,повторите ввод
Вы ввели не число,повторите ввод
Вы ввели не число,повторите ввод
Вы ввели не число,повторите ввод
Вы ввели не число,повторите ввод
Вы ввели не число,повторите ввод
Вы ввели не число,повторите ввод
Вы ввели не число,повторите ввод
Вы ввели не число,повторите ввод
Вы ввели не число,повторите ввод
Вы ввели не число,повторите ввод
Вы ввели не число,повторите ввод
Вы ввели не число,повторите ввод
Вы ввели не число,повторите ввод
Вы ввели не число,повторите ввод
Вы ввели не число,повторите ввод
Вы ввели не число,повторите ввод
Вы ввели не число,повторите ввод
Вы ввели не число,повторите ввод
Вы ввели не число,повторите ввод
Вы ввели не число,повторите ввод
Вы ввели не число,повторите ввод
Вы ввели не число,повторите ввод
Вы ввели не число,повторите ввод
Вы ввели не число,повторите ввод
Вы ввели не число,повторите ввод
Вы ввели не число,повторите ввод
Вы ввели не число,повторите ввод
Вы ввели не число,повторите ввод
Вы ввели не число,повторите ввод
Вы ввели не число,повторите ввод
Вы ввели не число,повторите ввод
Вы ввели не число,повторите ввод
Вы ввели не число,повторите ввод
Вы ввели не число,повторите ввод
Вы ввели не число,повторите ввод
Вы ввели не число,повторите ввод
Вы ввели не число,повторите ввод
Вы ввели не число,повторите ввод
Вы ввели не число,повторите ввод
Вы ввели не число,повторите ввод
Вы ввели не число,повторите ввод
Вы ввели не число,повторите ввод
Вы ввели не число,повторите ввод
Вы ввели не число,повторите ввод
Вы ввели не число,повторите ввод
Вы ввели не число,повторите ввод
Вы ввели не число,повторите ввод
Вы ввели не число,повторите ввод
Вы ввели не число,повторите ввод
Вы ввели не число,повторите ввод
Вы ввели не число,повторите ввод
Вы ввели не число,повторите ввод
Вы ввели не число,повторите ввод
Вы ввели не число,повторите ввод
Вы ввели не число,повторите ввод
Вы ввели не число,повторите ввод
Вы ввели не число,повторите ввод
Вы ввели не число,повторите ввод
Вы ввели не число,повторите ввод
Вы ввели не число,повторите ввод
Вы ввели не число,повторите ввод
Вы ввели не число,повторите ввод
Вы ввели не число,повторите ввод
Вы ввели не число,повторите ввод
Вы ввели не число,повторите ввод
Вы ввели не число,повторите ввод
Вы ввели не число,повторите ввод
Вы ввели не число,повторите ввод
Вы ввели не число,повторите ввод
Вы ввели не число,повторите ввод
Вы ввели не число,повторите ввод
Вы ввели не число,повторите ввод
Вы ввели не число,повторите ввод
Вы ввели не число,повторите ввод
Вы ввели не число,повторите ввод
Вы ввели не число,повторите ввод
Вы ввели не число,повторите ввод
Вы ввели не число,повторите ввод
Вы ввели не число,повторите ввод
Вы ввели не число,повторите ввод
Вы ввели не число,повторите ввод
Вы ввели не число,повторите ввод
Вы ввели не число,повторите ввод
Вы ввели не число,повторите ввод
Вы ввели не число,повторите ввод
Вы ввели не число,повторите ввод
Вы ввели не число,повторите ввод
Вы ввели не число,повторите ввод
Вы ввели не число,повторите ввод
Вы ввели не число,повторите ввод
Вы ввели не число,повторите ввод
Вы ввели не число,повторите ввод
Вы ввели не число,повторите ввод
Вы ввели не число,повторите ввод
Вы ввели не число,повторите ввод
Вы ввели не число,повторите ввод
Вы ввели не число,повторите ввод
Вы ввели не число,повторите ввод
Вы ввели не число,повторите ввод
Вы ввели не число,повторите ввод
Вы ввели не число,повторите ввод
Вы ввели не число,повторите ввод
Вы ввели не число,повторите ввод
Вы ввели не число,повторите ввод
Вы ввели не число,повторите ввод
Вы ввели не число,повторите ввод
Вы ввели не число,повторите ввод
Вы ввели не число,повторите ввод
Вы ввели не число,повторите ввод
Вы ввели не число,повторите ввод
Вы ввели не число,повторите ввод
Вы ввели не число,повторите ввод
Вы ввели не число,повторите ввод
Вы ввели не число,повторите ввод
Вы ввели не число,повторите ввод
Вы ввели не число,повторите ввод
Вы ввели не число,повторите ввод
Вы ввели не число,повторите ввод
Вы ввели не число,повторите ввод
Вы ввели не число,повторите ввод
Вы ввели не число,повторите ввод
Вы ввели не число,повторите ввод
Вы ввели не число,повторите ввод
Вы ввели не число,повторите ввод
Вы ввели не число,повторите ввод
Вы ввели не число,повторите ввод
Вы ввели не число,повторите ввод
Вы ввели не число,повторите ввод
Вы ввели не число,повторите ввод
Вы ввели не число,повторите ввод
Вы ввели не число,повторите ввод
Вы ввели не число,повторите ввод
Вы ввели не число,повторите ввод
Вы ввели не число,повторите ввод
Вы ввели не число,повторите ввод
Вы ввели не число,повторите ввод
Вы ввели не число,повторите ввод
Вы ввели не число,повторите ввод
Вы ввели не число,повторите ввод
Вы ввели не число,повторите ввод
Вы ввели не число,повторите ввод
Вы ввели не число,повторите ввод
Вы ввели не число,повторите ввод
Вы ввели не число,повторите ввод
Вы ввели не число,повторите ввод
Вы ввели не число,повторите ввод
Вы ввели не число,повторите ввод
Вы ввели не число,повторите ввод
Вы ввели не число,повторите ввод
Вы ввели не число,повторите ввод
Вы ввели не число,повторите ввод
Вы ввели не число,повторите ввод
Вы ввели не число,повторите ввод
Вы ввели не число,повторите ввод
Вы ввели не число,повторите ввод
Вы ввели не число,повторите ввод
Вы ввели не число,повторите ввод
Вы ввели не число,повторите ввод
Вы ввели не число,повторите ввод
Вы ввели не число,повторите ввод
Вы ввели не число,повторите ввод
Вы ввели не число,повторите ввод
Вы ввели не число,повторите ввод
Вы ввели не число,повторите ввод
Вы ввели не число,повторите ввод
Вы ввели не число,повторите ввод
Вы ввели не число,повторите ввод
Вы ввели не число,повторите ввод
Вы ввели не число,повторите ввод
Вы ввели не число,повторите ввод
Вы ввели не число,повторите ввод
Вы ввели не число,повторите ввод
Вы ввели не число,повторите ввод
Вы ввели не число,повторите ввод
Вы ввели не число,повторите ввод
Вы ввели не число,повторите ввод
Вы ввели не число,повторите ввод
Вы ввели не число,повторите ввод
Вы ввели не число,повторите ввод
Вы ввели не число,повторите ввод
Вы ввели не число,повторите ввод
Вы ввели не число,повторите ввод
Вы ввели не число,повторите ввод
Вы ввели не число,повторите ввод
Вы ввели не число,повторите ввод
Вы ввели не число,повторите ввод
Вы ввели не число,повторите ввод
Вы ввели не число,повторите ввод
Вы ввели не число,повторите ввод
Вы ввели не число,повторите ввод
Вы ввели не число,повторите ввод
Вы ввели не число,повторите ввод
Вы ввели не число,повторите ввод
Вы ввели не число,повторите ввод
Вы ввели не число,повторите ввод
Вы ввели не число,повторите ввод
Вы ввели не число,повторите ввод
Вы ввели не число,повторите ввод
Вы ввели не число,повторите ввод
Вы ввели не число,повторите ввод
Вы ввели не число,повторите ввод
Вы ввели не число,повторите ввод
Вы ввели не число,повторите ввод
Вы ввели не число,повторите ввод
Вы ввели не число,повторите ввод
Вы ввели не число,повторите ввод
Вы ввели не число,повторите ввод
Вы ввели не число,повторите ввод
Вы ввели не число,повторите ввод
Вы ввели не число,повторите ввод
Вы ввели не число,повторите ввод
Вы ввели не число,повторите ввод
Вы ввели не число,повторите ввод
Вы ввели не число,повторите ввод
Вы ввели не число,повторите ввод
Вы ввели не число,повторите ввод
Вы ввели не число,повторите ввод
Вы ввели не число,повторите ввод
Вы ввели не число,повторите ввод
Вы ввели не число,повторите ввод
Вы ввели не число,повторите ввод
Вы ввели не число,повторите ввод
Вы ввели не число,повторите ввод
Вы ввели не число,повторите ввод
Вы ввели не число,повторите ввод
Вы ввели не число,повторите ввод
Вы ввели не число,повторите ввод
Вы ввели не число,повторите ввод
Вы ввели не число,повторите ввод
Вы ввели не число,повторите ввод
Вы ввели не число,повторите ввод
Вы ввели не число,повторите ввод
Вы ввели не число,повторите ввод
Вы ввели не число,повторите ввод
Вы ввели не число,повторите ввод
Вы ввели не число,повторите ввод
Вы ввели не число,повторите ввод
Вы ввели не число,повторите ввод
Вы ввели не число,повторите ввод
Вы ввели не число,повторите ввод
Вы ввели не число,повторите ввод
Вы ввели не число,повторите ввод
Вы ввели не число,повторите ввод
Вы ввели не число,повторите ввод
Вы ввели не число,повторите ввод
Вы ввели не число,повторите ввод
Вы ввели не число,повторите ввод
Вы ввели не число,повторите ввод
Вы ввели не число,повторите ввод
Вы ввели не число,повторите ввод
Вы ввели не число,повторите ввод
Вы ввели не число,повторите ввод
Вы ввели не число,повторите ввод
Вы ввели не число,повторите ввод
Вы ввели не число,повторите ввод
Вы ввели не число,повторите ввод
Вы ввели не число,повторите ввод
Вы ввели не число,повторите ввод
Вы ввели не число,повторите ввод
Вы ввели не число,повторите ввод
Вы ввели не число,повторите ввод
Вы ввели не число,повторите ввод
Вы ввели не число,повторите ввод
Вы ввели не число,повторите ввод
Вы ввели не число,повторите ввод
Вы ввели не число,повторите ввод
Вы ввели не число,повторите ввод
Вы ввели не число,повторите ввод
Вы ввели не число,повторите ввод
Вы ввели не число,повторите ввод
Вы ввели не число,повторите ввод
Вы ввели не число,повторите ввод
Вы ввели не число,повторите ввод
Вы ввели не число,повторите ввод
Вы ввели не число,повторите ввод
Вы ввели не число,повторите ввод
Вы ввели не число,повторите ввод
Вы ввели не число,повторите ввод
Вы ввели не число,повторите ввод
Вы ввели не число,повторите ввод
Вы ввели не число,повторите ввод
Вы ввели не число,повторите ввод
Вы ввели не число,повторите ввод
Вы ввели не число,повторите ввод
Вы ввели не число,повторите ввод
Вы ввели не число,повторите ввод
Вы ввели не число,повторите ввод
Вы ввели не число,повторите ввод
Вы ввели не число,повторите ввод
Вы ввели не число,повторите ввод
Вы ввели не число,повторите ввод
Вы ввели не число,повторите ввод
Вы ввели не число,повторите ввод
Вы ввели не число,повторите ввод
Вы ввели не число,повторите ввод
Вы ввели не число,повторите ввод
Вы ввели не число,повторите ввод
Вы ввели не число,повторите ввод
Вы ввели не число,повторите ввод
Вы ввели не число,повторите ввод
Вы ввели не число,повторите ввод
Вы ввели не число,повторите ввод
Вы ввели не число,повторите ввод
Вы ввели не число,повторите ввод
Вы ввели не число,повторите ввод
Вы ввели не число,повторите ввод
Вы ввели не число,повторите ввод
Вы ввели не число,повторите ввод
Вы ввели не число,повторите ввод
Вы ввели не число,повторите ввод
Вы ввели не число,повторите ввод
Вы ввели не число,повторите ввод
Вы ввели не число,повторите ввод
Вы ввели не число,повторите ввод
Вы ввели не число,повторите ввод
Вы ввели не число,повторите ввод
Вы ввели не число,повторите ввод
Вы ввели не число,повторите ввод
Вы ввели не число,повторите ввод
Вы ввели не число,повторите ввод
Вы ввели не число,повторите ввод
Вы ввели не число,повторите ввод
Вы ввели не число,повторите ввод
Вы ввели не число,повторите ввод
Вы ввели не число,повторите ввод
Вы ввели не число,повторите ввод
Вы ввели не число,повторите ввод
Вы ввели не число,повторите ввод
Вы ввели не число,повторите ввод
Вы ввели не число,повторите ввод
Вы ввели не число,повторите ввод
Вы ввели не число,повторите ввод
Вы ввели не число,повторите ввод
Вы ввели не число,повторите ввод
Вы ввели не число,повторите ввод
Вы ввели не число,повторите ввод
Вы ввели не число,повторите ввод
Вы ввели не число,повторите ввод
Вы ввели не число,повторите ввод
Вы ввели не число,повторите ввод
Вы ввели не число,повторите ввод
Вы ввели не число,повторите ввод
Вы ввели не число,повторите ввод
Вы ввели не число,повторите ввод
Вы ввели не число,повторите ввод
Вы ввели не число,повторите ввод
Вы ввели не число,повторите ввод
Вы ввели не число,повторите ввод
Вы ввели не число,повторите ввод
Вы ввели не число,повторите ввод
Вы ввели не число,повторите ввод
Вы ввели не число,повторите ввод
Вы ввели не число,повторите ввод
Вы ввели не число,повторите ввод
Вы ввели не число,повторите ввод
Вы ввели не число,повторите ввод
Вы ввели не число,повторите ввод
Вы ввели не число,повторите ввод
Вы ввели не число,повторите ввод
Вы ввели не число,повторите ввод
Вы ввели не число,повторите ввод
Вы ввели не число,повторите ввод
Вы ввели не число,повторите ввод
Вы ввели не число,повторите ввод
Вы ввели не число,повторите ввод
Вы ввели не число,повторите ввод
Вы ввели не число,повторите ввод
Вы ввели не число,повторите ввод
Вы ввели не число,повторите ввод
Вы ввели не число,повторите ввод
Вы ввели не число,повторите ввод
Вы ввели не число,повторите ввод
Вы ввели не число,повторите ввод
Вы ввели не число,повторите ввод
Вы ввели не число,повторите ввод
Вы ввели не число,повторите ввод
Вы ввели не число,повторите ввод
Вы ввели не число,повторите ввод
Вы ввели не число,повторите ввод
Вы ввели не число,повторите ввод
Вы ввели не число,повторите ввод
Вы ввели не число,повторите ввод
Вы ввели не число,повторите ввод
Вы ввели не число,повторите ввод
Вы ввели не число,повторите ввод
Вы ввели не число,повторите ввод
Вы ввели не число,повторите ввод
Вы ввели не число,повторите ввод
Вы ввели не число,повторите ввод
Вы ввели не число,повторите ввод
Вы ввели не число,повторите ввод
Вы ввели не число,повторите ввод
Вы ввели не число,повторите ввод
Вы ввели не число,повторите ввод
Вы ввели не число,повторите ввод
Вы ввели не число,повторите ввод
Вы ввели не число,повторите ввод
Вы ввели не число,повторите ввод
Вы ввели не число,повторите ввод
Вы ввели не число,повторите ввод
Вы ввели не число,повторите ввод
Вы ввели не число,повторите ввод
Вы ввели не число,повторите ввод
Вы ввели не число,повторите ввод
Вы ввели не число,повторите ввод
Вы ввели не число,повторите ввод
Вы ввели не число,повторите ввод
Вы ввели не число,повторите ввод
Вы ввели не число,повторите ввод
Вы ввели не число,повторите ввод
Вы ввели не число,повторите ввод
Вы ввели не число,повторите ввод
Вы ввели не число,повторите ввод
Вы ввели не число,повторите ввод
Вы ввели не число,повторите ввод
Вы ввели не число,повторите ввод
Вы ввели не число,повторите ввод
Вы ввели не число,повторите ввод
Вы ввели не число,повторите ввод
Вы ввели не число,повторите ввод
Вы ввели не число,повторите ввод
Вы ввели не число,повторите ввод
Вы ввели не число,повторите ввод
Вы ввели не число,повторите ввод
Вы ввели не число,повторите ввод
Вы ввели не число,повторите ввод
Вы ввели не число,повторите ввод
Вы ввели не число,повторите ввод
Вы ввели не число,повторите ввод
Вы ввели не число,повторите ввод
Вы ввели не число,повторите ввод
Вы ввели не число,повторите ввод
Вы ввели не число,повторите ввод
Вы ввели не число,повторите ввод
Вы ввели не число,повторите ввод
Вы ввели не число,повторите ввод
Вы ввели не число,повторите ввод
Вы ввели не число,повторите ввод
Вы ввели не число,повторите ввод
Вы ввели не число,повторите ввод
Вы ввели не число,повторите ввод
Вы ввели не число,повторите ввод
Вы ввели не число,повторите ввод
Вы ввели не число,повторите ввод
Вы ввели не число,повторите ввод
Вы ввели не число,повторите ввод
Вы ввели не число,повторите ввод
Вы ввели не число,повторите ввод
Вы ввели не число,повторите ввод
Вы ввели не число,повторите ввод
Вы ввели не число,повторите ввод
Вы ввели не число,повторите ввод
Вы ввели не число,повторите ввод
Вы ввели не число,повторите ввод
Вы ввели не число,повторите ввод
Вы ввели не число,повторите ввод
Вы ввели не число,повторите ввод
Вы ввели не число,повторите ввод
Вы ввели не число,повторите ввод
Вы ввели не число,повторите ввод
Вы ввели не число,повторите ввод
Вы ввели не число,повторите ввод
Вы ввели не число,повторите ввод
Вы ввели не число,повторите ввод
Вы ввели не число,повторите ввод
Вы ввели не число,повторите ввод
Вы ввели не число,повторите ввод
Вы ввели не число,повторите ввод
Вы ввели не число,повторите ввод
Вы ввели не число,повторите ввод
Вы ввели не число,повторите ввод
Вы ввели не число,повторите ввод
Вы ввели не число,повторите ввод
Вы ввели не число,повторите ввод
Вы ввели не число,повторите ввод
Вы ввели не число,повторите ввод
Вы ввели не число,повторите ввод
Вы ввели не число,повторите ввод
Вы ввели не число,повторите ввод
Вы ввели не число,повторите ввод
Вы ввели не число,повторите ввод
Вы ввели не число,повторите ввод
Вы ввели не число,повторите ввод
Вы ввели не число,повторите ввод
Вы ввели не число,повторите ввод
Вы ввели не число,повторите ввод
Вы ввели не число,повторите ввод
Вы ввели не число,повторите ввод
Вы ввели не число,повторите ввод
Вы ввели не число,повторите ввод
Вы ввели не число,повторите ввод
Вы ввели не число,повторите ввод
Вы ввели не число,повторите ввод
Вы ввели не число,повторите ввод
Вы ввели не число,повторите ввод
Вы ввели не число,повторите ввод
Вы ввели не число,повторите ввод
Вы ввели не число,повторите ввод
Вы ввели не число,повторите ввод
Вы ввели не число,повторите ввод
Вы ввели не число,повторите ввод
Вы ввели не число,повторите ввод
Вы ввели не число,повторите ввод
Вы ввели не число,повторите ввод
Вы ввели не число,повторите ввод
Вы ввели не число,повторите ввод
Вы ввели не число,повторите ввод
Вы ввели не число,повторите ввод
Вы ввели не число,повторите ввод
Вы ввели не число,повторите ввод
Вы ввели не число,повторите ввод
Вы ввели не число,повторите ввод
Вы ввели не число,повторите ввод
Вы ввели не число,повторите ввод
Вы ввели не число,повторите ввод
Вы ввели не число,повторите ввод
Вы ввели не число,повторите ввод
Вы ввели не число,повторите ввод
Вы ввели не число,повторите ввод
Вы ввели не число,повторите ввод
Вы ввели не число,повторите ввод
Вы ввели не число,повторите ввод
Вы ввели не число,повторите ввод
Вы ввели не число,повторите ввод
Вы ввели не число,повторите ввод
Вы ввели не число,повторите ввод
Вы ввели не число,повторите ввод
Вы ввели не число,повторите ввод
Вы ввели не число,повторите ввод
Вы ввели не число,повторите ввод
Вы ввели не число,повторите ввод
Вы ввели не число,повторите ввод
Вы ввели не число,повторите ввод
Вы ввели не число,повторите ввод
Вы ввели не число,повторите ввод
Вы ввели не число,повторите ввод
Вы ввели не число,повторите ввод
Вы ввели не число,повторите ввод
Вы ввели не число,повторите ввод
Вы ввели не число,повторите ввод
Вы ввели не число,повторите ввод
Вы ввели не число,повторите ввод
Вы ввели не число,повторите ввод
Вы ввели не число,повторите ввод
Вы ввели не число,повторите ввод
Вы ввели не число,повторите ввод
Вы ввели не число,повторите ввод
Вы ввели не число,повторите ввод
Вы ввели не число,повторите ввод
Вы ввели не число,повторите ввод
Вы ввели не число,повторите ввод
Вы ввели не число,повторите ввод
Вы ввели не число,повторите ввод
Вы ввели не число,повторите ввод
Вы ввели не число,повторите ввод
Вы ввели не число,повторите ввод
Вы ввели не число,повторите ввод
Вы ввели не число,повторите ввод
Вы ввели не число,повторите ввод
Вы ввели не число,повторите ввод
Вы ввели не число,повторите ввод
Вы ввели не число,повторите ввод
Вы ввели не число,повторите ввод
Вы ввели не число,повторите ввод
Вы ввели не число,повторите ввод
Вы ввели не число,повторите ввод
Вы ввели не число,повторите ввод
Вы ввели не число,повторите ввод
Вы ввели не число,повторите ввод
Вы ввели не число,повторите ввод
Вы ввели не число,повторите ввод
Вы ввели не число,повторите ввод
Вы ввели не число,повторите ввод
Вы ввели не число,повторите ввод
Вы ввели не число,повторите ввод
Вы ввели не число,повторите ввод
Вы ввели не число,повторите ввод
Вы ввели не число,повторите ввод
Вы ввели не число,повторите ввод
Вы ввели не число,повторите ввод
Вы ввели не число,повторите ввод
Вы ввели не число,повторите ввод
Вы ввели не число,повторите ввод
Вы ввели не число,повторите ввод
Вы ввели не число,повторите ввод
Вы ввели не число,повторите ввод
Вы ввели не число,повторите ввод
Вы ввели не число,повторите ввод
Вы ввели не число,повторите ввод
Вы ввели не число,повторите ввод
Вы ввели не число,повторите ввод
Вы ввели не число,повторите ввод
Вы ввели не число,повторите ввод
Вы ввели не число,повторите ввод
Вы ввели не число,повторите ввод
Вы ввели не число,повторите ввод
Вы ввели не число,повторите ввод
Вы ввели не число,повторите ввод
Вы ввели не число,повторите ввод
Вы ввели не число,повторите ввод
Вы ввели не число,повторите ввод
Вы ввели не число,повторите ввод
Вы ввели не число,повторите ввод
Вы ввели не число,повторите ввод
Вы ввели не число,повторите ввод
Вы ввели не число,повторите ввод
Вы ввели не число,повторите ввод
Вы ввели не число,повторите ввод
Вы ввели не число,повторите ввод
Вы ввели не число,повторите ввод
Вы ввели не число,повторите ввод
Вы ввели не число,повторите ввод
Вы ввели не число,повторите ввод
Вы ввели не число,повторите ввод
Вы ввели не число,повторите ввод
Вы ввели не число,повторите ввод
Вы ввели не число,повторите ввод
Вы ввели не число,повторите ввод
Вы ввели не число,повторите ввод
Вы ввели не число,повторите ввод
Вы ввели не число,повторите ввод
Вы ввели не число,повторите ввод
Вы ввели не число,повторите ввод
Вы ввели не число,повторите ввод
Вы ввели не число,повторите ввод
Вы ввели не число,повторите ввод
Вы ввели не число,повторите ввод
Вы ввели не число,повторите ввод
Вы ввели не число,повторите ввод
Вы ввели не число,повторите ввод
Вы ввели не число,повторите ввод
Вы ввели не число,повторите ввод
Вы ввели не число,повторите ввод
Вы ввели не число,повторите ввод
Вы ввели не число,повторите ввод
Вы ввели не число,повторите ввод
Вы ввели не число,повторите ввод
Вы ввели не число,повторите ввод
Вы ввели не число,повторите ввод
Вы ввели не число,повторите ввод
Вы ввели не число,повторите ввод
Вы ввели не число,повторите ввод
Вы ввели не число,повторите ввод
Вы ввели не число,повторите ввод
Вы ввели не число,повторите ввод
Вы ввели не число,повторите ввод
Вы ввели не число,повторите ввод
Вы ввели не число,повторите ввод
Вы ввели не число,повторите ввод
Вы ввели не число,повторите ввод
Вы ввели не число,повторите ввод
Вы ввели не число,повторите ввод
Вы ввели не число,повторите ввод
Вы ввели не число,повторите ввод
Вы ввели не число,повторите ввод
Вы ввели не число,повторите ввод
Вы ввели не число,повторите ввод
Вы ввели не число,повторите ввод
Вы ввели не число,повторите ввод
Вы ввели не число,повторите ввод
Вы ввели не число,повторите ввод
Вы ввели не число,повторите ввод
Вы ввели не число,повторите ввод
Вы ввели не число,повторите ввод
Вы ввели не число,повторите ввод
Вы ввели не число,повторите ввод
Вы ввели не число,повторите ввод
Вы ввели не число,повторите ввод
Вы ввели не число,повторите ввод
Вы ввели не число,повторите ввод
Вы ввели не число,повторите ввод
Вы ввели не число,повторите ввод
Вы ввели не число,повторите ввод
Вы ввели не число,повторите ввод
Вы ввели не число,повторите ввод
Вы ввели не число,повторите ввод
Вы ввели не число,повторите ввод
Вы ввели не число,повторите ввод
Вы ввели не число,повторите ввод
Вы ввели не число,повторите ввод
Вы ввели не число,повторите ввод
Вы ввели не число,повторите ввод
Вы ввели не число,повторите ввод
Вы ввели не число,повторите ввод
Вы ввели не число,повторите ввод
Вы ввели не число,повторите ввод
Вы ввели не число,повторите ввод
Вы ввели не число,повторите ввод
Вы ввели не число,повторите ввод
Вы ввели не число,повторите ввод
Вы ввели не число,повторите ввод
Вы ввели не число,повторите ввод
Вы ввели не число,повторите ввод
Вы ввели не число,повторите ввод
Вы ввели не число,повторите ввод
Вы ввели не число,повторите ввод
Вы ввели не число,повторите ввод
Вы ввели не число,повторите ввод
Вы ввели не число,повторите ввод
Вы ввели не число,повторите ввод
Вы ввели не число,повторите ввод
Вы ввели не число,повторите ввод
Вы ввели не число,повторите ввод
Вы ввели не число,повторите ввод
Вы ввели не число,повторите ввод
Вы ввели не число,повторите ввод
Вы ввели не число,повторите ввод
Вы ввели не число,повторите ввод
Вы ввели не число,повторите ввод
Вы ввели не число,повторите ввод
Вы ввели не число,повторите ввод
Вы ввели не число,повторите ввод
Вы ввели не число,повторите ввод
Вы ввели не число,повторите ввод
Вы ввели не число,повторите ввод
Вы ввели не число,повторите ввод
Вы ввели не число,повторите ввод
Вы ввели не число,повторите ввод
Вы ввели не число,повторите ввод
Вы ввели не число,повторите ввод
Вы ввели не число,повторите ввод
Вы ввели не число,повторите ввод
Вы ввели не число,повторите ввод
Вы ввели не число,повторите ввод
Вы ввели не число,повторите ввод
Вы ввели не число,повторите ввод
Вы ввели не число,повторите ввод
Вы ввели не число,повторите ввод
Вы ввели не число,повторите ввод
Вы ввели не число,повторите ввод
Вы ввели не число,повторите ввод
Вы ввели не число,повторите ввод
Вы ввели не число,повторите ввод
Вы ввели не число,повторите ввод
Вы ввели не число,повторите ввод
Вы ввели не число,повторите ввод
Вы ввели не число,повторите ввод
Вы ввели не число,повторите ввод
Вы ввели не число,повторите ввод
Вы ввели не число,повторите ввод
Вы ввели не число,повторите ввод
Вы ввели не число,повторите ввод
Вы ввели не число,повторите ввод
Вы ввели не число,повторите ввод
Вы ввели не число,повторите ввод
Вы ввели не число,повторите ввод
Вы ввели не число,повторите ввод
Вы ввели не число,повторите ввод
Вы ввели не число,повторите ввод
Вы ввели не число,повторите ввод
Вы ввели не число,повторите ввод
Вы ввели не число,повторите ввод
Вы ввели не число,повторите ввод
Вы ввели не число,повторите ввод
Вы ввели не число,повторите ввод
Вы ввели не число,повторите ввод
Вы ввели не число,повторите ввод
Вы ввели не число,повторите ввод
Вы ввели не число,повторите ввод
Вы ввели не число,повторите ввод
Вы ввели не число,повторите ввод
Вы ввели не число,повторите ввод
Вы ввели не число,повторите ввод
Вы ввели не число,повторите ввод
Вы ввели не число,повторите ввод
Вы ввели не число,повторите ввод
Вы ввели не число,повторите ввод
Вы ввели не число,повторите ввод
Вы ввели не число,повторите ввод
Вы ввели не число,повторите ввод
Вы ввели не число,повторите ввод
Вы ввели не число,повторите ввод
Вы ввели не число,повторите ввод
Вы ввели не число,повторите ввод
Вы ввели не число,повторите ввод
Вы ввели не число,повторите ввод
Вы ввели не число,повторите ввод
Вы ввели не число,повторите ввод
Вы ввели не число,повторите ввод
Вы ввели не число,повторите ввод
Вы ввели не число,повторите ввод
Вы ввели не число,повторите ввод
Вы ввели не число,повторите ввод
Вы ввели не число,повторите ввод
Вы ввели не число,повторите ввод
Вы ввели не число,повторите ввод
Вы ввели не число,повторите ввод
Вы ввели не число,повторите ввод
Вы ввели не число,повторите ввод
Вы ввели не число,повторите ввод
Вы ввели не число,повторите ввод
Вы ввели не число,повторите ввод
Вы ввели не число,повторите ввод
Вы ввели не число,повторите ввод
Вы ввели не число,повторите ввод
Вы ввели не число,повторите ввод
Вы ввели не число,повторите ввод
Вы ввели не число,повторите ввод
Вы ввели не число,повторите ввод
Вы ввели не число,повторите ввод
Вы ввели не число,повторите ввод
Вы ввели не число,повторите ввод
Вы ввели не число,повторите ввод
Вы ввели не число,повторите ввод
Вы ввели не число,повторите ввод
Вы ввели не число,повторите ввод
Вы ввели не число,повторите ввод
Вы ввели не число,повторите ввод
Вы ввели не число,повторите ввод
Вы ввели не число,повторите ввод
Вы ввели не число,повторите ввод
Вы ввели не число,повторите ввод
Вы ввели не число,повторите ввод
Вы ввели не число,повторите ввод
Вы ввели не число,повторите ввод
Вы ввели не число,повторите ввод
Вы ввели не число,повторите ввод
Вы ввели не число,повторите ввод
Вы ввели не число,повторите ввод
Вы ввели не число,повторите ввод
Вы ввели не число,повторите ввод
Вы ввели не число,повторите ввод
Вы ввели не число,повторите ввод
Вы ввели не число,повторите ввод
Вы ввели не число,повторите ввод
Вы ввели не число,повторите ввод
Вы ввели не число,повторите ввод
Вы ввели не число,повторите ввод
Вы ввели не число,повторите ввод
Вы ввели не число,повторите ввод
Вы ввели не число,повторите ввод
Вы ввели не число,повторите ввод
Вы ввели не число,повторите ввод
Вы ввели не число,повторите ввод
Вы ввели не число,повторите ввод
Вы ввели не число,повторите ввод
Вы ввели не число,повторите ввод
Вы ввели не число,повторите ввод
Вы ввели не число,повторите ввод
Вы ввели не число,повторите ввод
Вы ввели не число,повторите ввод
Вы ввели не число,повторите ввод
Вы ввели не число,повторите ввод
Вы ввели не число,повторите ввод
Вы ввели не число,повторите ввод
Вы ввели не число,повторите ввод
Вы ввели не число,повторите ввод
Вы ввели не число,повторите ввод
Вы ввели не число,повторите ввод
Вы ввели не число,повторите ввод
Вы ввели не число,повторите ввод
Вы ввели не число,повторите ввод
Вы ввели не число,повторите ввод
Вы ввели не число,повторите ввод
Вы ввели не число,повторите ввод
Вы ввели не число,повторите ввод
Вы ввели не число,повторите ввод
Вы ввели не число,повторите ввод
Вы ввели не число,повторите ввод
Вы ввели не число,повторите ввод
Вы ввели не число,повторите ввод
Вы ввели не число,повторите ввод
Вы ввели не число,повторите ввод
Вы ввели не число,повторите ввод
Вы ввели не число,повторите ввод
Вы ввели не число,повторите ввод
Вы ввели не число,повторите ввод
Вы ввели не число,повторите ввод
Вы ввели не число,повторите ввод
Вы ввели не число,повторите ввод
Вы ввели не число,повторите ввод
Вы ввели не число,повторите ввод
Вы ввели не число,повторите ввод
Вы ввели не число,повторите ввод
Вы ввели не число,повторите ввод
Вы ввели не число,повторите ввод
Вы ввели не число,повторите ввод
Вы ввели не число,повторите ввод
Вы ввели не число,повторите ввод
Вы ввели не число,повторите ввод
Вы ввели не число,повторите ввод
Вы ввели не число,повторите ввод
Вы ввели не число,повторите ввод
Вы ввели не число,повторите ввод
Вы ввели не число,повторите ввод
Вы ввели не число,повторите ввод
Вы ввели не число,повторите ввод
Вы ввели не число,повторите ввод
Вы ввели не число,повторите ввод
Вы ввели не число,повторите ввод
Вы ввели не число,повторите ввод
Вы ввели не число,повторите ввод
Вы ввели не число,повторите ввод
Вы ввели не число,повторите ввод
Вы ввели не число,повторите ввод
Вы ввели не число,повторите ввод
Вы ввели не число,повторите ввод
Вы ввели не число,повторите ввод
Вы ввели не число,повторите ввод
Вы ввели не число,повторите ввод
Вы ввели не число,повторите ввод
Вы ввели не число,повторите ввод
Вы ввели не число,повторите ввод
Вы ввели не число,повторите ввод
Вы ввели не число,повторите ввод
Вы ввели не число,повторите ввод
Вы ввели не число,повторите ввод
Вы ввели не число,повторите ввод
Вы ввели не число,повторите ввод
Вы ввели не число,повторите ввод
Вы ввели не число,повторите ввод
Вы ввели не число,повторите ввод
Вы ввели не число,повторите ввод
Вы ввели не число,повторите ввод
Вы ввели не число,повторите ввод
Вы ввели не число,повторите ввод
Вы ввели не число,повторите ввод
Вы ввели не число,повторите ввод
Вы ввели не число,повторите ввод
Вы ввели не число,повторите ввод
Вы ввели не число,повторите ввод
Вы ввели не число,повторите ввод
Вы ввели не число,повторите ввод
Вы ввели не число,повторите ввод
Вы ввели не число,повторите ввод
Вы ввели не число,повторите ввод
Вы ввели не число,повторите ввод
Вы ввели не число,повторите ввод
Вы ввели не число,повторите ввод
Вы ввели не число,повторите ввод
Вы ввели не число,повторите ввод
Вы ввели не число,повторите ввод
Вы ввели не число,повторите ввод
Вы ввели не число,повторите ввод
Вы ввели не число,повторите ввод
Вы ввели не число,повторите ввод
Вы ввели не число,повторите ввод
Вы ввели не число,повторите ввод
Вы ввели не число,повторите ввод
Вы ввели не число,повторите ввод
Вы ввели не число,повторите ввод
Вы ввели не число,повторите ввод
Вы ввели не число,повторите ввод
Вы ввели не число,повторите ввод
Вы ввели не число,повторите ввод
Вы ввели не число,повторите ввод
Вы ввели не число,повторите ввод
Вы ввели не число,повторите ввод
Вы ввели не число,повторите ввод
Вы ввели не число,повторите ввод
Вы ввели не число,повторите ввод
Вы ввели не число,повторите ввод
Вы ввели не число,повторите ввод
Вы ввели не число,повторите ввод
Вы ввели не число,повторите ввод
Вы ввели не число,повторите ввод
Вы ввели не число,повторите ввод
Вы ввели не число,повторите ввод
Вы ввели не число,повторите ввод
Вы ввели не число,повторите ввод
Вы ввели не число,повторите ввод
Вы ввели не число,повторите ввод
Вы ввели не число,повторите ввод
Вы ввели не число,повторите ввод
Вы ввели не число,повторите ввод
Вы ввели не число,повторите ввод
Вы ввели не число,повторите ввод
Вы ввели не число,повторите ввод
Вы ввели не число,повторите ввод
Вы ввели не число,повторите ввод
Вы ввели не число,повторите ввод
Вы ввели не число,повторите ввод
Вы ввели не число,повторите ввод
Вы ввели не число,повторите ввод
Вы ввели не число,повторите ввод
Вы ввели не число,повторите ввод
Вы ввели не число,повторите ввод
Вы ввели не число,повторите ввод
Вы ввели не число,повторите ввод
Вы ввели не число,повторите ввод
Вы ввели не число,повторите ввод
Вы ввели не число,повторите ввод
Вы ввели не число,повторите ввод
Вы ввели не число,повторите ввод
Вы ввели не число,повторите ввод
Вы ввели не число,повторите ввод
Вы ввели не число,повторите ввод
Вы ввели не число,повторите ввод
Вы ввели не число,повторите ввод
Вы ввели не число,повторите ввод
Вы ввели не число,повторите ввод
Вы ввели не число,повторите ввод
Вы ввели не число,повторите ввод
Вы ввели не число,повторите ввод
Вы ввели не число,повторите ввод
Вы ввели не число,повторите ввод
Вы ввели не число,повторите ввод
Вы ввели не число,повторите ввод
Вы ввели не число,повторите ввод
Вы ввели не число,повторите ввод
Вы ввели не число,повторите ввод
Вы ввели не число,повторите ввод
Вы ввели не число,повторите ввод
Вы ввели не число,повторите ввод
Вы ввели не число,повторите ввод
Вы ввели не число,повторите ввод
Вы ввели не число,повторите ввод
Вы ввели не число,повторите ввод
Вы ввели не число,повторите ввод
Вы ввели не число,повторите ввод
Вы ввели не число,повторите ввод
Вы ввели не число,повторите ввод
Вы ввели не число,повторите ввод
Вы ввели не число,повторите ввод
Вы ввели не число,повторите ввод
Вы ввели не число,повторите ввод
Вы ввели не число,повторите ввод
Вы ввели не число,повторите ввод
Вы ввели не число,повторите ввод
Вы ввели не число,повторите ввод
Вы ввели не число,повторите ввод
Вы ввели не число,повторите ввод
Вы ввели не число,повторите ввод
Вы ввели не число,повторите ввод
Вы ввели не число,повторите ввод
Вы ввели не число,повторите ввод
Вы ввели не число,повторите ввод
Вы ввели не число,повторите ввод
Вы ввели не число,повторите ввод
Вы ввели не число,повторите ввод
Вы ввели не число,повторите ввод
Вы ввели не число,повторите ввод
Вы ввели не число,повторите ввод
Вы ввели не число,повторите ввод
Вы ввели не число,повторите ввод
Вы ввели не число,повторите ввод
Вы ввели не число,повторите ввод
Вы ввели не число,повторите ввод
Вы ввели не число,повторите ввод
Вы ввели не число,повторите ввод
Вы ввели не число,повторите ввод
Вы ввели не число,повторите ввод
Вы ввели не число,повторите ввод
Вы ввели не число,повторите ввод
Вы ввели не число,повторите ввод
Вы ввели не число,повторите ввод
Вы ввели не число,повторите ввод
Вы ввели не число,повторите ввод
Вы ввели не число,повторите ввод
Вы ввели не число,повторите ввод
Вы ввели не число,повторите ввод
Вы ввели не число,повторите ввод
Вы ввели не число,повторите ввод
Вы ввели не число,повторите ввод
Вы ввели не число,повторите ввод
Вы ввели не число,повторите ввод
Вы ввели не число,повторите ввод
Вы ввели не число,повторите ввод
Вы ввели не число,повторите ввод
Вы ввели не число,повторите ввод
Вы ввели не число,повторите ввод
Вы ввели не число,повторите ввод
Вы ввели не число,повторите ввод
Вы ввели не число,повторите ввод
Вы ввели не число,повторите ввод
Вы ввели не число,повторите ввод
Вы ввели не число,повторите ввод
Вы ввели не число,повторите ввод
Вы ввели не число,повторите ввод
Вы ввели не число,повторите ввод
Вы ввели не число,повторите ввод
Вы ввели не число,повторите ввод
Вы ввели не число,повторите ввод
Вы ввели не число,повторите ввод
Вы ввели не число,повторите ввод
Вы ввели не число,повторите ввод
Вы ввели не число,повторите ввод
Вы ввели не число,повторите ввод
Вы ввели не число,повторите ввод
Вы ввели не число,повторите ввод
Вы ввели не число,повторите ввод
Вы ввели не число,повторите ввод
Вы ввели не число,повторите ввод
Вы ввели не число,повторите ввод
Вы ввели не число,повторите ввод
Вы ввели не число,повторите ввод
Вы ввели не число,повторите ввод
Вы ввели не число,повторите ввод
Вы ввели не число,повторите ввод
Вы ввели не число,повторите ввод
Вы ввели не число,повторите ввод
Вы ввели не число,повторите ввод
Вы ввели не число,повторите ввод
Вы ввели не число,повторите ввод
Вы ввели не число,повторите ввод
Вы ввели не число,повторите ввод
Вы ввели не число,повторите ввод
Вы ввели не число,повторите ввод
Вы ввели не число,повторите ввод
Вы ввели не число,повторите ввод
Вы ввели не число,повторите ввод
Вы ввели не число,повторите ввод
Вы ввели не число,повторите ввод
Вы ввели не число,повторите ввод
Вы ввели не число,повторите ввод
Вы ввели не число,повторите ввод
Вы ввели не число,повторите ввод
Вы ввели не число,повторите ввод
Вы ввели не число,повторите ввод
Вы ввели не число,повторите ввод
Вы ввели не число,повторите ввод
Вы ввели не число,повторите ввод
Вы ввели не число,повторите ввод
Вы ввели не число,повторите ввод
Вы ввели не число,повторите ввод
Вы ввели не число,повторите ввод
Вы ввели не число,повторите ввод
Вы ввели не число,повторите ввод
Вы ввели не число,повторите ввод
Вы ввели не число,повторите ввод
Вы ввели не число,повторите ввод
Вы ввели не число,повторите ввод
Вы ввели не число,повторите ввод
Вы ввели не число,повторите ввод
Вы ввели не число,повторите ввод
Вы ввели не число,повторите ввод
Вы ввели не число,повторите ввод
Вы ввели не число,повторите ввод
Вы ввели не число,повторите ввод
Вы ввели не число,повторите ввод
Вы ввели не число,повторите ввод
Вы ввели не число,повторите ввод
Вы ввели не число,повторите ввод
Вы ввели не число,повторите ввод
Вы ввели не число,повторите ввод
Вы ввели не число,повторите ввод
Вы ввели не число,повторите ввод
Вы ввели не число,повторите ввод
Вы ввели не число,повторите ввод
Вы ввели не число,повторите ввод
Вы ввели не число,повторите ввод
Вы ввели не число,повторите ввод
Вы ввели не число,повторите ввод
Вы ввели не число,повторите ввод
Вы ввели не число,повторите ввод
Вы ввели не число,повторите ввод
Вы ввели не число,повторите ввод
Вы ввели не число,повторите ввод
Вы ввели не число,повторите ввод
Вы ввели не число,повторите ввод
Вы ввели не число,повторите ввод
Вы ввели не число,повторите ввод
Вы ввели не число,повторите ввод
Вы ввели не число,повторите ввод
Вы ввели не число,повторите ввод
Вы ввели не число,повторите ввод
Вы ввели не число,повторите ввод
Вы ввели не число,повторите ввод
Вы ввели не число,повторите ввод
Вы ввели не число,повторите ввод
Вы ввели не число,повторите ввод
Вы ввели не число,повторите ввод
Вы ввели не число,повторите ввод
Вы ввели не число,повторите ввод
Вы ввели не число,повторите ввод
Вы ввели не число,повторите ввод
Вы ввели не число,повторите ввод
Вы ввели не число,повторите ввод
Вы ввели не число,повторите ввод
Вы ввели не число,повторите ввод
Вы ввели не число,повторите ввод
Вы ввели не число,повторите ввод
Вы ввели не число,повторите ввод
Вы ввели не число,повторите ввод
Вы ввели не число,повторите ввод
Вы ввели не число,повторите ввод
Вы ввели не число,повторите ввод
Вы ввели не число,повторите ввод
Вы ввели не число,повторите ввод
Вы ввели не число,повторите ввод
Вы ввели не число,повторите ввод
Вы ввели не число,повторите ввод
Вы ввели не число,повторите ввод
Вы ввели не число,повторите ввод
Вы ввели не число,повторите ввод
Вы ввели не число,повторите ввод
Вы ввели не число,повторите ввод
Вы ввели не число,повторите ввод
Вы ввели не число,повторите ввод
Вы ввели не число,повторите ввод
Вы ввели не число,повторите ввод
Вы ввели не число,повторите ввод
Вы ввели не число,повторите ввод
Вы ввели не число,повторите ввод
Вы ввели не число,повторите ввод
Вы ввели не число,повторите ввод
Вы ввели не число,повторите ввод
Вы ввели не число,повторите ввод
Вы ввели не число,повторите ввод
Вы ввели не число,повторите ввод
Вы ввели не число,повторите ввод
Вы ввели не число,повторите ввод
Вы ввели не число,повторите ввод
Вы ввели не число,повторите ввод
Вы ввели не число,повторите ввод
Вы ввели не число,повторите ввод
Вы ввели не число,повторите ввод
Вы ввели не число,повторите ввод
Вы ввели не число,повторите ввод
Вы ввели не число,повторите ввод
Вы ввели не число,повторите ввод
Вы ввели не число,повторите ввод
Вы ввели не число,повторите ввод
Вы ввели не число,повторите ввод
Вы ввели не число,повторите ввод
Вы ввели не число,повторите ввод
Вы ввели не число,повторите ввод
Вы ввели не число,повторите ввод
Вы ввели не число,повторите ввод
Вы ввели не число,повторите ввод
Вы ввели не число,повторите ввод
Вы ввели не число,повторите ввод
Вы ввели не число,повторите ввод
Вы ввели не число,повторите ввод
Вы ввели не число,повторите ввод
Вы ввели не число,повторите ввод
Вы ввели не число,повторите ввод
Вы ввели не число,повторите ввод
Вы ввели не число,повторите ввод
Вы ввели не число,повторите ввод
Вы ввели не число,повторите ввод
Вы ввели не число,повторите ввод
Вы ввели не число,повторите ввод
Вы ввели не число,повторите ввод
Вы ввели не число,повторите ввод
Вы ввели не число,повторите ввод
Вы ввели не число,повторите ввод
Вы ввели не число,повторите ввод
Вы ввели не число,повторите ввод
Вы ввели не число,повторите ввод
Вы ввели не число,повторите ввод
Вы ввели не число,повторите ввод
Вы ввели не число,повторите ввод
Вы ввели не число,повторите ввод
Вы ввели не число,повторите ввод
Вы ввели не число,повторите ввод
Вы ввели не число,повторите ввод
Вы ввели не число,повторите ввод
Вы ввели не число,повторите ввод
Вы ввели не число,повторите ввод
Вы ввели не число,повторите ввод
Вы ввели не число,повторите ввод
Вы ввели не число,повторите ввод
Вы ввели не число,повторите ввод
Вы ввели не число,повторите ввод
Вы ввели не число,повторите ввод
Вы ввели не число,повторите ввод
Вы ввели не число,повторите ввод
Вы ввели не число,повторите ввод
Вы ввели не число,повторите ввод
Вы ввели не число,повторите ввод
Вы ввели не число,повторите ввод
Вы ввели не число,повторите ввод
Вы ввели не число,повторите ввод
Вы ввели не число,повторите ввод
Вы ввели не число,повторите ввод
Вы ввели не число,повторите ввод
Вы ввели не число,повторите ввод
Вы ввели не число,повторите ввод
Вы ввели не число,повторите ввод
Вы ввели не число,повторите ввод
Вы ввели не число,повторите ввод
Вы ввели не число,повторите ввод
Вы ввели не число,повторите ввод
Вы ввели не число,повторите ввод
Вы ввели не число,повторите ввод
Вы ввели не число,повторите ввод
Вы ввели не число,повторите ввод
Вы ввели не число,повторите ввод
Вы ввели не число,повторите ввод
Вы ввели не число,повторите ввод
Вы ввели не число,повторите ввод
Вы ввели не число,повторите ввод
Вы ввели не число,повторите ввод
Вы ввели не число,повторите ввод
Вы ввели не число,повторите ввод
Вы ввели не число,повторите ввод
Вы ввели не число,повторите ввод
Вы ввели не число,повторите ввод
Вы ввели не число,повторите ввод
Вы ввели не число,повторите ввод
Вы ввели не число,повторите ввод
Вы ввели не число,повторите ввод
Вы ввели не число,повторите ввод
Вы ввели не число,повторите ввод
Вы ввели не число,повторите ввод
Вы ввели не число,повторите ввод
Вы ввели не число,повторите ввод
Вы ввели не число,повторите ввод
Вы ввели не число,повторите ввод
Вы ввели не число,повторите ввод
Вы ввели не число,повторите ввод
Вы ввели не число,повторите ввод
Вы ввели не число,повторите ввод
Вы ввели не число,повторите ввод
Вы ввели не число,повторите ввод
Вы ввели не число,повторите ввод
Вы ввели не число,повторите ввод
Вы ввели не число,повторите ввод
Вы ввели не число,повторите ввод
Вы ввели не число,повторите ввод
Вы ввели не число,повторите ввод
Вы ввели не число,повторите ввод
Вы ввели не число,повторите ввод
Вы ввели не число,повторите ввод
Вы ввели не число,повторите ввод
Вы ввели не число,повторите ввод
Вы ввели не число,повторите ввод
Вы ввели не число,повторите ввод
Вы ввели не число,повторите ввод
Вы ввели не число,повторите ввод
Вы ввели не число,повторите ввод
Вы ввели не число,повторите ввод
Вы ввели не число,повторите ввод
Вы ввели не число,повторите ввод
Вы ввели не число,повторите ввод
Вы ввели не число,повторите ввод
Вы ввели не число,повторите ввод
Вы ввели не число,повторите ввод
Вы ввели не число,повторите ввод
Вы ввели не число,повторите ввод
Вы ввели не число,повторите ввод
Вы ввели не число,повторите ввод
Вы ввели не число,повторите ввод
Вы ввели не число,повторите ввод
Вы ввели не число,повторите ввод
Вы ввели не число,повторите ввод
Вы ввели не число,повторите ввод
Вы ввели не число,повторите ввод
Вы ввели не число,повторите ввод
Вы ввели не число,повторите ввод
Вы ввели не число,повторите ввод
Вы ввели не число,повторите ввод
Вы ввели не число,повторите ввод
Вы ввели не число,повторите ввод
Вы ввели не число,повторите ввод
Вы ввели не число,повторите ввод
Вы ввели не число,повторите ввод
Вы ввели не число,повторите ввод
Вы ввели не число,повторите ввод
Вы ввели не число,повторите ввод
Вы ввели не число,повторите ввод
Вы ввели не число,повторите ввод
Вы ввели не число,повторите ввод
Вы ввели не число,повторите ввод
Вы ввели не число,повторите ввод
Вы ввели не число,повторите ввод
Вы ввели не число,повторите ввод
Вы ввели не число,повторите ввод
Вы ввели не число,повторите ввод
Вы ввели не число,повторите ввод
Вы ввели не число,повторите ввод
Вы ввели не число,повторите ввод
Вы ввели не число,повторите ввод
Вы ввели не число,повторите ввод
Вы ввели не число,повторите ввод
Вы ввели не число,повторите ввод
Вы ввели не число,повторите ввод
Вы ввели не число,повторите ввод
Вы ввели не число,повторите ввод
Вы ввели не число,повторите ввод
Вы ввели не число,повторите ввод
Вы ввели не число,повторите ввод
Вы ввели не число,повторите ввод
Вы ввели не число,повторите ввод
Вы ввели не число,повторите ввод
Вы ввели не число,повторите ввод
Вы ввели не число,повторите ввод
Вы ввели не число,повторите ввод
Вы ввели не число,повторите ввод
Вы ввели не число,повторите ввод
Вы ввели не число,повторите ввод
Вы ввели не число,повторите ввод
Вы ввели не число,повторите ввод
Вы ввели не число,повторите ввод
Вы ввели не число,повторите ввод
Вы ввели не число,повторите ввод
Вы ввели не число,повторите ввод
Вы ввели не число,повторите ввод
Вы ввели не число,повторите ввод
Вы ввели не число,повторите ввод
Вы ввели не число,повторите ввод
Вы ввели не число,повторите ввод
Вы ввели не число,повторите ввод
Вы ввели не число,повторите ввод
Вы ввели не число,повторите ввод
Вы ввели не число,повторите ввод
Вы ввели не число,повторите ввод
Вы ввели не число,повторите ввод
Вы ввели не число,повторите ввод
Вы ввели не число,повторите ввод
Вы ввели не число,повторите ввод
Вы ввели не число,повторите ввод
Вы ввели не число,повторите ввод
Вы ввели не число,повторите ввод
Вы ввели не число,повторите ввод
Вы ввели не число,повторите ввод
Вы ввели не число,повторите ввод
Вы ввели не число,повторите ввод
Вы ввели не число,повторите ввод
Вы ввели не число,повторите ввод
Вы ввели не число,повторите ввод
Вы ввели не число,повторите ввод
Вы ввели не число,повторите ввод
Вы ввели не число,повторите ввод
Вы ввели не число,повторите ввод
Вы ввели не число,повторите ввод
Вы ввели не число,повторите ввод
Вы ввели не число,повторите ввод
Вы ввели не число,повторите ввод
Вы ввели не число,повторите ввод
Вы ввели не число,повторите ввод
Вы ввели не число,повторите ввод
Вы ввели не число,повторите ввод
Вы ввели не число,повторите ввод
Вы ввели не число,повторите ввод
Вы ввели не число,повторите ввод
Вы ввели не число,повторите ввод
Вы ввели не число,повторите ввод
Вы ввели не число,повторите ввод
Вы ввели не число,повторите ввод
Вы ввели не число,повторите ввод
Вы ввели не число,повторите ввод
Вы ввели не число,повторите ввод
Вы ввели не число,повторите ввод
Вы ввели не число,повторите ввод
Вы ввели не число,повторите ввод
Вы ввели не число,повторите ввод
Вы ввели не число,повторите ввод
Вы ввели не число,повторите ввод
Вы ввели не число,повторите ввод
Вы ввели не число,повторите ввод
Вы ввели не число,повторите ввод
Вы ввели не число,повторите ввод
Вы ввели не число,повторите ввод
Вы ввели не число,повторите ввод
Вы ввели не число,повторите ввод
Вы ввели не число,повторите ввод
Вы ввели не число,повторите ввод
Вы ввели не число,повторите ввод
Вы ввели не число,повторите ввод
Вы ввели не число,повторите ввод
Вы ввели не число,повторите ввод
Вы ввели не число,повторите ввод
Вы ввели не число,повторите ввод
Вы ввели не число,повторите ввод
Вы ввели не число,повторите ввод
Вы ввели не число,повторите ввод
Вы ввели не число,повторите ввод
Вы ввели не число,повторите ввод
Вы ввели не число,повторите ввод
Вы ввели не число,повторите ввод
Вы ввели не число,повторите ввод
Вы ввели не число,повторите ввод
Вы ввели не число,повторите ввод
Вы ввели не число,повторите ввод
Вы ввели не число,повторите ввод
Вы ввели не число,повторите ввод
Вы ввели не число,повторите ввод
Вы ввели не число,повторите ввод
Вы ввели не число,повторите ввод
Вы ввели не число,повторите ввод
Вы ввели не число,повторите ввод
Вы ввели не число,повторите ввод
Вы ввели не число,повторите ввод
Вы ввели не число,повторите ввод
Вы ввели не число,повторите ввод
Вы ввели не число,повторите ввод
Вы ввели не число,повторите ввод
Вы ввели не число,повторите ввод
Вы ввели не число,повторите ввод
Вы ввели не число,повторите ввод
Вы ввели не число,повторите ввод
Вы ввели не число,повторите ввод
Вы ввели не число,повторите ввод
Вы ввели не число,повторите ввод
Вы ввели не число,повторите ввод
Вы ввели не число,повторите ввод
Вы ввели не число,повторите ввод
Вы ввели не число,повторите ввод
Вы ввели не число,повторите ввод
Вы ввели не число,повторите ввод
Вы ввели не число,повторите ввод
Вы ввели не число,повторите ввод
Вы ввели не число,повторите ввод
Вы ввели не число,повторите ввод
Вы ввели не число,повторите ввод
Вы ввели не число,повторите ввод
Вы ввели не число,повторите ввод
Вы ввели не число,повторите ввод
Вы ввели не число,повторите ввод
Вы ввели не число,повторите ввод
Вы ввели не число,повторите ввод
Вы ввели не число,повторите ввод
Вы ввели не число,повторите ввод
Вы ввели не число,повторите ввод
Вы ввели не число,повторите ввод
Вы ввели не число,повторите ввод
Вы ввели не число,повторите ввод
Вы ввели не число,повторите ввод
Вы ввели не число,повторите ввод
Вы ввели не число,повторите ввод
Вы ввели не число,повторите ввод
Вы ввели не число,повторите ввод
Вы ввели не число,повторите ввод
Вы ввели не число,повторите ввод
Вы ввели не число,повторите ввод
Вы ввели не число,повторите ввод
Вы ввели не число,повторите ввод
Вы ввели не число,повторите ввод
Вы ввели не число,повторите ввод
Вы ввели не число,повторите ввод
Вы ввели не число,повторите ввод
Вы ввели не число,повторите ввод
Вы ввели не число,повторите ввод
Вы ввели не число,повторите ввод
Вы ввели не число,повторите ввод
Вы ввели не число,повторите ввод
Вы ввели не число,повторите ввод
Вы ввели не число,повторите ввод
Вы ввели не число,повторите ввод
Вы ввели не число,повторите ввод
Вы ввели не число,повторите ввод
Вы ввели не число,повторите ввод
Вы ввели не число,повторите ввод
Вы ввели не число,повторите ввод
Вы ввели не число,повторите ввод
Вы ввели не число,повторите ввод
Вы ввели не число,повторите ввод
Вы ввели не число,повторите ввод
Вы ввели не число,повторите ввод
Вы ввели не число,повторите ввод
Вы ввели не число,повторите ввод
Вы ввели не число,повторите ввод
Вы ввели не число,повторите ввод
Вы ввели не число,повторите ввод
Вы ввели не число,повторите ввод
Вы ввели не число,повторите ввод
Вы ввели не число,повторите ввод
Вы ввели не число,повторите ввод
Вы ввели не число,повторите ввод
Вы ввели не число,повторите ввод
Вы ввели не число,повторите ввод
Вы ввели не число,повторите ввод
Вы ввели не число,повторите ввод
Вы ввели не число,повторите ввод
Вы ввели не число,повторите ввод
Вы ввели не число,повторите ввод
Вы ввели не число,повторите ввод
Вы ввели не число,повторите ввод
Вы ввели не число,повторите ввод
Вы ввели не число,повторите ввод
Вы ввели не число,повторите ввод
Вы ввели не число,повторите ввод
Вы ввели не число,повторите ввод
Вы ввели не число,повторите ввод
Вы ввели не число,повторите ввод
Вы ввели не число,повторите ввод
Вы ввели не число,повторите ввод
Вы ввели не число,повторите ввод
Вы ввели не число,повторите ввод
Вы ввели не число,повторите ввод
Вы ввели не число,повторите ввод
Вы ввели не число,повторите ввод
Вы ввели не число,повторите ввод
Вы ввели не число,повторите ввод
Вы ввели не число,повторите ввод
Вы ввели не число,повторите ввод
Вы ввели не число,повторите ввод
Вы ввели не число,повторите ввод
Вы ввели не число,повторите ввод
Вы ввели не число,повторите ввод
Вы ввели не число,повторите ввод
Вы ввели не число,повторите ввод
Вы ввели не число,повторите ввод
Вы ввели не число,повторите ввод
Вы ввели не число,повторите ввод
Вы ввели не число,повторите ввод
Вы ввели не число,повторите ввод
Вы ввели не число,повторите ввод
Вы ввели не число,повторите ввод
Вы ввели не число,повторите ввод
Вы ввели не число,повторите ввод
Вы ввели не число,повторите ввод
Вы ввели не число,повторите ввод
Вы ввели не число,повторите ввод
Вы ввели не число,повторите ввод
Вы ввели не число,повторите ввод
Вы ввели не число,повторите ввод
Вы ввели не число,повторите ввод
Вы ввели не число,повторите ввод
Вы ввели не число,повторите ввод
Вы ввели не число,повторите ввод
Вы ввели не число,повторите ввод
Вы ввели не число,повторите ввод
Вы ввели не число,повторите ввод
Вы ввели не число,повторите ввод
Вы ввели не число,повторите ввод
Вы ввели не число,повторите ввод
Вы ввели не число,повторите ввод
Вы ввели не число,повторите ввод
Вы ввели не число,повторите ввод
Вы ввели не число,повторите ввод
Вы ввели не число,повторите ввод
Вы ввели не число,повторите ввод
Вы ввели не число,повторите ввод
Вы ввели не число,повторите ввод
Вы ввели не число,повторите ввод
Вы ввели не число,повторите ввод
Вы ввели не число,повторите ввод
Вы ввели не число,повторите ввод
Вы ввели не число,повторите ввод
Вы ввели не число,повторите ввод
Вы ввели не число,повторите ввод
Вы ввели не число,повторите ввод
Вы ввели не число,повторите ввод
Вы ввели не число,повторите ввод
Вы ввели не число,повторите ввод
Вы ввели не число,повторите ввод
Вы ввели не число,повторите ввод
Вы ввели не число,повторите ввод
Вы ввели не число,повторите ввод
Вы ввели не число,повторите ввод
Вы ввели не число,повторите ввод
Вы ввели не число,повторите ввод
Вы ввели не число,повторите ввод
Вы ввели не число,повторите ввод
Вы ввели не число,повторите ввод
Вы ввели не число,повторите ввод
Вы ввели не число,повторите ввод
Вы ввели не число,повторите ввод
Вы ввели не число,повторите ввод
Вы ввели не число,повторите ввод
Вы ввели не число,повторите ввод
Вы ввели не число,повторите ввод
Вы ввели не число,повторите ввод
Вы ввели не число,повторите ввод
Вы ввели не число,повторите ввод
Вы ввели не число,повторите ввод
Вы ввели не число,повторите ввод
Вы ввели не число,повторите ввод
Вы ввели не число,повторите ввод
Вы ввели не число,повторите ввод
Вы ввели не число,повторите ввод
Вы ввели не число,повторите ввод
Вы ввели не число,повторите ввод
Вы ввели не число,повторите ввод
Вы ввели не число,повторите ввод
Вы ввели не число,повторите ввод
Вы ввели не число,повторите ввод
Вы ввели не число,повторите ввод
Вы ввели не число,повторите ввод
Вы ввели не число,повторите ввод
Вы ввели не число,повторите ввод
Вы ввели не число,повторите ввод
Вы ввели не число,повторите ввод
Вы ввели не число,повторите ввод
Вы ввели не число,повторите ввод
Вы ввели не число,повторите ввод
Вы ввели не число,повторите ввод
Вы ввели не число,повторите ввод
Вы ввели не число,повторите ввод
Вы ввели не число,повторите ввод
Вы ввели не число,повторите ввод
Вы ввели не число,повторите ввод
Вы ввели не число,повторите ввод
Вы ввели не число,повторите ввод
Вы ввели не число,повторите ввод
Вы ввели не число,повторите ввод
Вы ввели не число,повторите ввод
Вы ввели не число,повторите ввод
Вы ввели не число,повторите ввод
Вы ввели не число,повторите ввод
Вы ввели не число,повторите ввод
Вы ввели не число,повторите ввод
Вы ввели не число,повторите ввод
Вы ввели не число,повторите ввод
Вы ввели не число,повторите ввод
Вы ввели не число,повторите ввод
Вы ввели не число,повторите ввод
Вы ввели не число,повторите ввод
Вы ввели не число,повторите ввод
Вы ввели не число,повторите ввод
Вы ввели не число,повторите ввод
Вы ввели не число,повторите ввод
Вы ввели не число,повторите ввод
Вы ввели не число,повторите ввод
Вы ввели не число,повторите ввод
Вы ввели не число,повторите ввод
Вы ввели не число,повторите ввод
Вы ввели не число,повторите ввод
Вы ввели не число,повторите ввод
Вы ввели не число,повторите ввод
Вы ввели не число,повторите ввод
Вы ввели не число,повторите ввод
Вы ввели не число,повторите ввод
Вы ввели не число,повторите ввод
Вы ввели не число,повторите ввод
Вы ввели не число,повторите ввод
Вы ввели не число,повторите ввод
Вы ввели не число,повторите ввод
Вы ввели не число,повторите ввод
Вы ввели не число,повторите ввод
Вы ввели не число,повторите ввод
Вы ввели не число,повторите ввод
Вы ввели не число,повторите ввод
Вы ввели не число,повторите ввод
Вы ввели не число,повторите ввод
Вы ввели не число,повторите ввод
Вы ввели не число,повторите ввод
Вы ввели не число,повторите ввод
Вы ввели не число,повторите ввод
Вы ввели не число,повторите ввод
Вы ввели не число,повторите ввод
Вы ввели не число,повторите ввод
Вы ввели не число,повторите ввод
Вы ввели не число,повторите ввод
Вы ввели не число,повторите ввод
Вы ввели не число,повторите ввод
Вы ввели не число,повторите ввод
Вы ввели не число,повторите ввод
Вы ввели не число,повторите ввод
Вы ввели не число,повторите ввод
Вы ввели не число,повторите ввод
Вы ввели не число,повторите ввод
Вы ввели не число,повторите ввод
Вы ввели не число,повторите ввод
Вы ввели не число,повторите ввод
Вы ввели не число,повторите ввод
Вы ввели не число,повторите ввод
Вы ввели не число,повторите ввод
Вы ввели не число,повторите ввод
Вы ввели не число,повторите ввод
Вы ввели не число,повторите ввод
Вы ввели не число,повторите ввод
Вы ввели не число,повторите ввод
Вы ввели не число,повторите ввод
Вы ввели не число,повторите ввод
Вы ввели не число,повторите ввод
Вы ввели не число,повторите ввод
Вы ввели не число,повторите ввод
Вы ввели не число,повторите ввод
Вы ввели не число,повторите ввод
Вы ввели не число,повторите ввод
Вы ввели не число,повторите ввод
Вы ввели не число,повторите ввод
Вы ввели не число,повторите ввод
Вы ввели не число,повторите ввод
Вы ввели не число,повторите ввод
Вы ввели не число,повторите ввод
Вы ввели не число,повторите ввод
Вы ввели не число,повторите ввод
Вы ввели не число,повторите ввод
Вы ввели не число,повторите ввод
Вы ввели не число,повторите ввод
Вы ввели не число,повторите ввод
Вы ввели не число,повторите ввод
Вы ввели не число,повторите ввод
Вы ввели не число,повторите ввод
Вы ввели не число,повторите ввод
Вы ввели не число,повторите ввод
Вы ввели не число,повторите ввод
Вы ввели не число,повторите ввод
Вы ввели не число,повторите ввод
Вы ввели не число,повторите ввод
Вы ввели не число,повторите ввод
Вы ввели не число,повторите ввод
Вы ввели не число,повторите ввод
Вы ввели не число,повторите ввод
Вы ввели не число,повторите ввод
Вы ввели не число,повторите ввод
Вы ввели не число,повторите ввод
Вы ввели не число,повторите ввод
Вы ввели не число,повторите ввод
Вы ввели не число,повторите ввод
Вы ввели не число,повторите ввод
Вы ввели не число,повторите ввод
Вы ввели не число,повторите ввод
Вы ввели не число,повторите ввод
Вы ввели не число,повторите ввод
Вы ввели не число,повторите ввод
Вы ввели не число,повторите ввод
Вы ввели не число,повторите ввод
Вы ввели не число,повторите ввод
Вы ввели не число,повторите ввод
Вы ввели не число,повторите ввод
Вы ввели не число,повторите ввод
Вы ввели не число,повторите ввод
Вы ввели не число,повторите ввод
Вы ввели не число,повторите ввод
Вы ввели не число,повторите ввод
Вы ввели не число,повторите ввод
Вы ввели не число,повторите ввод
Вы ввели не число,повторите ввод
Вы ввели не число,повторите ввод
Вы ввели не число,повторите ввод
Вы ввели не число,повторите ввод
Вы ввели не число,повторите ввод
Вы ввели не число,повторите ввод
Вы ввели не число,повторите ввод
Вы ввели не число,повторите ввод
Вы ввели не число,повторите ввод
Вы ввели не число,повторите ввод
Вы ввели не число,повторите ввод
Вы ввели не число,повторите ввод
Вы ввели не число,повторите ввод
Вы ввели не число,повторите ввод
Вы ввели не число,повторите ввод
Вы ввели не число,повторите ввод
Вы ввели не число,повторите ввод
Вы ввели не число,повторите ввод
Вы ввели не число,повторите ввод
Вы ввели не число,повторите ввод
Вы ввели не число,повторите ввод
Вы ввели не число,повторите ввод
Вы ввели не число,повторите ввод
Вы ввели не число,повторите ввод
Вы ввели не число,повторите ввод
Вы ввели не число,повторите ввод
Вы ввели не число,повторите ввод
Вы ввели не число,повторите ввод
Вы ввели не число,повторите ввод
Вы ввели не число,повторите ввод
Вы ввели не число,повторите ввод
Вы ввели не число,повторите ввод
Вы ввели не число,повторите ввод
Вы ввели не число,повторите ввод
Вы ввели не число,повторите ввод
Вы ввели не число,повторите ввод
Вы ввели не число,повторите ввод
Вы ввели не число,повторите ввод
Вы ввели не число,повторите ввод
Вы ввели не число,повторите ввод
Вы ввели не число,повторите ввод
Вы ввели не число,повторите ввод
Вы ввели не число,повторите ввод
Вы ввели не число,повторите ввод
Вы ввели не число,повторите ввод
Вы ввели не число,повторите ввод
Вы ввели не число,повторите ввод
Вы ввели не число,повторите ввод
Вы ввели не число,повторите ввод
Вы ввели не число,повторите ввод
Вы ввели не число,повторите ввод
Вы ввели не число,повторите ввод
Вы ввели не число,повторите ввод
Вы ввели не число,повторите ввод
Вы ввели не число,повторите ввод
Вы ввели не число,повторите ввод
Вы ввели не число,повторите ввод
Вы ввели не число,повторите ввод
Вы ввели не число,повторите ввод
Вы ввели не число,повторите ввод
Вы ввели не число,повторите ввод
Вы ввели не число,повторите ввод
Вы ввели не число,повторите ввод
Вы ввели не число,повторите ввод
Вы ввели не число,повторите ввод
Вы ввели не число,повторите ввод
Вы ввели не число,повторите ввод
Вы ввели не число,повторите ввод
Вы ввели не число,повторите ввод
Вы ввели не число,повторите ввод
Вы ввели не число,повторите ввод
Вы ввели не число,повторите ввод
Вы ввели не число,повторите ввод
Вы ввели не число,повторите ввод
Вы ввели не число,повторите ввод
Вы ввели не число,повторите ввод
Вы ввели не число,повторите ввод
Вы ввели не число,повторите ввод
Вы ввели не число,повторите ввод
Вы ввели не число,повторите ввод
Вы ввели не число,повторите ввод
Вы ввели не число,повторите ввод
Вы ввели не число,повторите ввод
Вы ввели не число,повторите ввод
Вы ввели не число,повторите ввод
Вы ввели не число,повторите ввод
Вы ввели не число,повторите ввод
Вы ввели не число,повторите ввод
Вы ввели не число,повторите ввод
Вы ввели не число,повторите ввод
Вы ввели не число,повторите ввод
Вы ввели не число,повторите ввод
Вы ввели не число,повторите ввод
Вы ввели не число,повторите ввод
Вы ввели не число,повторите ввод
Вы ввели не число,повторите ввод
Вы ввели не число,повторите ввод
Вы ввели не число,повторите ввод
Вы ввели не число,повторите ввод
Вы ввели не число,повторите ввод
Вы ввели не число,повторите ввод
Вы ввели не число,повторите ввод
Вы ввели не число,повторите ввод
Вы ввели не число,повторите ввод
Вы ввели не число,повторите ввод
Вы ввели не число,повторите ввод
Вы ввели не число,повторите ввод
Вы ввели не число,повторите ввод
Вы ввели не число,повторите ввод
Вы ввели не число,повторите ввод
Вы ввели не число,повторите ввод
Вы ввели не число,повторите ввод
Вы ввели не число,повторите ввод
Вы ввели не число,повторите ввод
Вы ввели не число,повторите ввод
Вы ввели не число,повторите ввод
Вы ввели не число,повторите ввод
Вы ввели не число,повторите ввод
Вы ввели не число,повторите ввод
Вы ввели не число,повторите ввод
Вы ввели не число,повторите ввод
Вы ввели не число,повторите ввод
Вы ввели не число,повторите ввод
Вы ввели не число,повторите ввод
Вы ввели не число,повторите ввод
Вы ввели не число,повторите ввод
Вы ввели не число,повторите ввод
Вы ввели не число,повторите ввод
Вы ввели не число,повторите ввод
Вы ввели не число,повторите ввод
Вы ввели не число,повторите ввод
Вы ввели не число,повторите ввод
Вы ввели не число,повторите ввод
Вы ввели не число,повторите ввод
Вы ввели не число,повторите ввод
Вы ввели не число,повторите ввод
Вы ввели не число,повторите ввод
Вы ввели не число,повторите ввод
Вы ввели не число,повторите ввод
Вы ввели не число,повторите ввод
Вы ввели не число,повторите ввод
Вы ввели не число,повторите ввод
Вы ввели не число,повторите ввод
Вы ввели не число,повторите ввод
Вы ввели не число,повторите ввод
Вы ввели не число,повторите ввод
Вы ввели не число,повторите ввод
Вы ввели не число,повторите ввод
Вы ввели не число,повторите ввод
Вы ввели не число,повторите ввод
Вы ввели не число,повторите ввод
Вы ввели не число,повторите ввод
Вы ввели не число,повторите ввод
Вы ввели не число,повторите ввод
Вы ввели не число,повторите ввод
Вы ввели не число,повторите ввод
Вы ввели не число,повторите ввод
Вы ввели не число,повторите ввод
Вы ввели не число,повторите ввод
Вы ввели не число,повторите ввод
Вы ввели не число,повторите ввод
Вы ввели не число,повторите ввод
Вы ввели не число,повторите ввод
Вы ввели не число,повторите ввод
Вы ввели не число,повторите ввод
Вы ввели не число,повторите ввод
Вы ввели не число,повторите ввод
Вы ввели не число,повторите ввод
Вы ввели не число,повторите ввод
Вы ввели не число,повторите ввод
Вы ввели не число,повторите ввод
Вы ввели не число,повторите ввод
Вы ввели не число,повторите ввод
Вы ввели не число,повторите ввод
Вы ввели не число,повторите ввод
Вы ввели не число,повторите ввод
Вы ввели не число,повторите ввод
Вы ввели не число,повторите ввод
Вы ввели не число,повторите ввод
Вы ввели не число,повторите ввод
Вы ввели не число,повторите ввод
Вы ввели не число,повторите ввод
Вы ввели не число,повторите ввод
Вы ввели не число,повторите ввод
Вы ввели не число,повторите ввод
Вы ввели не число,повторите ввод
Вы ввели не число,повторите ввод
Вы ввели не число,повторите ввод
Вы ввели не число,повторите ввод
Вы ввели не число,повторите ввод
Вы ввели не число,повторите ввод
Вы ввели не число,повторите ввод
Вы ввели не число,повторите ввод
Вы ввели не число,повторите ввод
Вы ввели не число,повторите ввод
Вы ввели не число,повторите ввод
Вы ввели не число,повторите ввод
Вы ввели не число,повторите ввод
Вы ввели не число,повторите ввод
Вы ввели не число,повторите ввод
Вы ввели не число,повторите ввод
Вы ввели не число,повторите ввод
Вы ввели не число,повторите ввод
Вы ввели не число,повторите ввод
Вы ввели не число,повторите ввод
Вы ввели не число,повторите ввод
Вы ввели не число,повторите ввод
Вы ввели не число,повторите ввод
Вы ввели не число,повторите ввод
Вы ввели не число,повторите ввод
Вы ввели не число,повторите ввод
Вы ввели не число,повторите ввод
Вы ввели не число,повторите ввод
Вы ввели не число,повторите ввод
Вы ввели не число,повторите ввод
Вы ввели не число,повторите ввод
Вы ввели не число,повторите ввод
Вы ввели не число,повторите ввод
Вы ввели не число,повторите ввод
Вы ввели не число,повторите ввод
Вы ввели не число,повторите ввод
Вы ввели не число,повторите ввод
Вы ввели не число,повторите ввод
Вы ввели не число,повторите ввод
Вы ввели не число,повторите ввод
Вы ввели не число,повторите ввод
Вы ввели не число,повторите ввод
Вы ввели не число,повторите ввод
Вы ввели не число,повторите ввод
Вы ввели не число,повторите ввод
Вы ввели не число,повторите ввод
Вы ввели не число,повторите ввод
Вы ввели не число,повторите ввод
Вы ввели не число,повторите ввод
Вы ввели не число,повторите ввод
Вы ввели не число,повторите ввод
Вы ввели не число,повторите ввод
Вы ввели не число,повторите ввод
Вы ввели не число,повторите ввод
Вы ввели не число,повторите ввод
Вы ввели не число,повторите ввод
Вы ввели не число,повторите ввод
Вы ввели не число,повторите ввод
Вы ввели не число,повторите ввод
Вы ввели не число,повторите ввод
Вы ввели не число,повторите ввод
Вы ввели не число,повторите ввод
Вы ввели не число,повторите ввод
Вы ввели не число,повторите ввод
Вы ввели не число,повторите ввод
Вы ввели не число,повторите ввод
Вы ввели не число,повторите ввод
Вы ввели не число,повторите ввод
Вы ввели не число,повторите ввод
Вы ввели не число,повторите ввод
Вы ввели не число,повторите ввод
Вы ввели не число,повторите ввод
Вы ввели не число,повторите ввод
Вы ввели не число,повторите ввод
Вы ввели не число,повторите ввод
Вы ввели не число,повторите ввод
Вы ввели не число,повторите ввод
Вы ввели не число,повторите ввод
Вы ввели не число,повторите ввод
Вы ввели не число,повторите ввод
Вы ввели не число,повторите ввод
Вы ввели не число,повторите ввод
Вы ввели не число,повторите ввод
Вы ввели не число,повторите ввод
Вы ввели не число,повторите ввод
Вы ввели не число,повторите ввод
Вы ввели не число,повторите ввод
Вы ввели не число,повторите ввод
Вы ввели не число,повторите ввод
Вы ввели не число,повторите ввод
Вы ввели не число,повторите ввод
Вы ввели не число,повторите ввод
Вы ввели не число,повторите ввод
Вы ввели не число,повторите ввод
Вы ввели не число,повторите ввод
Вы ввели не число,повторите ввод
Вы ввели не число,повторите ввод
Вы ввели не число,повторите ввод
Вы ввели не число,повторите ввод
Вы ввели не число,повторите ввод
Вы ввели не число,повторите ввод
Вы ввели не число,повторите ввод
Вы ввели не число,повторите ввод
Вы ввели не число,повторите ввод
Вы ввели не число,повторите ввод
Вы ввели не число,повторите ввод
Вы ввели не число,повторите ввод
Вы ввели не число,повторите ввод
Вы ввели не число,повторите ввод
Вы ввели не число,повторите ввод
Вы ввели не число,повторите ввод
Вы ввели не число,повторите ввод
Вы ввели не число,повторите ввод
Вы ввели не число,повторите ввод
Вы ввели не число,повторите ввод
Вы ввели не число,повторите ввод
Вы ввели не число,повторите ввод
Вы ввели не число,повторите ввод
Вы ввели не число,повторите ввод
Вы ввели не число,повторите ввод
Вы ввели не число,повторите ввод
Вы ввели не число,повторите ввод
Вы ввели не число,повторите ввод
Вы ввели не число,повторите ввод
Вы ввели не число,повторите ввод
Вы ввели не число,повторите ввод
Вы ввели не число,повторите ввод
Вы ввели не число,повторите ввод
Вы ввели не число,повторите ввод
Вы ввели не число,повторите ввод
Вы ввели не число,повторите ввод
Вы ввели не число,повторите ввод
Вы ввели не число,повторите ввод
Вы ввели не число,повторите ввод
Вы ввели не число,повторите ввод
Вы ввели не число,повторите ввод
Вы ввели не число,повторите ввод
Вы ввели не число,повторите ввод
Вы ввели не число,повторите ввод
Вы ввели не число,повторите ввод
Вы ввели не число,повторите ввод
Вы ввели не число,повторите ввод
Вы ввели не число,повторите ввод
Вы ввели не число,повторите ввод
Вы ввели не число,повторите ввод
Вы ввели не число,повторите ввод
Вы ввели не число,повторите ввод
Вы ввели не число,повторите ввод
Вы ввели не число,повторите ввод
Вы ввели не число,повторите ввод
Вы ввели не число,повторите ввод
Вы ввели не число,повторите ввод
Вы ввели не число,повторите ввод
Вы ввели не число,повторите ввод
Вы ввели не число,повторите ввод
Вы ввели не число,повторите ввод
Вы ввели не число,повторите ввод
Вы ввели не число,повторите ввод
Вы ввели не число,повторите ввод
Вы ввели не число,повторите ввод
Вы ввели не число,повторите ввод
Вы ввели не число,повторите ввод
Вы ввели не число,повторите ввод
Вы ввели не число,повторите ввод
Вы ввели не число,повторите ввод
Вы ввели не число,повторите ввод
Вы ввели не число,повторите ввод
Вы ввели не число,повторите ввод
Вы ввели не число,повторите ввод
Вы ввели не число,повторите ввод
Вы ввели не число,повторите ввод
Вы ввели не число,повторите ввод
Вы ввели не число,повторите ввод
Вы ввели не число,повторите ввод
Вы ввели не число,повторите ввод
Вы ввели не число,повторите ввод
Вы ввели не число,повторите ввод
Вы ввели не число,повторите ввод
Вы ввели не число,повторите ввод
Вы ввели не число,повторите ввод
Вы ввели не число,повторите ввод
Вы ввели не число,повторите ввод
Вы ввели не число,повторите ввод
Вы ввели не число,повторите ввод
Вы ввели не число,повторите ввод
Вы ввели не число,повторите ввод
Вы ввели не число,повторите ввод
Вы ввели не число,повторите ввод
Вы ввели не число,повторите ввод
Вы ввели не число,повторите ввод
Вы ввели не число,повторите ввод
Вы ввели не число,повторите ввод
Вы ввели не число,повторите ввод
Вы ввели не число,повторите ввод
Вы ввели не число,повторите ввод
Вы ввели не число,повторите ввод
Вы ввели не число,повторите ввод
Вы ввели не число,повторите ввод
Вы ввели не число,повторите ввод
Вы ввели не число,повторите ввод
Вы ввели не число,повторите ввод
Вы ввели не число,повторите ввод
Вы ввели не число,повторите ввод
Вы ввели не число,повторите ввод
Вы ввели не число,повторите ввод
Вы ввели не число,повторите ввод
Вы ввели не число,повторите ввод
Вы ввели не число,повторите ввод
Вы ввели не число,повторите ввод
Вы ввели не число,повторите ввод
Вы ввели не число,повторите ввод
Вы ввели не число,повторите ввод
Вы ввели не число,повторите ввод
Вы ввели не число,повторите ввод
Вы ввели не число,повторите ввод
Вы ввели не число,повторите ввод
Вы ввели не число,повторите ввод
Вы ввели не число,повторите ввод
Вы ввели не число,повторите ввод
Вы ввели не число,повторите ввод
Вы ввели не число,повторите ввод
Вы ввели не число,повторите ввод
Вы ввели не число,повторите ввод
Вы ввели не число,повторите ввод
Вы ввели не число,повторите ввод
Вы ввели не число,повторите ввод
Вы ввели не число,повторите ввод
Вы ввели не число,повторите ввод
Вы ввели не число,повторите ввод
Вы ввели не число,повторите ввод
Вы ввели не число,повторите ввод
Вы ввели не число,повторите ввод
Вы ввели не число,повторите ввод
Вы ввели не число,повторите ввод
Вы ввели не число,повторите ввод
Вы ввели не число,повторите ввод
Вы ввели не число,повторите ввод
Вы ввели не число,повторите ввод
Вы ввели не число,повторите ввод
Вы ввели не число,повторите ввод
Вы ввели не число,повторите ввод
Вы ввели не число,повторите ввод
Вы ввели не число,повторите ввод
Вы ввели не число,повторите ввод
Вы ввели не число,повторите ввод
Вы ввели не число,повторите ввод
Вы ввели не число,повторите ввод
Вы ввели не число,повторите ввод
Вы ввели не число,повторите ввод
Вы ввели не число,повторите ввод
Вы ввели не число,повторите ввод
Вы ввели не число,повторите ввод
Вы ввели не число,повторите ввод
Вы ввели не число,повторите ввод
Вы ввели не число,повторите ввод
Вы ввели не число,повторите ввод
Вы ввели не число,повторите ввод
Вы ввели не число,повторите ввод
Вы ввели не число,повторите ввод
Вы ввели не число,повторите ввод
Вы ввели не число,повторите ввод
Вы ввели не число,повторите ввод
Вы ввели не число,повторите ввод
Вы ввели не число,повторите ввод
Вы ввели не число,повторите ввод
Вы ввели не число,повторите ввод
Вы ввели не число,повторите ввод
Вы ввели не число,повторите ввод
Вы ввели не число,повторите ввод
Вы ввели не число,повторите ввод
Вы ввели не число,повторите ввод
Вы ввели не число,повторите ввод
Вы ввели не число,повторите ввод
Вы ввели не число,повторите ввод
Вы ввели не число,повторите ввод
Вы ввели не число,повторите ввод
Вы ввели не число,повторите ввод
Вы ввели не число,повторите ввод
Вы ввели не число,повторите ввод
Вы ввели не число,повторите ввод
Вы ввели не число,повторите ввод
Вы ввели не число,повторите ввод
Вы ввели не число,повторите ввод
Вы ввели не число,повторите ввод
Вы ввели не число,повторите ввод
Вы ввели не число,повторите ввод
Вы ввели не число,повторите ввод
Вы ввели не число,повторите ввод
Вы ввели не число,повторите ввод
Вы ввели не число,повторите ввод
Вы ввели не число,повторите ввод
Вы ввели не число,повторите ввод
Вы ввели не число,повторите ввод
Вы ввели не число,повторите ввод
Вы ввели не число,повторите ввод
Вы ввели не число,повторите ввод
Вы ввели не число,повторите ввод
Вы ввели не число,повторите ввод
Вы ввели не число,повторите ввод
Вы ввели не число,повторите ввод
Вы ввели не число,повторите ввод
Вы ввели не число,повторите ввод
Вы ввели не число,повторите ввод
Вы ввели не число,повторите ввод
Вы ввели не число,повторите ввод
Вы ввели не число,повторите ввод
Вы ввели не число,повторите ввод
Вы ввели не число,повторите ввод
Вы ввели не число,повторите ввод
Вы ввели не число,повторите ввод
Вы ввели не число,повторите ввод
Вы ввели не число,повторите ввод
Вы ввели не число,повторите ввод
Вы ввели не число,повторите ввод
Вы ввели не число,повторите ввод
Вы ввели не число,повторите ввод
Вы ввели не число,повторите ввод
Вы ввели не число,повторите ввод
Вы ввели не число,повторите ввод
Вы ввели не число,повторите ввод
Вы ввели не число,повторите ввод
Вы ввели не число,повторите ввод
Вы ввели не число,повторите ввод
Вы ввели не число,повторите ввод
Вы ввели не число,повторите ввод
Вы ввели не число,повторите ввод
Вы ввели не число,повторите ввод
Вы ввели не число,повторите ввод
Вы ввели не число,повторите ввод
Вы ввели не число,повторите ввод
Вы ввели не число,повторите ввод
Вы ввели не число,повторите ввод
Вы ввели не число,повторите ввод
Вы ввели не число,повторите ввод
Вы ввели не число,повторите ввод
Вы ввели не число,повторите ввод
Вы ввели не число,повторите ввод
Вы ввели не число,повторите ввод
Вы ввели не число,повторите ввод
Вы ввели не число,повторите ввод
Вы ввели не число,повторите ввод
Вы ввели не число,повторите ввод
Вы ввели не число,повторите ввод
Вы ввели не число,повторите ввод
Вы ввели не число,повторите ввод
Вы ввели не число,повторите ввод
Вы ввели не число,повторите ввод
Вы ввели не число,повторите ввод
Вы ввели не число,повторите ввод
Вы ввели не число,повторите ввод
Вы ввели не число,повторите ввод
Вы ввели не число,повторите ввод
Вы ввели не число,повторите ввод
Вы ввели не число,повторите ввод
Вы ввели не число,повторите ввод
Вы ввели не число,повторите ввод
Вы ввели не число,повторите ввод
Вы ввели не число,повторите ввод
Вы ввели не число,повторите ввод
Вы ввели не число,повторите ввод
Вы ввели не число,повторите ввод
Вы ввели не число,повторите ввод
Вы ввели не число,повторите ввод
Вы ввели не число,повторите ввод
Вы ввели не число,повторите ввод
Вы ввели не число,повторите ввод
Вы ввели не число,повторите ввод
Вы ввели не число,повторите ввод
Вы ввели не число,повторите ввод
Вы ввели не число,повторите ввод
Вы ввели не число,повторите ввод
Вы ввели не число,повторите ввод
Вы ввели не число,повторите ввод
Вы ввели не число,повторите ввод
Вы ввели не число,повторите ввод
Вы ввели не число,повторите ввод
Вы ввели не число,повторите ввод
Вы ввели не число,повторите ввод
Вы ввели не число,повторите ввод
Вы ввели не число,повторите ввод
Вы ввели не число,повторите ввод
Вы ввели не число,повторите ввод
Вы ввели не число,повторите ввод
Вы ввели не число,повторите ввод
Вы ввели не число,повторите ввод
Вы ввели не число,повторите ввод
Вы ввели не число,повторите ввод
Вы ввели не число,повторите ввод
Вы ввели не число,повторите ввод
Вы ввели не число,повторите ввод
Вы ввели не число,повторите ввод
Вы ввели не число,повторите ввод
Вы ввели не число,повторите ввод
Вы ввели не число,повторите ввод
Вы ввели не число,повторите ввод
Вы ввели не число,повторите ввод
Вы ввели не число,повторите ввод
Вы ввели не число,повторите ввод
Вы ввели не число,повторите ввод
Вы ввели не число,повторите ввод
Вы ввели не число,повторите ввод
Вы ввели не число,повторите ввод
Вы ввели не число,повторите ввод
Вы ввели не число,повторите ввод
Вы ввели не число,повторите ввод
Вы ввели не число,повторите ввод
Вы ввели не число,повторите ввод
Вы ввели не число,повторите ввод
Вы ввели не число,повторите ввод
Вы ввели не число,повторите ввод
Вы ввели не число,повторите ввод
Вы ввели не число,повторите ввод
Вы ввели не число,повторите ввод
Вы ввели не число,повторите ввод
Вы ввели не число,повторите ввод
Вы ввели не число,повторите ввод
Вы ввели не число,повторите ввод
Вы ввели не число,повторите ввод
Вы ввели не число,повторите ввод
Вы ввели не число,повторите ввод
Вы ввели не число,повторите ввод
Вы ввели не число,повторите ввод
Вы ввели не число,повторите ввод
Вы ввели не число,повторите ввод
Вы ввели не число,повторите ввод
Вы ввели не число,повторите ввод
Вы ввели не число,повторите ввод
Вы ввели не число,повторите ввод
Вы ввели не число,повторите ввод
Вы ввели не число,повторите ввод
Вы ввели не число,повторите ввод
Вы ввели не число,повторите ввод
Вы ввели не число,повторите ввод
Вы ввели не число,повторите ввод
Вы ввели не число,повторите ввод
Вы ввели не число,повторите ввод
Вы ввели не число,повторите ввод
Вы ввели не число,повторите ввод
Вы ввели не число,повторите ввод
Вы ввели не число,повторите ввод
Вы ввели не число,повторите ввод
Вы ввели не число,повторите ввод
Вы ввели не число,повторите ввод
Вы ввели не число,повторите ввод
Вы ввели не число,повторите ввод
Вы ввели не число,повторите ввод
Вы ввели не число,повторите ввод
Вы ввели не число,повторите ввод
Вы ввели не число,повторите ввод
Вы ввели не число,повторите ввод
Вы ввели не число,повторите ввод
Вы ввели не число,повторите ввод
Вы ввели не число,повторите ввод
Вы ввели не число,повторите ввод
Вы ввели не число,повторите ввод
Вы ввели не число,повторите ввод
Вы ввели не число,повторите ввод
Вы ввели не число,повторите ввод
Вы ввели не число,повторите ввод
Вы ввели не число,повторите ввод
Вы ввели не число,повторите ввод
Вы ввели не число,повторите ввод
Вы ввели не число,повторите ввод
Вы ввели не число,повторите ввод
Вы ввели не число,повторите ввод
Вы ввели не число,повторите ввод
Вы ввели не число,повторите ввод
Вы ввели не число,повторите ввод
Вы ввели не число,повторите ввод
Вы ввели не число,повторите ввод
Вы ввели не число,повторите ввод
Вы ввели не число,повторите ввод
Вы ввели не число,повторите ввод
Вы ввели не число,повторите ввод
Вы ввели не число,повторите ввод
Вы ввели не число,повторите ввод
Вы ввели не число,повторите ввод
Вы ввели не число,повторите ввод
Вы ввели не число,повторите ввод
Вы ввели не число,повторите ввод
Вы ввели не число,повторите ввод
Вы ввели не число,повторите ввод
Вы ввели не число,повторите ввод
Вы ввели не число,повторите ввод
Вы ввели не число,повторите ввод
Вы ввели не число,повторите ввод
Вы ввели не число,повторите ввод
Вы ввели не число,повторите ввод
Вы ввели не число,повторите ввод
Вы ввели не число,повторите ввод
Вы ввели не число,повторите ввод
Вы ввели не число,повторите ввод
Вы ввели не число,повторите ввод
Вы ввели не число,повторите ввод
Вы ввели не число,повторите ввод
Вы ввели не число,повторите ввод
Вы ввели не число,повторите ввод
Вы ввели не число,повторите ввод
Вы ввели не число,повторите ввод
Вы ввели не число,повторите ввод
Вы ввели не число,повторите ввод
Вы ввели не число,повторите ввод
Вы ввели не число,повторите ввод
Вы ввели не число,повторите ввод
Вы ввели не число,повторите ввод
Вы ввели не число,повторите ввод
Вы ввели не число,повторите ввод
Вы ввели не число,повторите ввод
Вы ввели не число,повторите ввод
Вы ввели не число,повторите ввод
Вы ввели не число,повторите ввод
Вы ввели не число,повторите ввод
Вы ввели не число,повторите ввод
Вы ввели не число,повторите ввод
Вы ввели не число,повторите ввод
Вы ввели не число,повторите ввод
Вы ввели не число,повторите ввод
Вы ввели не число,повторите ввод
Вы ввели не число,повторите ввод
Вы ввели не число,повторите ввод
Вы ввели не число,повторите ввод
Вы ввели не число,повторите ввод
Вы ввели не число,повторите ввод
Вы ввели не число,повторите ввод
Вы ввели не число,повторите ввод
Вы ввели не число,повторите ввод
Вы ввели не число,повторите ввод
Вы ввели не число,повторите ввод
Вы ввели не число,повторите ввод
Вы ввели не число,повторите ввод
Вы ввели не число,повторите ввод
Вы ввели не число,повторите ввод
Вы ввели не число,повторите ввод
Вы ввели не число,повторите ввод
Вы ввели не число,повторите ввод
Вы ввели не число,повторите ввод
Вы ввели не число,повторите ввод
Вы ввели не число,повторите ввод
Вы ввели не число,повторите ввод
Вы ввели не число,повторите ввод
Вы ввели не число,повторите ввод
Вы ввели не число,повторите ввод
Вы ввели не число,повторите ввод
Вы ввели не число,повторите ввод
Вы ввели не число,повторите ввод
Вы ввели не число,повторите ввод
Вы ввели не число,повторите ввод
Вы ввели не число,повторите ввод
Вы ввели не число,повторите ввод
Вы ввели не число,повторите ввод
Вы ввели не число,повторите ввод
Вы ввели не число,повторите ввод
Вы ввели не число,повторите ввод
Вы ввели не число,повторите ввод
Вы ввели не число,повторите ввод
Вы ввели не число,повторите ввод
Вы ввели не число,повторите ввод
Вы ввели не число,повторите ввод
Вы ввели не число,повторите ввод
Вы ввели не число,повторите ввод
Вы ввели не число,повторите ввод
Вы ввели не число,повторите ввод
Вы ввели не число,повторите ввод
Вы ввели не число,повторите ввод
Вы ввели не число,повторите ввод
Вы ввели не число,повторите ввод
Вы ввели не число,повторите ввод
Вы ввели не число,повторите ввод
Вы ввели не число,повторите ввод
Вы ввели не число,повторите ввод
Вы ввели не число,повторите ввод
Вы ввели не число,повторите ввод
Вы ввели не число,повторите ввод
Вы ввели не число,повторите ввод
Вы ввели не число,повторите ввод
Вы ввели не число,повторите ввод
Вы ввели не число,повторите ввод
Вы ввели не число,повторите ввод
Вы ввели не число,повторите ввод
Вы ввели не число,повторите ввод
Вы ввели не число,повторите ввод
Вы ввели не число,повторите ввод
Вы ввели не число,повторите ввод
Вы ввели не число,повторите ввод
Вы ввели не число,повторите ввод
Вы ввели не число,повторите ввод
Вы ввели не число,повторите ввод
Вы ввели не число,повторите ввод
Вы ввели не число,повторите ввод
Вы ввели не число,повторите ввод
Вы ввели не число,повторите ввод
Вы ввели не число,повторите ввод
Вы ввели не число,повторите ввод
Вы ввели не число,повторите ввод
Вы ввели не число,повторите ввод
Вы ввели не число,повторите ввод
Вы ввели не число,повторите ввод
Вы ввели не число,повторите ввод
Вы ввели не число,повторите ввод
Вы ввели не число,повторите ввод
Вы ввели не число,повторите ввод
Вы ввели не число,повторите ввод
Вы ввели не число,повторите ввод
Вы ввели не число,повторите ввод
Вы ввели не число,повторите ввод
Вы ввели не число,повторите ввод
Вы ввели не число,повторите ввод
Вы ввели не число,повторите ввод
Вы ввели не число,повторите ввод
Вы ввели не число,повторите ввод
Вы ввели не число,повторите ввод
Вы ввели не число,повторите ввод
Вы ввели не число,повторите ввод
Вы ввели не число,повторите ввод
Вы ввели не число,повторите ввод
Вы ввели не число,повторите ввод
Вы ввели не число,повторите ввод
Вы ввели не число,повторите ввод
Вы ввели не число,повторите ввод
Вы ввели не число,повторите ввод
Вы ввели не число,повторите ввод
Вы ввели не число,повторите ввод
Вы ввели не число,повторите ввод
Вы ввели не число,повторите ввод
Вы ввели не число,повторите ввод
Вы ввели не число,повторите ввод
Вы ввели не число,повторите ввод
Вы ввели не число,повторите ввод
Вы ввели не число,повторите ввод
Вы ввели не число,повторите ввод
Вы ввели не число,повторите ввод
Вы ввели не число,повторите ввод
Вы ввели не число,повторите ввод
Вы ввели не число,повторите ввод
Вы ввели не число,повторите ввод
Вы ввели не число,повторите ввод
Вы ввели не число,повторите ввод
Вы ввели не число,повторите ввод
Вы ввели не число,повторите ввод
Вы ввели не число,повторите ввод
Вы ввели не число,повторите ввод
Вы ввели не число,повторите ввод
Вы ввели не число,повторите ввод
Вы ввели не число,повторите ввод
Вы ввели не число,повторите ввод
Вы ввели не число,повторите ввод
Вы ввели не число,повторите ввод
Вы ввели не число,повторите ввод
Вы ввели не число,повторите ввод
Вы ввели не число,повторите ввод
Вы ввели не число,повторите ввод
Вы ввели не число,повторите ввод
Вы ввели не число,повторите ввод
Вы ввели не число,повторите ввод
Вы ввели не число,повторите ввод
Вы ввели не число,повторите ввод
Вы ввели не число,повторите ввод
Вы ввели не число,повторите ввод
Вы ввели не число,повторите ввод
Вы ввели не число,повторите ввод
Вы ввели не число,повторите ввод
Вы ввели не число,повторите ввод
Вы ввели не число,повторите ввод
Вы ввели не число,повторите ввод
Вы ввели не число,повторите ввод
Вы ввели не число,повторите ввод
Вы ввели не число,повторите ввод
Вы ввели не число,повторите ввод
Вы ввели не число,повторите ввод
Вы ввели не число,повторите ввод
Вы ввели не число,повторите ввод
Вы ввели не число,повторите ввод
Вы ввели не число,повторите ввод
Вы ввели не число,повторите ввод
Вы ввели не число,повторите ввод
Вы ввели не число,повторите ввод
Вы ввели не число,повторите ввод
Вы ввели не число,повторите ввод
Вы ввели не число,повторите ввод
Вы ввели не число,повторите ввод
Вы ввели не число,повторите ввод
Вы ввели не число,повторите ввод
Вы ввели не число,повторите ввод
Вы ввели не число,повторите ввод
Вы ввели не число,повторите ввод
Вы ввели не число,повторите ввод
Вы ввели не число,повторите ввод
Вы ввели не число,повторите ввод
Вы ввели не число,повторите ввод
Вы ввели не число,повторите ввод
Вы ввели не число,повторите ввод
Вы ввели не число,повторите ввод
Вы ввели не число,повторите ввод
Вы ввели не число,повторите ввод
Вы ввели не число,повторите ввод
Вы ввели не число,повторите ввод
Вы ввели не число,повторите ввод
Вы ввели не число,повторите ввод
Вы ввели не число,повторите ввод
Вы ввели не число,повторите ввод
Вы ввели не число,повторите ввод
Вы ввели не число,повторите ввод
Вы ввели не число,повторите ввод
Вы ввели не число,повторите ввод
Вы ввели не число,повторите ввод
Вы ввели не число,повторите ввод
Вы ввели не число,повторите ввод
Вы ввели не число,повторите ввод
Вы ввели не число,повторите ввод
Вы ввели не число,повторите ввод
Вы ввели не число,повторите ввод
Вы ввели не число,повторите ввод
Вы ввели не число,повторите ввод
Вы ввели не число,повторите ввод
Вы ввели не число,повторите ввод
Вы ввели не число,повторите ввод
Вы ввели не число,повторите ввод
Вы ввели не число,повторите ввод
Вы ввели не число,повторите ввод
Вы ввели не число,повторите ввод
Вы ввели не число,повторите ввод
Вы ввели не число,повторите ввод
Вы ввели не число,повторите ввод
Вы ввели не число,повторите ввод
Вы ввели не число,повторите ввод
Вы ввели не число,повторите ввод
Вы ввели не число,повторите ввод
Вы ввели не число,повторите ввод
Вы ввели не число,повторите ввод
Вы ввели не число,повторите ввод
Вы ввели не число,повторите ввод
Вы ввели не число,повторите ввод
Вы ввели не число,повторите ввод
Вы ввели не число,повторите ввод
Вы ввели не число,повторите ввод
Вы ввели не число,повторите ввод
Вы ввели не число,повторите ввод
Вы ввели не число,повторите ввод
Вы ввели не число,повторите ввод
Вы ввели не число,повторите ввод
Вы ввели не число,повторите ввод
Вы ввели не число,повторите ввод
Вы ввели не число,повторите ввод
Вы ввели не число,повторите ввод
Вы ввели не число,повторите ввод
Вы ввели не число,повторите ввод
Вы ввели не число,повторите ввод
Вы ввели не число,повторите ввод
Вы ввели не число,повторите ввод
Вы ввели не число,повторите ввод
Вы ввели не число,повторите ввод
Вы ввели не число,повторите ввод
Вы ввели не число,повторите ввод
Вы ввели не число,повторите ввод
Вы ввели не число,повторите ввод
Вы ввели не число,повторите ввод
Вы ввели не число,повторите ввод
Вы ввели не число,повторите ввод
Вы ввели не число,повторите ввод
Вы ввели не число,повторите ввод
Вы ввели не число,повторите ввод
Вы ввели не число,повторите ввод
Вы ввели не число,повторите ввод
Вы ввели не число,повторите ввод
Вы ввели не число,повторите ввод
Вы ввели не число,повторите ввод
Вы ввели не число,повторите ввод
Вы ввели не число,повторите ввод
Вы ввели не число,повторите ввод
Вы ввели не число,повторите ввод
Вы ввели не число,повторите ввод
Вы ввели не число,повторите ввод
Вы ввели не число,повторите ввод
Вы ввели не число,повторите ввод
Вы ввели не число,повторите ввод
Вы ввели не число,повторите ввод
Вы ввели не число,повторите ввод
Вы ввели не число,повторите ввод
Вы ввели не число,повторите ввод
Вы ввели не число,повторите ввод
Вы ввели не число,повторите ввод
Вы ввели не число,повторите ввод
Вы ввели не число,повторите ввод
Вы ввели не число,повторите ввод
Вы ввели не число,повторите ввод
Вы ввели не число,повторите ввод
Вы ввели не число,повторите ввод
Вы ввели не число,повторите ввод
Вы ввели не число,повторите ввод
Вы ввели не число,повторите ввод
Вы ввели не число,повторите ввод
Вы ввели не число,повторите ввод
Вы ввели не число,повторите ввод
Вы ввели не число,повторите ввод
Вы ввели не число,повторите ввод
Вы ввели не число,повторите ввод
Вы ввели не число,повторите ввод
Вы ввели не число,повторите ввод
Вы ввели не число,повторите ввод
Вы ввели не число,повторите ввод
Вы ввели не число,повторите ввод
Вы ввели не число,повторите ввод
Вы ввели не число,повторите ввод
Вы ввели не число,повторите ввод
Вы ввели не число,повторите ввод
Вы ввели не число,повторите ввод
Вы ввели не число,повторите ввод
Вы ввели не число,повторите ввод
Вы ввели не число,повторите ввод
Вы ввели не число,повторите ввод
Вы ввели не число,повторите ввод
Вы ввели не число,повторите ввод
Вы ввели не число,повторите ввод
Вы ввели не число,повторите ввод
Вы ввели не число,повторите ввод
Вы ввели не число,повторите ввод
Вы ввели не число,повторите ввод
Вы ввели не число,повторите ввод
Вы ввели не число,повторите ввод
Вы ввели не число,повторите ввод
Вы ввели не число,повторите ввод
Вы ввели не число,повторите ввод
Вы ввели не число,повторите ввод
Вы ввели не число,повторите ввод
Вы ввели не число,повторите ввод
Вы ввели не число,повторите ввод
Вы ввели не число,повторите ввод
Вы ввели не число,повторите ввод
Вы ввели не число,повторите ввод
Вы ввели не число,повторите ввод
Вы ввели не число,повторите ввод
Вы ввели не число,повторите ввод
Вы ввели не число,повторите ввод
Вы ввели не число,повторите ввод
Вы ввели не число,повторите ввод
Вы ввели не число,повторите ввод
Вы ввели не число,повторите ввод
Вы ввели не число,повторите ввод
Вы ввели не число,повторите ввод
Вы ввели не число,повторите ввод
Вы ввели не число,повторите ввод
Вы ввели не число,повторите ввод
Вы ввели не число,повторите ввод
Вы ввели не число,повторите ввод
Вы ввели не число,повторите ввод
Вы ввели не число,повторите ввод
Вы ввели не число,повторите ввод
Вы ввели не число,повторите ввод
Вы ввели не число,повторите ввод
Вы ввели не число,повторите ввод
Вы ввели не число,повторите ввод
Вы ввели не число,повторите ввод
Вы ввели не число,повторите ввод
Вы ввели не число,повторите ввод
Вы ввели не число,повторите ввод
Вы ввели не число,повторите ввод
Вы ввели не число,повторите ввод
Вы ввели не число,повторите ввод
Вы ввели не число,повторите ввод
Вы ввели не число,повторите ввод
Вы ввели не число,повторите ввод
Вы ввели не число,повторите ввод
Вы ввели не число,повторите ввод
Вы ввели не число,повторите ввод
Вы ввели не число,повторите ввод
Вы ввели не число,повторите ввод
Вы ввели не число,повторите ввод
Вы ввели не число,повторите ввод
Вы ввели не число,повторите ввод
Вы ввели не число,повторите ввод
Вы ввели не число,повторите ввод
Вы ввели не число,повторите ввод
Вы ввели не число,повторите ввод
Вы ввели не число,повторите ввод
Вы ввели не число,повторите ввод
Вы ввели не число,повторите ввод
Вы ввели не число,повторите ввод
Вы ввели не число,повторите ввод
Вы ввели не число,повторите ввод
Вы ввели не число,повторите ввод
Вы ввели не число,повторите ввод
Вы ввели не число,повторите ввод
Вы ввели не число,повторите ввод
Вы ввели не число,повторите ввод
Вы ввели не число,повторите ввод
Вы ввели не число,повторите ввод
Вы ввели не число,повторите ввод
Вы ввели не число,повторите ввод
Вы ввели не число,повторите ввод
Вы ввели не число,повторите ввод
Вы ввели не число,повторите ввод
Вы ввели не число,повторите ввод
Вы ввели не число,повторите ввод
Вы ввели не число,повторите ввод
Вы ввели не число,повторите ввод
Вы ввели не число,повторите ввод
Вы ввели не число,повторите ввод
Вы ввели не число,повторите ввод
Вы ввели не число,повторите ввод
Вы ввели не число,повторите ввод
Вы ввели не число,повторите ввод
Вы ввели не число,повторите ввод
Вы ввели не число,повторите ввод
Вы ввели не число,повторите ввод
Вы ввели не число,повторите ввод
Вы ввели не число,повторите ввод
Вы ввели не число,повторите ввод
Вы ввели не число,повторите ввод
Вы ввели не число,повторите ввод
Вы ввели не число,повторите ввод
Вы ввели не число,повторите ввод
Вы ввели не число,повторите ввод
Вы ввели не число,повторите ввод
Вы ввели не число,повторите ввод
Вы ввели не число,повторите ввод
Вы ввели не число,повторите ввод
Вы ввели не число,повторите ввод
Вы ввели не число,повторите ввод
Вы ввели не число,повторите ввод
Вы ввели не число,повторите ввод
Вы ввели не число,повторите ввод
Вы ввели не число,повторите ввод
Вы ввели не число,повторите ввод
Вы ввели не число,повторите ввод
Вы ввели не число,повторите ввод
Вы ввели не число,повторите ввод
Вы ввели не число,повторите ввод
Вы ввели не число,повторите ввод
Вы ввели не число,повторите ввод
Вы ввели не число,повторите ввод
Вы ввели не число,повторите ввод
Вы ввели не число,повторите ввод
Вы ввели не число,повторите ввод
Вы ввели не число,повторите ввод
Вы ввели не число,повторите ввод
Вы ввели не число,повторите ввод
Вы ввели не число,повторите ввод
Вы ввели не число,повторите ввод
Вы ввели не число,повторите ввод
Вы ввели не число,повторите ввод
Вы ввели не число,повторите ввод
Вы ввели не число,повторите ввод
Вы ввели не число,повторите ввод
Вы ввели не число,повторите ввод
Вы ввели не число,повторите ввод
Вы ввели не число,повторите ввод
Вы ввели не число,повторите ввод
Вы ввели не число,повторите ввод
Вы ввели не число,повторите ввод
Вы ввели не число,повторите ввод
Вы ввели не число,повторите ввод
Вы ввели не число,повторите ввод
Вы ввели не число,повторите ввод
Вы ввели не число,повторите ввод
Вы ввели не число,повторите ввод
Вы ввели не число,повторите ввод
Вы ввели не число,повторите ввод
Вы ввели не число,повторите ввод
Вы ввели не число,повторите ввод
Вы ввели не число,повторите ввод
Вы ввели не число,повторите ввод
Вы ввели не число,повторите ввод
Вы ввели не число,повторите ввод
Вы ввели не число,повторите ввод
Вы ввели не число,повторите ввод
Вы ввели не число,повторите ввод
Вы ввели не число,повторите ввод
Вы ввели не число,повторите ввод
Вы ввели не число,повторите ввод
Вы ввели не число,повторите ввод
Вы ввели не число,повторите ввод
Вы ввели не число,повторите ввод
Вы ввели не число,повторите ввод
Вы ввели не число,повторите ввод
Вы ввели не число,повторите ввод
Вы ввели не число,повторите ввод
Вы ввели не число,повторите ввод
Вы ввели не число,повторите ввод
Вы ввели не число,повторите ввод
Вы ввели не число,повторите ввод
Вы ввели не число,повторите ввод
Вы ввели не число,повторите ввод
Вы ввели не число,повторите ввод
Вы ввели не число,повторите ввод
Вы ввели не число,повторите ввод
Вы ввели не число,повторите ввод
Вы ввели не число,повторите ввод
Вы ввели не число,повторите ввод
Вы ввели не число,повторите ввод
Вы ввели не число,повторите ввод
Вы ввели не число,повторите ввод
Вы ввели не число,повторите ввод
Вы ввели не число,повторите ввод
Вы ввели не число,повторите ввод
Вы ввели не число,повторите ввод
Вы ввели не число,повторите ввод
Вы ввели не число,повторите ввод
Вы ввели не число,повторите ввод
Вы ввели не число,повторите ввод
Вы ввели не число,повторите ввод
Вы ввели не число,повторите ввод
Вы ввели не число,повторите ввод
Вы ввели не число,повторите ввод
Вы ввели не число,повторите ввод
Вы ввели не число,повторите ввод
Вы ввели не число,повторите ввод
Вы ввели не число,повторите ввод
Вы ввели не число,повторите ввод
Вы ввели не число,повторите ввод
Вы ввели не число,повторите ввод
Вы ввели не число,повторите ввод
Вы ввели не число,повторите ввод
Вы ввели не число,повторите ввод
Вы ввели не число,повторите ввод
Вы ввели не число,повторите ввод
Вы ввели не число,повторите ввод
Вы ввели не число,повторите ввод
Вы ввели не число,повторите ввод
Вы ввели не число,повторите ввод
Вы ввели не число,повторите ввод
Вы ввели не число,повторите ввод
Вы ввели не число,повторите ввод
Вы ввели не число,повторите ввод
Вы ввели не число,повторите ввод
Вы ввели не число,повторите ввод
Вы ввели не число,повторите ввод
Вы ввели не число,повторите ввод
Вы ввели не число,повторите ввод
Вы ввели не число,повторите ввод
Вы ввели не число,повторите ввод
Вы ввели не число,повторите ввод
Вы ввели не число,повторите ввод
Вы ввели не число,повторите ввод
Вы ввели не число,повторите ввод
Вы ввели не число,повторите ввод
Вы ввели не число,повторите ввод
Вы ввели не число,повторите ввод
Вы ввели не число,повторите ввод
Вы ввели не число,повторите ввод
Вы ввели не число,повторите ввод
Вы ввели не число,повторите ввод
Вы ввели не число,повторите ввод
Вы ввели не число,повторите ввод
Вы ввели не число,повторите ввод
Вы ввели не число,повторите ввод
Вы ввели не число,повторите ввод
Вы ввели не число,повторите ввод
Вы ввели не число,повторите ввод
Вы ввели не число,повторите ввод
Вы ввели не число,повторите ввод
Вы ввели не число,повторите ввод
Вы ввели не число,повторите ввод
Вы ввели не число,повторите ввод
Вы ввели не число,повторите ввод
Вы ввели не число,повторите ввод
Вы ввели не число,повторите ввод
Вы ввели не число,повторите ввод
Вы ввели не число,повторите ввод
Вы ввели не число,повторите ввод
Вы ввели не число,повторите ввод
Вы ввели не число,повторите ввод
Вы ввели не число,повторите ввод
Вы ввели не число,повторите ввод
Вы ввели не число,повторите ввод
Вы ввели не число,повторите ввод
Вы ввели не число,повторите ввод
Вы ввели не число,повторите ввод
Вы ввели не число,повторите ввод
Вы ввели не число,повторите ввод
Вы ввели не число,повторите ввод
Вы ввели не число,повторите ввод
Вы ввели не число,повторите ввод
Вы ввели не число,повторите ввод
Вы ввели не число,повторите ввод
Вы ввели не число,повторите ввод
Вы ввели не число,повторите ввод
Вы ввели не число,повторите ввод
Вы ввели не число,повторите ввод
Вы ввели не число,повторите ввод
Вы ввели не число,повторите ввод
Вы ввели не число,повторите ввод
Вы ввели не число,повторите ввод
Вы ввели не число,повторите ввод
Вы ввели не число,повторите ввод
Вы ввели не число,повторите ввод
Вы ввели не число,повторите ввод
Вы ввели не число,повторите ввод
Вы ввели не число,повторите ввод
Вы ввели не число,повторите ввод
Вы ввели не число,повторите ввод
Вы ввели не число,повторите ввод
Вы ввели не число,повторите ввод
Вы ввели не число,повторите ввод
Вы ввели не число,повторите ввод
Вы ввели не число,повторите ввод
Вы ввели не число,повторите ввод
Вы ввели не число,повторите ввод
Вы ввели не число,повторите ввод
Вы ввели не число,повторите ввод
Вы ввели не число,повторите ввод
Вы ввели не число,повторите ввод
Вы ввели не число,повторите ввод
Вы ввели не число,повторите ввод
Вы ввели не число,повторите ввод
Вы ввели не число,повторите ввод
Вы ввели не число,повторите ввод
Вы ввели не число,повторите ввод
Вы ввели не число,повторите ввод
Вы ввели не число,повторите ввод
Вы ввели не число,повторите ввод
Вы ввели не число,повторите ввод
Вы ввели не число,повторите ввод
Вы ввели не число,повторите ввод
Вы ввели не число,повторите ввод
Вы ввели не число,повторите ввод
Вы ввели не число,повторите ввод
Вы ввели не число,повторите ввод
Вы ввели не число,повторите ввод
Вы ввели не число,повторите ввод
Вы ввели не число,повторите ввод
Вы ввели не число,повторите ввод
Вы ввели не число,повторите ввод
Вы ввели не число,повторите ввод
Вы ввели не число,повторите ввод
Вы ввели не число,повторите ввод
Вы ввели не число,повторите ввод
Вы ввели не число,повторите ввод
Вы ввели не число,повторите ввод
Вы ввели не число,повторите ввод
Вы ввели не число,повторите ввод
Вы ввели не число,повторите ввод
Вы ввели не число,повторите ввод
Вы ввели не число,повторите ввод
Вы ввели не число,повторите ввод
Вы ввели не число,повторите ввод
Вы ввели не число,повторите ввод
Вы ввели не число,повторите ввод
Вы ввели не число,повторите ввод
Вы ввели не число,повторите ввод
Вы ввели не число,повторите ввод
Вы ввели не число,повторите ввод
Вы ввели не число,повторите ввод
Вы ввели не число,повторите ввод
Вы ввели не число,повторите ввод
Вы ввели не число,повторите ввод
Вы ввели не число,повторите ввод
Вы ввели не число,повторите ввод
Вы ввели не число,повторите ввод
Вы ввели не число,повторите ввод
Вы ввели не число,повторите ввод
Вы ввели не число,повторите ввод
Вы ввели не число,повторите ввод
Вы ввели не число,повторите ввод
Вы ввели не число,повторите ввод
Вы ввели не число,повторите ввод
Вы ввели не число,повторите ввод
Вы ввели не число,повторите ввод
Вы ввели не число,повторите ввод
Вы ввели не число,повторите ввод
Вы ввели не число,повторите ввод
Вы ввели не число,повторите ввод
Вы ввели не число,повторите ввод
Вы ввели не число,повторите ввод
Вы ввели не число,повторите ввод
Вы ввели не число,повторите ввод
Вы ввели не число,повторите ввод
Вы ввели не число,повторите ввод
Вы ввели не число,повторите ввод
Вы ввели не число,повторите ввод
Вы ввели не число,повторите ввод
Вы ввели не число,повторите ввод
Вы ввели не число,повторите ввод
Вы ввели не число,повторите ввод
Вы ввели не число,повторите ввод
Вы ввели не число,повторите ввод
Вы ввели не число,повторите ввод
Вы ввели не число,повторите ввод
Вы ввели не число,повторите ввод
Вы ввели не число,повторите ввод
Вы ввели не число,повторите ввод
Вы ввели не число,повторите ввод
Вы ввели не число,повторите ввод
Вы ввели не число,повторите ввод
Вы ввели не число,повторите ввод
Вы ввели не число,повторите ввод
Вы ввели не число,повторите ввод
Вы ввели не число,повторите ввод
Вы ввели не число,повторите ввод
Вы ввели не число,повторите ввод
Вы ввели не число,повторите ввод
Вы ввели не число,повторите ввод
Вы ввели не число,повторите ввод
Вы ввели не число,повторите ввод
Вы ввели не число,повторите ввод
Вы ввели не число,повторите ввод
Вы ввели не число,повторите ввод
Вы ввели не число,повторите ввод
Вы ввели не число,повторите ввод
Вы ввели не число,повторите ввод
Вы ввели не число,повторите ввод
Вы ввели не число,повторите ввод
Вы ввели не число,повторите ввод
Вы ввели не число,повторите ввод
Вы ввели не число,повторите ввод
Вы ввели не число,повторите ввод
Вы ввели не число,повторите ввод
Вы ввели не число,повторите ввод
Вы ввели не число,повторите ввод
Вы ввели не число,повторите ввод
Вы ввели не число,повторите ввод
Вы ввели не число,повторите ввод
Вы ввели не число,повторите ввод
Вы ввели не число,повторите ввод
Вы ввели не число,повторите ввод
Вы ввели не число,повторите ввод
Вы ввели не число,повторите ввод
Вы ввели не число,повторите ввод
Вы ввели не число,повторите ввод
Вы ввели не число,повторите ввод
Вы ввели не число,повторите ввод
Вы ввели не число,повторите ввод
Вы ввели не число,повторите ввод
Вы ввели не число,повторите ввод
Вы ввели не число,повторите ввод
Вы ввели не число,повторите ввод
Вы ввели не число,повторите ввод
Вы ввели не число,повторите ввод
Вы ввели не число,повторите ввод
Вы ввели не число,повторите ввод
Вы ввели не число,повторите ввод
Вы ввели не число,повторите ввод
Вы ввели не число,повторите ввод
Вы ввели не число,повторите ввод
Вы ввели не число,повторите ввод
Вы ввели не число,повторите ввод
Вы ввели не число,повторите ввод
Вы ввели не число,повторите ввод
Вы ввели не число,повторите ввод
Вы ввели не число,повторите ввод
Вы ввели не число,повторите ввод
Вы ввели не число,повторите ввод
Вы ввели не число,повторите ввод
Вы ввели не число,повторите ввод
Вы ввели не число,повторите ввод
Вы ввели не число,повторите ввод
Вы ввели не число,повторите ввод
Вы ввели не число,повторите ввод
Вы ввели не число,повторите ввод
Вы ввели не число,повторите ввод
Вы ввели не число,повторите ввод
Вы ввели не число,повторите ввод
Вы ввели не число,повторите ввод
Вы ввели не число,повторите ввод
Вы ввели не число,повторите ввод
Вы ввели не число,повторите ввод
Вы ввели не число,повторите ввод
Вы ввели не число,повторите ввод
Вы ввели не число,повторите ввод
Вы ввели не число,повторите ввод
Вы ввели не число,повторите ввод
Вы ввели не число,повторите ввод
Вы ввели не число,повторите ввод
Вы ввели не число,повторите ввод
Вы ввели не число,повторите ввод
Вы ввели не число,повторите ввод
Вы ввели не число,повторите ввод
Вы ввели не число,повторите ввод
Вы ввели не число,повторите ввод
Вы ввели не число,повторите ввод
Вы ввели не число,повторите ввод
Вы ввели не число,повторите ввод
Вы ввели не число,повторите ввод
Вы ввели не число,повторите ввод
Вы ввели не число,повторите ввод
Вы ввели не число,повторите ввод
Вы ввели не число,повторите ввод
Вы ввели не число,повторите ввод
Вы ввели не число,повторите ввод
Вы ввели не число,повторите ввод
Вы ввели не число,повторите ввод
Вы ввели не число,повторите ввод
Вы ввели не число,повторите ввод
Вы ввели не число,повторите ввод
Вы ввели не число,повторите ввод
Вы ввели не число,повторите ввод
Вы ввели не число,повторите ввод
Вы ввели не число,повторите ввод
Вы ввели не число,повторите ввод
Вы ввели не число,повторите ввод
Вы ввели не число,повторите ввод
Вы ввели не число,повторите ввод
Вы ввели не число,повторите ввод
Вы ввели не число,повторите ввод
Вы ввели не число,повторите ввод
Вы ввели не число,повторите ввод
Вы ввели не число,повторите ввод
Вы ввели не число,повторите ввод
Вы ввели не число,повторите ввод
Вы ввели не число,повторите ввод
Вы ввели не число,повторите ввод
Вы ввели не число,повторите ввод
Вы ввели не число,повторите ввод
Вы ввели не число,повторите ввод
Вы ввели не число,повторите ввод
Вы ввели не число,повторите ввод
Вы ввели не число,повторите ввод
Вы ввели не число,повторите ввод
Вы ввели не число,повторите ввод
Вы ввели не число,повторите ввод
Вы ввели не число,повторите ввод
Вы ввели не число,повторите ввод
Вы ввели не число,повторите ввод
Вы ввели не число,повторите ввод
Вы ввели не число,повторите ввод
Вы ввели не число,повторите ввод
Вы ввели не число,повторите ввод
Вы ввели не число,повторите ввод
Вы ввели не число,повторите ввод
Вы ввели не число,повторите ввод
Вы ввели не число,повторите ввод
Вы ввели не число,повторите ввод
Вы ввели не число,повторите ввод
Вы ввели не число,повторите ввод
Вы ввели не число,повторите ввод
Вы ввели не число,повторите ввод
Вы ввели не число,повторите ввод
Вы ввели не число,повторите ввод
Вы ввели не число,повторите ввод
Вы ввели не число,повторите ввод
Вы ввели не число,повторите ввод
Вы ввели не число,повторите ввод
Вы ввели не число,повторите ввод
Вы ввели не число,повторите ввод
Вы ввели не число,повторите ввод
Вы ввели не число,повторите ввод
Вы ввели не число,повторите ввод
Вы ввели не число,повторите ввод
Вы ввели не число,повторите ввод
Вы ввели не число,повторите ввод
Вы ввели не число,повторите ввод
Вы ввели не число,повторите ввод
Вы ввели не число,повторите ввод
Вы ввели не число,повторите ввод
Вы ввели не число,повторите ввод
Вы ввели не число,повторите ввод
Вы ввели не число,повторите ввод
Вы ввели не число,повторите ввод
Вы ввели не число,повторите ввод
Вы ввели не число,повторите ввод
Вы ввели не число,повторите ввод
Вы ввели не число,повторите ввод
Вы ввели не число,повторите ввод
Вы ввели не число,повторите ввод
Вы ввели не число,повторите ввод
Вы ввели не число,повторите ввод
Вы ввели не число,повторите ввод
Вы ввели не число,повторите ввод
Вы ввели не число,повторите ввод
Вы ввели не число,повторите ввод
Вы ввели не число,повторите ввод
Вы ввели не число,повторите ввод
Вы ввели не число,повторите ввод
Вы ввели не число,повторите ввод
Вы ввели не число,повторите ввод
Вы ввели не число,повторите ввод
Вы ввели не число,повторите ввод
Вы ввели не число,повторите ввод
Вы ввели не число,повторите ввод
Вы ввели не число,повторите ввод
Вы ввели не число,повторите ввод
Вы ввели не число,повторите ввод
Вы ввели не число,повторите ввод
Вы ввели не число,повторите ввод
Вы ввели не число,повторите ввод
Вы ввели не число,повторите ввод
Вы ввели не число,повторите ввод
Вы ввели не число,повторите ввод
Вы ввели не число,повторите ввод
Вы ввели не число,повторите ввод
Вы ввели не число,повторите ввод
Вы ввели не число,повторите ввод
Вы ввели не число,повторите ввод
Вы ввели не число,повторите ввод
Вы ввели не число,повторите ввод
Вы ввели не число,повторите ввод
Вы ввели не число,повторите ввод
Вы ввели не число,повторите ввод
Вы ввели не число,повторите ввод
Вы ввели не число,повторите ввод
Вы ввели не число,повторите ввод
Вы ввели не число,повторите ввод
Вы ввели не число,повторите ввод
Вы ввели не число,повторите ввод
Вы ввели не число,повторите ввод
Вы ввели не число,повторите ввод
Вы ввели не число,повторите ввод
Вы ввели не число,повторите ввод
Вы ввели не число,повторите ввод
Вы ввели не число,повторите ввод
Вы ввели не число,повторите ввод
Вы ввели не число,повторите ввод
Вы ввели не число,повторите ввод
Вы ввели не число,повторите ввод
Вы ввели не число,повторите ввод
Вы ввели не число,повторите ввод
Вы ввели не число,повторите ввод
Вы ввели не число,повторите ввод
Вы ввели не число,повторите ввод
Вы ввели не число,повторите ввод
Вы ввели не число,повторите ввод
Вы ввели не число,повторите ввод
Вы ввели не число,повторите ввод
Вы ввели не число,повторите ввод
Вы ввели не число,повторите ввод
Вы ввели не число,повторите ввод
Вы ввели не число,повторите ввод
Вы ввели не число,повторите ввод
Вы ввели не число,повторите ввод
Вы ввели не число,повторите ввод
Вы ввели не число,повторите ввод
Вы ввели не число,повторите ввод
Вы ввели не число,повторите ввод
Вы ввели не число,повторите ввод
Вы ввели не число,повторите ввод
Вы ввели не число,повторите ввод
Вы ввели не число,повторите ввод
Вы ввели не число,повторите ввод
Вы ввели не число,повторите ввод
Вы ввели не число,повторите ввод
Вы ввели не число,повторите ввод
Вы ввели не число,повторите ввод
Вы ввели не число,повторите ввод
Вы ввели не число,повторите ввод
Вы ввели не число,повторите ввод
Вы ввели не число,повторите ввод
Вы ввели не число,повторите ввод
Вы ввели не число,повторите ввод
Вы ввели не число,повторите ввод
Вы ввели не число,повторите ввод
Вы ввели не число,повторите ввод
Вы ввели не число,повторите ввод
Вы ввели не число,повторите ввод
Вы ввели не число,повторите ввод
Вы ввели не число,повторите ввод
Вы ввели не число,повторите ввод
Вы ввели не число,повторите ввод
Вы ввели не число,повторите ввод
Вы ввели не число,повторите ввод
Вы ввели не число,повторите ввод
Вы ввели не число,повторите ввод
Вы ввели не число,повторите ввод
Вы ввели не число,повторите ввод
Вы ввели не число,повторите ввод
Вы ввели не число,повторите ввод
Вы ввели не число,повторите ввод
Вы ввели не число,повторите ввод
Вы ввели не число,повторите ввод
Вы ввели не число,повторите ввод
Вы ввели не число,повторите ввод
Вы ввели не число,повторите ввод
Вы ввели не число,повторите ввод
Вы ввели не число,повторите ввод
Вы ввели не число,повторите ввод
Вы ввели не число,повторите ввод
Вы ввели не число,повторите ввод
Вы ввели не число,повторите ввод
Вы ввели не число,повторите ввод
Вы ввели не число,повторите ввод
Вы ввели не число,повторите ввод
Вы ввели не число,повторите ввод
Вы ввели не число,повторите ввод
Вы ввели не число,повторите ввод
Вы ввели не число,повторите ввод
Вы ввели не число,повторите ввод
Вы ввели не число,повторите ввод
Вы ввели не число,повторите ввод
Вы ввели не число,повторите ввод
Вы ввели не число,повторите ввод
Вы ввели не число,повторите ввод
Вы ввели не число,повторите ввод
Вы ввели не число,повторите ввод
Вы ввели не число,повторите ввод
Вы ввели не число,повторите ввод
Вы ввели не число,повторите ввод
Вы ввели не число,повторите ввод
Вы ввели не число,повторите ввод
Вы ввели не число,повторите ввод
Вы ввели не число,повторите ввод
Вы ввели не число,повторите ввод
Вы ввели не число,повторите ввод
Вы ввели не число,повторите ввод
Вы ввели не число,повторите ввод
Вы ввели не число,повторите ввод
Вы ввели не число,повторите ввод
Вы ввели не число,повторите ввод
Вы ввели не число,повторите ввод
Вы ввели не число,повторите ввод
Вы ввели не число,повторите ввод
Вы ввели не число,повторите ввод
Вы ввели не число,повторите ввод
Вы ввели не число,повторите ввод
Вы ввели не число,повторите ввод
Вы ввели не число,повторите ввод
Вы ввели не число,повторите ввод
Вы ввели не число,повторите ввод
Вы ввели не число,повторите ввод
Вы ввели не число,повторите ввод
Вы ввели не число,повторите ввод
Вы ввели не число,повторите ввод
Вы ввели не число,повторите ввод
Вы ввели не число,повторите ввод
Вы ввели не число,повторите ввод
Вы ввели не число,повторите ввод
Вы ввели не число,повторите ввод
Вы ввели не число,повторите ввод
Вы ввели не число,повторите ввод
Вы ввели не число,повторите ввод
Вы ввели не число,повторите ввод
Вы ввели не число,повторите ввод
Вы ввели не число,повторите ввод
Вы ввели не число,повторите ввод
Вы ввели не число,повторите ввод
Вы ввели не число,повторите ввод
Вы ввели не число,повторите ввод
Вы ввели не число,повторите ввод
Вы ввели не число,повторите ввод
Вы ввели не число,повторите ввод
Вы ввели не число,повторите ввод
Вы ввели не число,повторите ввод
Вы ввели не число,повторите ввод
Вы ввели не число,повторите ввод
Вы ввели не число,повторите ввод
Вы ввели не число,повторите ввод
Вы ввели не число,повторите ввод
Вы ввели не число,повторите ввод
Вы ввели не число,повторите ввод
Вы ввели не число,повторите ввод
Вы ввели не число,повторите ввод
Вы ввели не число,повторите ввод
Вы ввели не число,повторите ввод
Вы ввели не число,повторите ввод
Вы ввели не число,повторите ввод
Вы ввели не число,повторите ввод
Вы ввели не число,повторите ввод
Вы ввели не число,повторите ввод
Вы ввели не число,повторите ввод
Вы ввели не число,повторите ввод
Вы ввели не число,повторите ввод
Вы ввели не число,повторите ввод
Вы ввели не число,повторите ввод
Вы ввели не число,повторите ввод
Вы ввели не число,повторите ввод
Вы ввели не число,повторите ввод
Вы ввели не число,повторите ввод
Вы ввели не число,повторите ввод
Вы ввели не число,повторите ввод
Вы ввели не число,повторите ввод
Вы ввели не число,повторите ввод
Вы ввели не число,повторите ввод
Вы ввели не число,повторите ввод
Вы ввели не число,повторите ввод
Вы ввели не число,повторите ввод
Вы ввели не число,повторите ввод
Вы ввели не число,повторите ввод
Вы ввели не число,повторите ввод
Вы ввели не число,повторите ввод
Вы ввели не число,повторите ввод
Вы ввели не число,повторите ввод
Вы ввели не число,повторите ввод
Вы ввели не число,повторите ввод
Вы ввели не число,повторите ввод
Вы ввели не число,повторите ввод
Вы ввели не число,повторите ввод
Вы ввели не число,повторите ввод
Вы ввели не число,повторите ввод
Вы ввели не число,повторите ввод
Вы ввели не число,повторите ввод
Вы ввели не число,повторите ввод
Вы ввели не число,повторите ввод
Вы ввели не число,повторите ввод
Вы ввели не число,повторите ввод
Вы ввели не число,повторите ввод
Вы ввели не число,повторите ввод
Вы ввели не число,повторите ввод
Вы ввели не число,повторите ввод
Вы ввели не число,повторите ввод
Вы ввели не число,повторите ввод
Вы ввели не число,повторите ввод
Вы ввели не число,повторите ввод
Вы ввели не число,повторите ввод
Вы ввели не число,повторите ввод
Вы ввели не число,повторите ввод
Вы ввели не число,повторите ввод
Вы ввели не число,повторите ввод
Вы ввели не число,повторите ввод
Вы ввели не число,повторите ввод
Вы ввели не число,повторите ввод
Вы ввели не число,повторите ввод
Вы ввели не число,повторите ввод
Вы ввели не число,повторите ввод
Вы ввели не число,повторите ввод
Вы ввели не число,повторите ввод
Вы ввели не число,повторите ввод
Вы ввели не число,повторите ввод
Вы ввели не число,повторите ввод
Вы ввели не число,повторите ввод
Вы ввели не число,повторите ввод
Вы ввели не число,повторите ввод
Вы ввели не число,повторите ввод
Вы ввели не число,повторите ввод
Вы ввели не число,повторите ввод
Вы ввели не число,повторите ввод
Вы ввели не число,повторите ввод
Вы ввели не число,повторите ввод
Вы ввели не число,повторите ввод
Вы ввели не число,повторите ввод
Вы ввели не число,повторите ввод
Вы ввели не число,повторите ввод
Вы ввели не число,повторите ввод
Вы ввели не число,повторите ввод
Вы ввели не число,повторите ввод
Вы ввели не число,повторите ввод
Вы ввели не число,повторите ввод
Вы ввели не число,повторите ввод
Вы ввели не число,повторите ввод
Вы ввели не число,повторите ввод
Вы ввели не число,повторите ввод
Вы ввели не число,повторите ввод
Вы ввели не число,повторите ввод
Вы ввели не число,повторите ввод
Вы ввели не число,повторите ввод
Вы ввели не число,повторите ввод
Вы ввели не число,повторите ввод
Вы ввели не число,повторите ввод
Вы ввели не число,повторите ввод
Вы ввели не число,повторите ввод
Вы ввели не число,повторите ввод
Вы ввели не число,повторите ввод
Вы ввели не число,повторите ввод
Вы ввели не число,повторите ввод
Вы ввели не число,повторите ввод
Вы ввели не число,повторите ввод
Вы ввели не число,повторите ввод
Вы ввели не число,повторите ввод
Вы ввели не число,повторите ввод
Вы ввели не число,повторите ввод
Вы ввели не число,повторите ввод
Вы ввели не число,повторите ввод
Вы ввели не число,повторите ввод
Вы ввели не число,повторите ввод
Вы ввели не число,повторите ввод
Вы ввели не число,повторите ввод
Вы ввели не число,повторите ввод
Вы ввели не число,повторите ввод
Вы ввели не число,повторите ввод
Вы ввели не число,повторите ввод
Вы ввели не число,повторите ввод
Вы ввели не число,повторите ввод
Вы ввели не число,повторите ввод
Вы ввели не число,повторите ввод
Вы ввели не число,повторите ввод
Вы ввели не число,повторите ввод
Вы ввели не число,повторите ввод
Вы ввели не число,повторите ввод
Вы ввели не число,повторите ввод
Вы ввели не число,повторите ввод
Вы ввели не число,повторите ввод
Вы ввели не число,повторите ввод
Вы ввели не число,повторите ввод
Вы ввели не число,повторите ввод
Вы ввели не число,повторите ввод
Вы ввели не число,повторите ввод
Вы ввели не число,повторите ввод
Вы ввели не число,повторите ввод
Вы ввели не число,повторите ввод
Вы ввели не число,повторите ввод
Вы ввели не число,повторите ввод
Вы ввели не число,повторите ввод
Вы ввели не число,повторите ввод
Вы ввели не число,повторите ввод
Вы ввели не число,повторите ввод
Вы ввели не число,повторите ввод
Вы ввели не число,повторите ввод
Вы ввели не число,повторите ввод
Вы ввели не число,повторите ввод
Вы ввели не число,повторите ввод
Вы ввели не число,повторите ввод
Вы ввели не число,повторите ввод
Вы ввели не число,повторите ввод
Вы ввели не число,повторите ввод
Вы ввели не число,повторите ввод
Вы ввели не число,повторите ввод
Вы ввели не число,повторите ввод
Вы ввели не число,повторите ввод
Вы ввели не число,повторите ввод
Вы ввели не число,повторите ввод
Вы ввели не число,повторите ввод
Вы ввели не число,повторите ввод
Вы ввели не число,повторите ввод
Вы ввели не число,повторите ввод
Вы ввели не число,повторите ввод
Вы ввели не число,повторите ввод
Вы ввели не число,повторите ввод
Вы ввели не число,повторите ввод
Вы ввели не число,повторите ввод
Вы ввели не число,повторите ввод
Вы ввели не число,повторите ввод
Вы ввели не число,повторите ввод
Вы ввели не число,повторите ввод
Вы ввели не число,повторите ввод
Вы ввели не число,повторите ввод
Вы ввели не число,повторите ввод
Вы ввели не число,повторите ввод
Вы ввели не число,повторите ввод
Вы ввели не число,повторите ввод
Вы ввели не число,повторите ввод
Вы ввели не число,повторите ввод
Вы ввели не число,повторите ввод
Вы ввели не число,повторите ввод
Вы ввели не число,повторите ввод
Вы ввели не число,повторите ввод
Вы ввели не число,повторите ввод
Вы ввели не число,повторите ввод
Вы ввели не число,повторите ввод
Вы ввели не число,повторите ввод
Вы ввели не число,повторите ввод
Вы ввели не число,повторите ввод
Вы ввели не число,повторите ввод
Вы ввели не число,повторите ввод
Вы ввели не число,повторите ввод
Вы ввели не число,повторите ввод
Вы ввели не число,повторите ввод
Вы ввели не число,повторите ввод
Вы ввели не число,повторите ввод
Вы ввели не число,повторите ввод
Вы ввели не число,повторите ввод
Вы ввели не число,повторите ввод
Вы ввели не число,повторите ввод
Вы ввели не число,повторите ввод
Вы ввели не число,повторите ввод
Вы ввели не число,повторите ввод
Вы ввели не число,повторите ввод
Вы ввели не число,повторите ввод
Вы ввели не число,повторите ввод
Вы ввели не число,повторите ввод
Вы ввели не число,повторите ввод
Вы ввели не число,повторите ввод
Вы ввели не число,повторите ввод
Вы ввели не число,повторите ввод
Вы ввели не число,повторите ввод
Вы ввели не число,повторите ввод
Вы ввели не число,повторите ввод
Вы ввели не число,повторите ввод
Вы ввели не число,повторите ввод
Вы ввели не число,повторите ввод
Вы ввели не число,повторите ввод
Вы ввели не число,повторите ввод
Вы ввели не число,повторите ввод
Вы ввели не число,повторите ввод
Вы ввели не число,повторите ввод
Вы ввели не число,повторите ввод
Вы ввели не число,повторите ввод
Вы ввели не число,повторите ввод
Вы ввели не число,повторите ввод
Вы ввели не число,повторите ввод
Вы ввели не число,повторите ввод
Вы ввели не число,повторите ввод
Вы ввели не число,повторите ввод
Вы ввели не число,повторите ввод
Вы ввели не число,повторите ввод
Вы ввели не число,повторите ввод
Вы ввели не число,повторите ввод
Вы ввели не число,повторите ввод
Вы ввели не число,повторите ввод
Вы ввели не число,повторите ввод
Вы ввели не число,повторите ввод
Вы ввели не число,повторите ввод
Вы ввели не число,повторите ввод
Вы ввели не число,повторите ввод
Вы ввели не число,повторите ввод
Вы ввели не число,повторите ввод
Вы ввели не число,повторите ввод
Вы ввели не число,повторите ввод
Вы ввели не число,повторите ввод
Вы ввели не число,повторите ввод
Вы ввели не число,повторите ввод
Вы ввели не число,повторите ввод
Вы ввели не число,повторите ввод
Вы ввели не число,повторите ввод
Вы ввели не число,повторите ввод
Вы ввели не число,повторите ввод
Вы ввели не число,повторите ввод
Вы ввели не число,повторите ввод
Вы ввели не число,повторите ввод
Вы ввели не число,повторите ввод
Вы ввели не число,повторите ввод
Вы ввели не число,повторите ввод
Вы ввели не число,повторите ввод
Вы ввели не число,повторите ввод
Вы ввели не число,повторите ввод
Вы ввели не число,повторите ввод
Вы ввели не число,повторите ввод
Вы ввели не число,повторите ввод
Вы ввели не число,повторите ввод
Вы ввели не число,повторите ввод
Вы ввели не число,повторите ввод
Вы ввели не число,повторите ввод
Вы ввели не число,повторите ввод
Вы ввели не число,повторите ввод
Вы ввели не число,повторите ввод
Вы ввели не число,повторите ввод
Вы ввели не число,повторите ввод
Вы ввели не число,повторите ввод
Вы ввели не число,повторите ввод
Вы ввели не число,повторите ввод
Вы ввели не число,повторите ввод
Вы ввели не число,повторите ввод
Вы ввели не число,повторите ввод
Вы ввели не число,повторите ввод
Вы ввели не число,повторите ввод
Вы ввели не число,повторите ввод
Вы ввели не число,повторите ввод
Вы ввели не число,повторите ввод
Вы ввели не число,повторите ввод
Вы ввели не число,повторите ввод
Вы ввели не число,повторите ввод
Вы ввели не число,повторите ввод
Вы ввели не число,повторите ввод
Вы ввели не число,повторите ввод
Вы ввели не число,повторите ввод
Вы ввели не число,повторите ввод
Вы ввели не число,повторите ввод
Вы ввели не число,повторите ввод
Вы ввели не число,повторите ввод
Вы ввели не число,повторите ввод
Вы ввели не число,повторите ввод
Вы ввели не число,повторите ввод
Вы ввели не число,повторите ввод
Вы ввели не число,повторите ввод
Вы ввели не число,повторите ввод
Вы ввели не число,повторите ввод
Вы ввели не число,повторите ввод
Вы ввели не число,повторите ввод
Вы ввели не число,повторите ввод
Вы ввели не число,повторите ввод
Вы ввели не число,повторите ввод
Вы ввели не число,повторите ввод
Вы ввели не число,повторите ввод
Вы ввели не число,повторите ввод
Вы ввели не число,повторите ввод
Вы ввели не число,повторите ввод
Вы ввели не число,повторите ввод
Вы ввели не число,повторите ввод
Вы ввели не число,повторите ввод
Вы ввели не число,повторите ввод
Вы ввели не число,повторите ввод
Вы ввели не число,повторите ввод
Вы ввели не число,повторите ввод
Вы ввели не число,повторите ввод
Вы ввели не число,повторите ввод
Вы ввели не число,повторите ввод
Вы ввели не число,повторите ввод
Вы ввели не число,повторите ввод
Вы ввели не число,повторите ввод
Вы ввели не число,повторите ввод
Вы ввели не число,повторите ввод
Вы ввели не число,повторите ввод
Вы ввели не число,повторите ввод
Вы ввели не число,повторите ввод
Вы ввели не число,повторите ввод
Вы ввели не число,повторите ввод
Вы ввели не число,повторите ввод
Вы ввели не число,повторите ввод
Вы ввели не число,повторите ввод
Вы ввели не число,повторите ввод
Вы ввели не число,повторите ввод
Вы ввели не число,повторите ввод
Вы ввели не число,повторите ввод
Вы ввели не число,повторите ввод
Вы ввели не число,повторите ввод
Вы ввели не число,повторите ввод
Вы ввели не число,повторите ввод
Вы ввели не число,повторите ввод
Вы ввели не число,повторите ввод
Вы ввели не число,повторите ввод
Вы ввели не число,повторите ввод
Вы ввели не число,повторите ввод
Вы ввели не число,повторите ввод
Вы ввели не число,повторите ввод
Вы ввели не число,повторите ввод
Вы ввели не число,повторите ввод
Вы ввели не число,повторите ввод
Вы ввели не число,повторите ввод
Вы ввели не число,повторите ввод
Вы ввели не число,повторите ввод
Вы ввели не число,повторите ввод
Вы ввели не число,повторите ввод
Вы ввели не число,повторите ввод
Вы ввели не число,повторите ввод
Вы ввели не число,повторите ввод
Вы ввели не число,повторите ввод
Вы ввели не число,повторите ввод
Вы ввели не число,повторите ввод
Вы ввели не число,повторите ввод
Вы ввели не число,повторите ввод
Вы ввели не число,повторите ввод
Вы ввели не число,повторите ввод
Вы ввели не число,повторите ввод
Вы ввели не число,повторите ввод
Вы ввели не число,повторите ввод
Вы ввели не число,повторите ввод
Вы ввели не число,повторите ввод
Вы ввели не число,повторите ввод
Вы ввели не число,повторите ввод
Вы ввели не число,повторите ввод
Вы ввели не число,повторите ввод
Вы ввели не число,повторите ввод
Вы ввели не число,повторите ввод
Вы ввели не число,повторите ввод
Вы ввели не число,повторите ввод
Вы ввели не число,повторите ввод
Вы ввели не число,повторите ввод
Вы ввели не число,повторите ввод
Вы ввели не число,повторите ввод
Вы ввели не число,повторите ввод
Вы ввели не число,повторите ввод
Вы ввели не число,повторите ввод
Вы ввели не число,повторите ввод
Вы ввели не число,повторите ввод
Вы ввели не число,повторите ввод
Вы ввели не число,повторите ввод
Вы ввели не число,повторите ввод
Вы ввели не число,повторите ввод
Вы ввели не число,повторите ввод
Вы ввели не число,повторите ввод
Вы ввели не число,повторите ввод
Вы ввели не число,повторите ввод
Вы ввели не число,повторите ввод
Вы ввели не число,повторите ввод
Вы ввели не число,повторите ввод
Вы ввели не число,повторите ввод
Вы ввели не число,повторите ввод
Вы ввели не число,повторите ввод
Вы ввели не число,повторите ввод
Вы ввели не число,повторите ввод
Вы ввели не число,повторите ввод
Вы ввели не число,повторите ввод
Вы ввели не число,повторите ввод
Вы ввели не число,повторите ввод
Вы ввели не число,повторите ввод
Вы ввели не число,повторите ввод
Вы ввели не число,повторите ввод
Вы ввели не число,повторите ввод
Вы ввели не число,повторите ввод
Вы ввели не число,повторите ввод
Вы ввели не число,повторите ввод
Вы ввели не число,повторите ввод
Вы ввели не число,повторите ввод
Вы ввели не число,повторите ввод
Вы ввели не число,повторите ввод
Вы ввели не число,повторите ввод
Вы ввели не число,повторите ввод
Вы ввели не число,повторите ввод
Вы ввели не число,повторите ввод
Вы ввели не число,повторите ввод
Вы ввели не число,повторите ввод
Вы ввели не число,повторите ввод
Вы ввели не число,повторите ввод
Вы ввели не число,повторите ввод
Вы ввели не число,повторите ввод
Вы ввели не число,повторите ввод
Вы ввели не число,повторите ввод
Вы ввели не число,повторите ввод
Вы ввели не число,повторите ввод
Вы ввели не число,повторите ввод
Вы ввели не число,повторите ввод
Вы ввели не число,повторите ввод
Вы ввели не число,повторите ввод
Вы ввели не число,повторите ввод
Вы ввели не число,повторите ввод
Вы ввели не число,повторите ввод
Вы ввели не число,повторите ввод
Вы ввели не число,повторите ввод
Вы ввели не число,повторите ввод
Вы ввели не число,повторите ввод
Вы ввели не число,повторите ввод
Вы ввели не число,повторите ввод
Вы ввели не число,повторите ввод
Вы ввели не число,повторите ввод
Вы ввели не число,повторите ввод
Вы ввели не число,повторите ввод
Вы ввели не число,повторите ввод
Вы ввели не число,повторите ввод
Вы ввели не число,повторите ввод
Вы ввели не число,повторите ввод
Вы ввели не число,повторите ввод
Вы ввели не число,повторите ввод
Вы ввели не число,повторите ввод
Вы ввели не число,повторите ввод
Вы ввели не число,повторите ввод
Вы ввели не число,повторите ввод
Вы ввели не число,повторите ввод
Вы ввели не число,повторите ввод
Вы ввели не число,повторите ввод
Вы ввели не число,повторите ввод
Вы ввели не число,повторите ввод
Вы ввели не число,повторите ввод
Вы ввели не число,повторите ввод
Вы ввели не число,повторите ввод
Вы ввели не число,повторите ввод
Вы ввели не число,повторите ввод
Вы ввели не число,повторите ввод
Вы ввели не число,повторите ввод
Вы ввели не число,повторите ввод
Вы ввели не число,повторите ввод
Вы ввели не число,повторите ввод
Вы ввели не число,повторите ввод
Вы ввели не число,повторите ввод
Вы ввели не число,повторите ввод
Вы ввели не число,повторите ввод
Вы ввели не число,повторите ввод
Вы ввели не число,повторите ввод
Вы ввели не число,повторите ввод
Вы ввели не число,повторите ввод
Вы ввели не число,повторите ввод
Вы ввели не число,повторите ввод
Вы ввели не число,повторите ввод
Вы ввели не число,повторите ввод
Вы ввели не число,повторите ввод
Вы ввели не число,повторите ввод
Вы ввели не число,повторите ввод
Вы ввели не число,повторите ввод
Вы ввели не число,повторите ввод
Вы ввели не число,повторите ввод
Вы ввели не число,повторите ввод
Вы ввели не число,повторите ввод
Вы ввели не число,повторите ввод
Вы ввели не число,повторите ввод
Вы ввели не число,повторите ввод
Вы ввели не число,повторите ввод
Вы ввели не число,повторите ввод
Вы ввели не число,повторите ввод
Вы ввели не число,повторите ввод
Вы ввели не число,повторите ввод
Вы ввели не число,повторите ввод
Вы ввели не число,повторите ввод
Вы ввели не число,повторите ввод
Вы ввели не число,повторите ввод
Вы ввели не число,повторите ввод
Вы ввели не число,повторите ввод
Вы ввели не число,повторите ввод
Вы ввели не число,повторите ввод
Вы ввели не число,повторите ввод
Вы ввели не число,повторите ввод
Вы ввели не число,повторите ввод
Вы ввели не число,повторите ввод
Вы ввели не число,повторите ввод
Вы ввели не число,повторите ввод
Вы ввели не число,повторите ввод
Вы ввели не число,повторите ввод
Вы ввели не число,повторите ввод
Вы ввели не число,повторите ввод
Вы ввели не число,повторите ввод
Вы ввели не число,повторите ввод
Вы ввели не число,повторите ввод
Вы ввели не число,повторите ввод
Вы ввели не число,повторите ввод
Вы ввели не число,повторите ввод
Вы ввели не число,повторите ввод
Вы ввели не число,повторите ввод
Вы ввели не число,повторите ввод
Вы ввели не число,повторите ввод
Вы ввели не число,повторите ввод
Вы ввели не число,повторите ввод
Вы ввели не число,повторите ввод
Вы ввели не число,повторите ввод
Вы ввели не число,повторите ввод
Вы ввели не число,повторите ввод
Вы ввели не число,повторите ввод
Вы ввели не число,повторите ввод
Вы ввели не число,повторите ввод
Вы ввели не число,повторите ввод
Вы ввели не число,повторите ввод
Вы ввели не число,повторите ввод
Вы ввели не число,повторите ввод
Вы ввели не число,повторите ввод
Вы ввели не число,повторите ввод
Вы ввели не число,повторите ввод
Вы ввели не число,повторите ввод
Вы ввели не число,повторите ввод
Вы ввели не число,повторите ввод
Вы ввели не число,повторите ввод
Вы ввели не число,повторите ввод
Вы ввели не число,повторите ввод
Вы ввели не число,повторите ввод
Вы ввели не число,повторите ввод
Вы ввели не число,повторите ввод
Вы ввели не число,повторите ввод
Вы ввели не число,повторите ввод
Вы ввели не число,повторите ввод
Вы ввели не число,повторите ввод
Вы ввели не число,повторите ввод
Вы ввели не число,повторите ввод
Вы ввели не число,повторите ввод
Вы ввели не число,повторите ввод
Вы ввели не число,повторите ввод
Вы ввели не число,повторите ввод
Вы ввели не число,повторите ввод
Вы ввели не число,повторите ввод
Вы ввели не число,повторите ввод
Вы ввели не число,повторите ввод
Вы ввели не число,повторите ввод
Вы ввели не число,повторите ввод
Вы ввели не число,повторите ввод
Вы ввели не число,повторите ввод
Вы ввели не число,повторите ввод
Вы ввели не число,повторите ввод
Вы ввели не число,повторите ввод
Вы ввели не число,повторите ввод
Вы ввели не число,повторите ввод
Вы ввели не число,повторите ввод
Вы ввели не число,повторите ввод
Вы ввели не число,повторите ввод
Вы ввели не число,повторите ввод
Вы ввели не число,повторите ввод
Вы ввели не число,повторите ввод
Вы ввели не число,повторите ввод
Вы ввели не число,повторите ввод
Вы ввели не число,повторите ввод
Вы ввели не число,повторите ввод
Вы ввели не число,повторите ввод
Вы ввели не число,повторите ввод
Вы ввели не число,повторите ввод
Вы ввели не число,повторите ввод
Вы ввели не число,повторите ввод
Вы ввели не число,повторите ввод
Вы ввели не число,повторите ввод
Вы ввели не число,повторите ввод
Вы ввели не число,повторите ввод
Вы ввели не число,повторите ввод
Вы ввели не число,повторите ввод
Вы ввели не число,повторите ввод
Вы ввели не число,повторите ввод
Вы ввели не число,повторите ввод
Вы ввели не число,повторите ввод
Вы ввели не число,повторите ввод
Вы ввели не число,повторите ввод
Вы ввели не число,повторите ввод
Вы ввели не число,повторите ввод
Вы ввели не число,повторите ввод
Вы ввели не число,повторите ввод
Вы ввели не число,повторите ввод
Вы ввели не число,повторите ввод
Вы ввели не число,повторите ввод
Вы ввели не число,повторите ввод
Вы ввели не число,повторите ввод
Вы ввели не число,повторите ввод
Вы ввели не число,повторите ввод
Вы ввели не число,повторите ввод
Вы ввели не число,повторите ввод
Вы ввели не число,повторите ввод
Вы ввели не число,повторите ввод
Вы ввели не число,повторите ввод
Вы ввели не число,повторите ввод
Вы ввели не число,повторите ввод
Вы ввели не число,повторите ввод
Вы ввели не число,повторите ввод
Вы ввели не число,повторите ввод
Вы ввели не число,повторите ввод
Вы ввели не число,повторите ввод
Вы ввели не число,повторите ввод
Вы ввели не число,повторите ввод
Вы ввели не число,повторите ввод
Вы ввели не число,повторите ввод
Вы ввели не число,повторите ввод
Вы ввели не число,повторите ввод
Вы ввели не число,повторите ввод
Вы ввели не число,повторите ввод
Вы ввели не число,повторите ввод
Вы ввели не число,повторите ввод
Вы ввели не число,повторите ввод
Вы ввели не число,повторите ввод
Вы ввели не число,повторите ввод
Вы ввели не число,повторите ввод
Вы ввели не число,повторите ввод
Вы ввели не число,повторите ввод
Вы ввели не число,повторите ввод
Вы ввели не число,повторите ввод
Вы ввели не число,повторите ввод
Вы ввели не число,повторите ввод
Вы ввели не число,повторите ввод
Вы ввели не число,повторите ввод
Вы ввели не число,повторите ввод
Вы ввели не число,повторите ввод
Вы ввели не число,повторите ввод
Вы ввели не число,повторите ввод
Вы ввели не число,повторите ввод
Вы ввели не число,повторите ввод
Вы ввели не число,повторите ввод
Вы ввели не число,повторите ввод
Вы ввели не число,повторите ввод
Вы ввели не число,повторите ввод
Вы ввели не число,повторите ввод
Вы ввели не число,повторите ввод
Вы ввели не число,повторите ввод
Вы ввели не число,повторите ввод
Вы ввели не число,повторите ввод
Вы ввели не число,повторите ввод
Вы ввели не число,повторите ввод
Вы ввели не число,повторите ввод
Вы ввели не число,повторите ввод
Вы ввели не число,повторите ввод
Вы ввели не число,повторите ввод
Вы ввели не число,повторите ввод
Вы ввели не число,повторите ввод
Вы ввели не число,повторите ввод
Вы ввели не число,повторите ввод
Вы ввели не число,повторите ввод
Вы ввели не число,повторите ввод
Вы ввели не число,повторите ввод
Вы ввели не число,повторите ввод
Вы ввели не число,повторите ввод
Вы ввели не число,повторите ввод
Вы ввели не число,повторите ввод
Вы ввели не число,повторите ввод
Вы ввели не число,повторите ввод
Вы ввели не число,повторите ввод
Вы ввели не число,повторите ввод
Вы ввели не число,повторите ввод
Вы ввели не число,повторите ввод
Вы ввели не число,повторите ввод
Вы ввели не число,повторите ввод
Вы ввели не число,повторите ввод
Вы ввели не число,повторите ввод
Вы ввели не число,повторите ввод
Вы ввели не число,повторите ввод
Вы ввели не число,повторите ввод
Вы ввели не число,повторите ввод
Вы ввели не число,повторите ввод
Вы ввели не число,повторите ввод
Вы ввели не число,повторите ввод
Вы ввели не число,повторите ввод
Вы ввели не число,повторите ввод
Вы ввели не число,повторите ввод
Вы ввели не число,повторите ввод
Вы ввели не число,повторите ввод
Вы ввели не число,повторите ввод
Вы ввели не число,повторите ввод
Вы ввели не число,повторите ввод
Вы ввели не число,повторите ввод
Вы ввели не число,повторите ввод
Вы ввели не число,повторите ввод
Вы ввели не число,повторите ввод
Вы ввели не число,повторите ввод
Вы ввели не число,повторите ввод
Вы ввели не число,повторите ввод
Вы ввели не число,повторите ввод
Вы ввели не число,повторите ввод
Вы ввели не число,повторите ввод
Вы ввели не число,повторите ввод
Вы ввели не число,повторите ввод
Вы ввели не число,повторите ввод
Вы ввели не число,повторите ввод
Вы ввели не число,повторите ввод
Вы ввели не число,повторите ввод
Вы ввели не число,повторите ввод
Вы ввели не число,повторите ввод
Вы ввели не число,повторите ввод
Вы ввели не число,повторите ввод
Вы ввели не число,повторите ввод
Вы ввели не число,повторите ввод
Вы ввели не число,повторите ввод
Вы ввели не число,повторите ввод
Вы ввели не число,повторите ввод
Вы ввели не число,повторите ввод
Вы ввели не число,повторите ввод
Вы ввели не число,повторите ввод
Вы ввели не число,повторите ввод
Вы ввели не число,повторите ввод
Вы ввели не число,повторите ввод
Вы ввели не число,повторите ввод
Вы ввели не число,повторите ввод
Вы ввели не число,повторите ввод
Вы ввели не число,повторите ввод
Вы ввели не число,повторите ввод
Вы ввели не число,повторите ввод
Вы ввели не число,повторите ввод
Вы ввели не число,повторите ввод
Вы ввели не число,повторите ввод
Вы ввели не число,повторите ввод
Вы ввели не число,повторите ввод
Вы ввели не число,повторите ввод
Вы ввели не число,повторите ввод
Вы ввели не число,повторите ввод
Вы ввели не число,повторите ввод
Вы ввели не число,повторите ввод
Вы ввели не число,повторите ввод
Вы ввели не число,повторите ввод
Вы ввели не число,повторите ввод
Вы ввели не число,повторите ввод
Вы ввели не число,повторите ввод
Вы ввели не число,повторите ввод
Вы ввели не число,повторите ввод
Вы ввели не число,повторите ввод
Вы ввели не число,повторите ввод
Вы ввели не число,повторите ввод
Вы ввели не число,повторите ввод
Вы ввели не число,повторите ввод
Вы ввели не число,повторите ввод
Вы ввели не число,повторите ввод
Вы ввели не число,повторите ввод
Вы ввели не число,повторите ввод
Вы ввели не число,повторите ввод
Вы ввели не число,повторите ввод
Вы ввели не число,повторите ввод
Вы ввели не число,повторите ввод
Вы ввели не число,повторите ввод
Вы ввели не число,повторите ввод
Вы ввели не число,повторите ввод
Вы ввели не число,повторите ввод
Вы ввели не число,повторите ввод
Вы ввели не число,повторите ввод
Вы ввели не число,повторите ввод
Вы ввели не число,повторите ввод
Вы ввели не число,повторите ввод
Вы ввели не число,повторите ввод
Вы ввели не число,повторите ввод
Вы ввели не число,повторите ввод
Вы ввели не число,повторите ввод
Вы ввели не число,повторите ввод
Вы ввели не число,повторите ввод
Вы ввели не число,повторите ввод
Вы ввели не число,повторите ввод
Вы ввели не число,повторите ввод
Вы ввели не число,повторите ввод
Вы ввели не число,повторите ввод
Вы ввели не число,повторите ввод
Вы ввели не число,повторите ввод
Вы ввели не число,повторите ввод
Вы ввели не число,повторите ввод
Вы ввели не число,повторите ввод
Вы ввели не число,повторите ввод
Вы ввели не число,повторите ввод
Вы ввели не число,повторите ввод
Вы ввели не число,повторите ввод
Вы ввели не число,повторите ввод
Вы ввели не число,повторите ввод
Вы ввели не число,повторите ввод
Вы ввели не число,повторите ввод
Вы ввели не число,повторите ввод
Вы ввели не число,повторите ввод
Вы ввели не число,повторите ввод
Вы ввели не число,повторите ввод
Вы ввели не число,повторите ввод
Вы ввели не число,повторите ввод
Вы ввели не число,повторите ввод
Вы ввели не число,повторите ввод
Вы ввели не число,повторите ввод
Вы ввели не число,повторите ввод
Вы ввели не число,повторите ввод
Вы ввели не число,повторите ввод
Вы ввели не число,повторите ввод
Вы ввели не число,повторите ввод
Вы ввели не число,повторите ввод
Вы ввели не число,повторите ввод
Вы ввели не число,повторите ввод
Вы ввели не число,повторите ввод
Вы ввели не число,повторите ввод
Вы ввели не число,повторите ввод
Вы ввели не число,повторите ввод
Вы ввели не число,повторите ввод
Вы ввели не число,повторите ввод
Вы ввели не число,повторите ввод
Вы ввели не число,повторите ввод
Вы ввели не число,повторите ввод
Вы ввели не число,повторите ввод
Вы ввели не число,повторите ввод
Вы ввели не число,повторите ввод
Вы ввели не число,повторите ввод
Вы ввели не число,повторите ввод
Вы ввели не число,повторите ввод
Вы ввели не число,повторите ввод
Вы ввели не число,повторите ввод
Вы ввели не число,повторите ввод
Вы ввели не число,повторите ввод
Вы ввели не число,повторите ввод
Вы ввели не число,повторите ввод
Вы ввели не число,повторите ввод
Вы ввели не число,повторите ввод
Вы ввели не число,повторите ввод
Вы ввели не число,повторите ввод
Вы ввели не число,повторите ввод
Вы ввели не число,повторите ввод
Вы ввели не число,повторите ввод
Вы ввели не число,повторите ввод
Вы ввели не число,повторите ввод
Вы ввели не число,повторите ввод
Вы ввели не число,повторите ввод
Вы ввели не число,повторите ввод
Вы ввели не число,повторите ввод
Вы ввели не число,повторите ввод
Вы ввели не число,повторите ввод
Вы ввели не число,повторите ввод
Вы ввели не число,повторите ввод
Вы ввели не число,повторите ввод
Вы ввели не число,повторите ввод
Вы ввели не число,повторите ввод
Вы ввели не число,повторите ввод
Вы ввели не число,повторите ввод
Вы ввели не число,повторите ввод
Вы ввели не число,повторите ввод
Вы ввели не число,повторите ввод
Вы ввели не число,повторите ввод
Вы ввели не число,повторите ввод
Вы ввели не число,повторите ввод
Вы ввели не число,повторите ввод
Вы ввели не число,повторите ввод
Вы ввели не число,повторите ввод
Вы ввели не число,повторите ввод
Вы ввели не число,повторите ввод
Вы ввели не число,повторите ввод
Вы ввели не число,повторите ввод
Вы ввели не число,повторите ввод
Вы ввели не число,повторите ввод
Вы ввели не число,повторите ввод
Вы ввели не число,повторите ввод
Вы ввели не число,повторите ввод
Вы ввели не число,повторите ввод
Вы ввели не число,повторите ввод
Вы ввели не число,повторите ввод
Вы ввели не число,повторите ввод
Вы ввели не число,повторите ввод
Вы ввели не число,повторите ввод
Вы ввели не число,повторите ввод
Вы ввели не число,повторите ввод
Вы ввели не число,повторите ввод
Вы ввели не число,повторите ввод
Вы ввели не число,повторите ввод
Вы ввели не число,повторите ввод
Вы ввели не число,повторите ввод
Вы ввели не число,повторите ввод
Вы ввели не число,повторите ввод
Вы ввели не число,повторите ввод
Вы ввели не число,повторите ввод
Вы ввели не число,повторите ввод
Вы ввели не число,повторите ввод
Вы ввели не число,повторите ввод
Вы ввели не число,повторите ввод
Вы ввели не число,повторите ввод
Вы ввели не число,повторите ввод
Вы ввели не число,повторите ввод
Вы ввели не число,повторите ввод
Вы ввели не число,повторите ввод
Вы ввели не число,повторите ввод
Вы ввели не число,повторите ввод
Вы ввели не число,повторите ввод
Вы ввели не число,повторите ввод
Вы ввели не число,повторите ввод
Вы ввели не число,повторите ввод
Вы ввели не число,повторите ввод
Вы ввели не число,повторите ввод
Вы ввели не число,повторите ввод
Вы ввели не число,повторите ввод
Вы ввели не число,повторите ввод
Вы ввели не число,повторите ввод
Вы ввели не число,повторите ввод
Вы ввели не число,повторите ввод
Вы ввели не число,повторите ввод
Вы ввели не число,повторите ввод
Вы ввели не число,повторите ввод
Вы ввели не число,повторите ввод
Вы ввели не число,повторите ввод
Вы ввели не число,повторите ввод
Вы ввели не число,повторите ввод
Вы ввели не число,повторите ввод
Вы ввели не число,повторите ввод
Вы ввели не число,повторите ввод
Вы ввели не число,повторите ввод
Вы ввели не число,повторите ввод
Вы ввели не число,повторите ввод
Вы ввели не число,повторите ввод
Вы ввели не число,повторите ввод
Вы ввели не число,повторите ввод
Вы ввели не число,повторите ввод
Вы ввели не число,повторите ввод
Вы ввели не число,повторите ввод
Вы ввели не число,повторите ввод
Вы ввели не число,повторите ввод
Вы ввели не число,повторите ввод
Вы ввели не число,повторите ввод
Вы ввели не число,повторите ввод
Вы ввели не число,повторите ввод
Вы ввели не число,повторите ввод
Вы ввели не число,повторите ввод
Вы ввели не число,повторите ввод
Вы ввели не число,повторите ввод
Вы ввели не число,повторите ввод
Вы ввели не число,повторите ввод
Вы ввели не число,повторите ввод
Вы ввели не число,повторите ввод
Вы ввели не число,повторите ввод
Вы ввели не число,повторите ввод
Вы ввели не число,повторите ввод
Вы ввели не число,повторите ввод
Вы ввели не число,повторите ввод
Вы ввели не число,повторите ввод
Вы ввели не число,повторите ввод
Вы ввели не число,повторите ввод
Вы ввели не число,повторите ввод
Вы ввели не число,повторите ввод
Вы ввели не число,повторите ввод
Вы ввели не число,повторите ввод
Вы ввели не число,повторите ввод
Вы ввели не число,повторите ввод
Вы ввели не число,повторите ввод
Вы ввели не число,повторите ввод
Вы ввели не число,повторите ввод
Вы ввели не число,повторите ввод
Вы ввели не число,повторите ввод
Вы ввели не число,повторите ввод
Вы ввели не число,повторите ввод
Вы ввели не число,повторите ввод
Вы ввели не число,повторите ввод
Вы ввели не число,повторите ввод
Вы ввели не число,повторите ввод
Вы ввели не число,повторите ввод
Вы ввели не число,повторите ввод
Вы ввели не число,повторите ввод
Вы ввели не число,повторите ввод
Вы ввели не число,повторите ввод
Вы ввели не число,повторите ввод
Вы ввели не число,повторите ввод
Вы ввели не число,повторите ввод
Вы ввели не число,повторите ввод
Вы ввели не число,повторите ввод
Вы ввели не число,повторите ввод
Вы ввели не число,повторите ввод
Вы ввели не число,повторите ввод
Вы ввели не число,повторите ввод
Вы ввели не число,повторите ввод
Вы ввели не число,повторите ввод
Вы ввели не число,повторите ввод
Вы ввели не число,повторите ввод
Вы ввели не число,повторите ввод
Вы ввели не число,повторите ввод
Вы ввели не число,повторите ввод
Вы ввели не число,повторите ввод
Вы ввели не число,повторите ввод
Вы ввели не число,повторите ввод
Вы ввели не число,повторите ввод
Вы ввели не число,повторите ввод
Вы ввели не число,повторите ввод
Вы ввели не число,повторите ввод
Вы ввели не число,повторите ввод
Вы ввели не число,повторите ввод
Вы ввели не число,повторите ввод
Вы ввели не число,повторите ввод
Вы ввели не число,повторите ввод
Вы ввели не число,повторите ввод
Вы ввели не число,повторите ввод
Вы ввели не число,повторите ввод
Вы ввели не число,повторите ввод
Вы ввели не число,повторите ввод
Вы ввели не число,повторите ввод
Вы ввели не число,повторите ввод
Вы ввели не число,повторите ввод
Вы ввели не число,повторите ввод
Вы ввели не число,повторите ввод
Вы ввели не число,повторите ввод
Вы ввели не число,повторите ввод
Вы ввели не число,повторите ввод
Вы ввели не число,повторите ввод
Вы ввели не число,повторите ввод
Вы ввели не число,повторите ввод
Вы ввели не число,повторите ввод
Вы ввели не число,повторите ввод
Вы ввели не число,повторите ввод
Вы ввели не число,повторите ввод
Вы ввели не число,повторите ввод
Вы ввели не число,повторите ввод
Вы ввели не число,повторите ввод
]]></system-out>
  </testcase>
  <testcase name="getOperationTest(String, String)[1]" classname="calculator.CalculationUtilsTest" time="0"/>
  <testcase name="getOperationTest(String, String)[2]" classname="calculator.CalculationUtilsTest" time="0.012"/>
  <testcase name="getOperationTest(String, String)[3]" classname="calculator.CalculationUtilsTest" time="0"/>
  <testcase name="getOperationTest(String, String)[4]" classname="calculator.CalculationUtilsTest" time="0"/>
  <testcase name="getWrongOperationTest(String)[1]" classname="calculator.CalculationUtilsTest" time="0">
    <system-out><![CDATA[Вы ввели неверный оператор
]]></system-out>
  </testcase>
  <testcase name="determineActionTest(double, String, double, double)[1]" classname="calculator.CalculationUtilsTest" time="0.008"/>
  <testcase name="determineActionTest(double, String, double, double)[2]" classname="calculator.CalculationUtilsTest" time="0"/>
  <testcase name="determineActionTest(double, String, double, double)[3]" classname="calculator.CalculationUtilsTest" time="0"/>
  <testcase name="determineActionTest(double, String, double, double)[4]" classname="calculator.CalculationUtilsTest" time="0"/>
</testsuite>